3659-      |             ^
3660-1 warning generated.
3661-[659/1037] Building CXX object libs/core/CMakeFiles/wxcore.dir/__/__/__/__/src/osx/carbon/dataobj.cpp.o
3662:FAILED: [code=1] libs/core/CMakeFiles/wxcore.dir/__/__/__/__/src/osx/carbon/dataobj.cpp.o 
3663-/usr/bin/c++ -DWXBUILDING -D_FILE_OFFSET_BITS=64 -D__WXOSX_IPHONE__ -DwxUSE_BASE=0 -DwxUSE_GUI=1 -I/Users/runner/work/Orca-iOS-ipa/Orca-iOS-ipa/wx/src/tiff/libtiff -I/Users/runner/work/Orca-iOS-ipa/Orca-iOS-ipa/wx/src/png -I/Users/runner/work/Orca-iOS-ipa/Orca-iOS-ipa/wx/src/jpeg -I/Users/runner/work/Orca-iOS-ipa/Orca-iOS-ipa/wx/build-ios/lib/wx/include/osx_iphone-unicode-static-3.3 -I/Users/runner/work/Orca-iOS-ipa/Orca-iOS-ipa/wx/include -I/Users/runner/work/Orca-iOS-ipa/Orca-iOS-ipa/wx/3rdparty/libwebp/src -g -arch arm64 -isysroot /Applications/Xcode_16.4.app/Contents/Developer/Platforms/iPhoneSimulator.platform/Developer/SDKs/iPhoneSimulator18.5.sdk -mios-simulator-version-min=17.0 -fPIC -fvisibility=hidden -fvisibility-inlines-hidden -Wall -Wundef -Wunused-parameter -Wno-shorten-64-to-32 -Wno-ignored-attributes -Wno-ctor-dtor-privacy -Woverloaded-virtual -MD -MT libs/core/CMakeFiles/wxcore.dir/__/__/__/__/src/osx/carbon/dataobj.cpp.o -MF libs/core/CMakeFiles/wxcore.dir/__/__/__/__/src/osx/carbon/dataobj.cpp.o.d -o libs/core/CMakeFiles/wxcore.dir/__/__/__/__/src/osx/carbon/dataobj.cpp.o -c /Users/runner/work/Orca-iOS-ipa/Orca-iOS-ipa/wx/src/osx/carbon/dataobj.cpp
3664-In file included from /Users/runner/work/Orca-iOS-ipa/Orca-iOS-ipa/wx/src/osx/carbon/dataobj.cpp:11:
3665-In file included from /Users/runner/work/Orca-iOS-ipa/Orca-iOS-ipa/wx/include/wx/wxprec.h:11:
3666-In file included from /Users/runner/work/Orca-iOS-ipa/Orca-iOS-ipa/wx/include/wx/defs.h:45:
3667-/Users/runner/work/Orca-iOS-ipa/Orca-iOS-ipa/wx/include/wx/platform.h:491:13: warning: '__MAC_OS_X_VERSION_MAX_ALLOWED' is not defined, evaluates to 0 [-Wundef]
3668-  491 | #        if __MAC_OS_X_VERSION_MAX_ALLOWED < MAC_OS_X_VERSION_10_13
3669-      |             ^
3670-In file included from /Users/runner/work/Orca-iOS-ipa/Orca-iOS-ipa/wx/src/osx/carbon/dataobj.cpp:32:
3671:/Users/runner/work/Orca-iOS-ipa/Orca-iOS-ipa/wx/include/wx/osx/private/datatransfer.h:86:21: error: unknown type name 'OSXPasteboard'
3672-   86 |     wxOSXPasteboard(OSXPasteboard native);
3673-      |                     ^
3674:/Users/runner/work/Orca-iOS-ipa/Orca-iOS-ipa/wx/include/wx/osx/private/datatransfer.h:109:5: error: unknown type name 'OSXPasteboard'
3675-  109 |     OSXPasteboard m_pasteboard;
3676-      |     ^
3677:/Users/runner/work/Orca-iOS-ipa/Orca-iOS-ipa/wx/src/osx/carbon/dataobj.cpp:104:17: error: use of undeclared identifier 'kUTTypeUTF16PlainText'
3678-  104 |             f = kUTTypeUTF16PlainText;
3679-      |                 ^
3680:/Users/runner/work/Orca-iOS-ipa/Orca-iOS-ipa/wx/src/osx/carbon/dataobj.cpp:111:17: error: use of undeclared identifier 'kUTTypeHTML'
3681-  111 |             f = kUTTypeHTML;
3682-      |                 ^
3683:/Users/runner/work/Orca-iOS-ipa/Orca-iOS-ipa/wx/src/osx/carbon/dataobj.cpp:115:17: error: use of undeclared identifier 'kUTTypeTIFF'
3684-  115 |             f = kUTTypeTIFF;
3685-      |                 ^
3686:/Users/runner/work/Orca-iOS-ipa/Orca-iOS-ipa/wx/src/osx/carbon/dataobj.cpp:119:17: error: use of undeclared identifier 'kUTTypePDF'
3687-  119 |             f = kUTTypePDF;
3688-      |                 ^
3689:/Users/runner/work/Orca-iOS-ipa/Orca-iOS-ipa/wx/src/osx/carbon/dataobj.cpp:123:17: error: use of undeclared identifier 'kUTTypeFileURL'
3690-  123 |             f = kUTTypeFileURL;
3691-      |                 ^
3692:/Users/runner/work/Orca-iOS-ipa/Orca-iOS-ipa/wx/src/osx/carbon/dataobj.cpp:166:49: error: use of undeclared identifier 'kUTTypeUTF8PlainText'
3693-  166 |                     CFArrayAppendValue(cfarray, kUTTypeUTF8PlainText);
3694-      |                                                 ^
3695:/Users/runner/work/Orca-iOS-ipa/Orca-iOS-ipa/wx/src/osx/carbon/dataobj.cpp:169:49: error: use of undeclared identifier 'kPasteboardTypeFileURLPromise'
3696-  169 |                     CFArrayAppendValue(cfarray, kPasteboardTypeFileURLPromise);
3697-      |                                                 ^
3698:/Users/runner/work/Orca-iOS-ipa/Orca-iOS-ipa/wx/src/osx/carbon/dataobj.cpp:190:49: error: use of undeclared identifier 'kUTTypeHTML'
3699-  190 |     if ( UTTypeConformsTo( (CFStringRef)format, kUTTypeHTML ) )
3700-      |                                                 ^
3701:/Users/runner/work/Orca-iOS-ipa/Orca-iOS-ipa/wx/src/osx/carbon/dataobj.cpp:194:50: error: use of undeclared identifier 'kUTTypeUTF16PlainText'
3702-  194 |     if (  UTTypeConformsTo( (CFStringRef)format, kUTTypeUTF16PlainText ) )
3703-      |                                                  ^
3704:/Users/runner/work/Orca-iOS-ipa/Orca-iOS-ipa/wx/src/osx/carbon/dataobj.cpp:198:54: error: use of undeclared identifier 'kUTTypeUTF16ExternalPlainText'
3705-  198 |     else if (  UTTypeConformsTo( (CFStringRef)format,kUTTypeUTF16ExternalPlainText ) )
3706-      |                                                      ^
3707:/Users/runner/work/Orca-iOS-ipa/Orca-iOS-ipa/wx/src/osx/carbon/dataobj.cpp:202:54: error: use of undeclared identifier 'kUTTypeUTF8PlainText'
3708-  202 |     else if (  UTTypeConformsTo( (CFStringRef)format,kUTTypeUTF8PlainText ) )
3709-      |                                                      ^
3710:/Users/runner/work/Orca-iOS-ipa/Orca-iOS-ipa/wx/src/osx/carbon/dataobj.cpp:206:54: error: use of undeclared identifier 'kUTTypePlainText'
3711-  206 |     else if ( UTTypeConformsTo( (CFStringRef)format, kUTTypePlainText ) )
3712-      |                                                      ^
3713:/Users/runner/work/Orca-iOS-ipa/Orca-iOS-ipa/wx/src/osx/carbon/dataobj.cpp:210:55: error: use of undeclared identifier 'kUTTypeImage'
3714-  210 |     else if (  UTTypeConformsTo( (CFStringRef)format, kUTTypeImage ) )
3715-      |                                                       ^
3716:/Users/runner/work/Orca-iOS-ipa/Orca-iOS-ipa/wx/src/osx/carbon/dataobj.cpp:214:55: error: use of undeclared identifier 'kUTTypePDF'
3717-  214 |     else if (  UTTypeConformsTo( (CFStringRef)format, kUTTypePDF ) )
3718-      |                                                       ^
3719:/Users/runner/work/Orca-iOS-ipa/Orca-iOS-ipa/wx/src/osx/carbon/dataobj.cpp:218:55: error: use of undeclared identifier 'kUTTypeFileURL'
3720-  218 |     else if (  UTTypeConformsTo( (CFStringRef)format, kUTTypeFileURL ) ||
3721-      |                                                       ^
3722:/Users/runner/work/Orca-iOS-ipa/Orca-iOS-ipa/wx/src/osx/carbon/dataobj.cpp:219:53: error: use of undeclared identifier 'kPasteboardTypeFileURLPromise'
3723-  219 |              UTTypeConformsTo( (CFStringRef)format, kPasteboardTypeFileURLPromise))
3724-      |                                                     ^
3725:/Users/runner/work/Orca-iOS-ipa/Orca-iOS-ipa/wx/src/osx/carbon/dataobj.cpp:260:18: error: use of undeclared identifier 'UTTypeConformsTo'
3726-  260 |         return ( UTTypeConformsTo( m_format , (CFStringRef) format.m_format ) );
3727-      |                  ^
3728:fatal error: too many errors emitted, stopping now [-ferror-limit=]
3729-1 warning and 20 errors generated.
3730-[660/1037] Building CXX object libs/core/CMakeFiles/wxcore.dir/__/__/__/__/src/osx/carbon/dcclient.cpp.o
3731-In file included from /Users/runner/work/Orca-iOS-ipa/Orca-iOS-ipa/wx/src/osx/carbon/dcclient.cpp:10:
3732-In file included from /Users/runner/work/Orca-iOS-ipa/Orca-iOS-ipa/wx/include/wx/wxprec.h:11:
3733-In file included from /Users/runner/work/Orca-iOS-ipa/Orca-iOS-ipa/wx/include/wx/defs.h:45:
3734-/Users/runner/work/Orca-iOS-ipa/Orca-iOS-ipa/wx/include/wx/platform.h:491:13: warning: '__MAC_OS_X_VERSION_MAX_ALLOWED' is not defined, evaluates to 0 [-Wundef]
3735-  491 | #        if __MAC_OS_X_VERSION_MAX_ALLOWED < MAC_OS_X_VERSION_10_13
3736-      |             ^
3737-1 warning generated.
3738-[661/1037] Building CXX object libs/core/CMakeFiles/wxcore.dir/__/__/__/__/src/osx/carbon/dcscreen.cpp.o
3739-In file included from /Users/runner/work/Orca-iOS-ipa/Orca-iOS-ipa/wx/src/osx/carbon/dcscreen.cpp:10:
3740-In file included from /Users/runner/work/Orca-iOS-ipa/Orca-iOS-ipa/wx/include/wx/wxprec.h:11:
3741-In file included from /Users/runner/work/Orca-iOS-ipa/Orca-iOS-ipa/wx/include/wx/defs.h:45:
3742-/Users/runner/work/Orca-iOS-ipa/Orca-iOS-ipa/wx/include/wx/platform.h:491:13: warning: '__MAC_OS_X_VERSION_MAX_ALLOWED' is not defined, evaluates to 0 [-Wundef]
3743-  491 | #        if __MAC_OS_X_VERSION_MAX_ALLOWED < MAC_OS_X_VERSION_10_13
3744-      |             ^
3745-1 warning generated.
3746-[662/1037] Building CXX object libs/core/CMakeFiles/wxcore.dir/__/__/__/__/src/osx/carbon/graphics.cpp.o
3747-In file included from /Users/runner/work/Orca-iOS-ipa/Orca-iOS-ipa/wx/src/osx/carbon/graphics.cpp:10:
3748-In file included from /Users/runner/work/Orca-iOS-ipa/Orca-iOS-ipa/wx/include/wx/wxprec.h:11:
3749-In file included from /Users/runner/work/Orca-iOS-ipa/Orca-iOS-ipa/wx/include/wx/defs.h:45:
3750-/Users/runner/work/Orca-iOS-ipa/Orca-iOS-ipa/wx/include/wx/platform.h:491:13: warning: '__MAC_OS_X_VERSION_MAX_ALLOWED' is not defined, evaluates to 0 [-Wundef]
3751-  491 | #        if __MAC_OS_X_VERSION_MAX_ALLOWED < MAC_OS_X_VERSION_10_13
3752-      |             ^
3753-/Users/runner/work/Orca-iOS-ipa/Orca-iOS-ipa/wx/src/osx/carbon/graphics.cpp:2118:5: warning: '__MAC_OS_X_VERSION_MAX_ALLOWED' is not defined, evaluates to 0 [-Wundef]
3754- 2118 | #if __MAC_OS_X_VERSION_MAX_ALLOWED >= MAC_OS_X_VERSION_10_13
3755-      |     ^
3756-2 warnings generated.
3757-[663/1037] Building CXX object libs/core/CMakeFiles/wxcore.dir/__/__/__/__/src/osx/carbon/font.cpp.o
3758-In file included from /Users/runner/work/Orca-iOS-ipa/Orca-iOS-ipa/wx/src/osx/carbon/font.cpp:10:
3759-In file included from /Users/runner/work/Orca-iOS-ipa/Orca-iOS-ipa/wx/include/wx/wxprec.h:11:
3760-In file included from /Users/runner/work/Orca-iOS-ipa/Orca-iOS-ipa/wx/include/wx/defs.h:45:
3761-/Users/runner/work/Orca-iOS-ipa/Orca-iOS-ipa/wx/include/wx/platform.h:491:13: warning: '__MAC_OS_X_VERSION_MAX_ALLOWED' is not defined, evaluates to 0 [-Wundef]
3762-  491 | #        if __MAC_OS_X_VERSION_MAX_ALLOWED < MAC_OS_X_VERSION_10_13
3763-      |             ^
3764-1 warning generated.
3765-ninja: build stopped: subcommand failed.
