1713-[297/653] Building CXX object deps_src/libnest2d/CMakeFiles/libnest2d.dir/src/libnest2d.cpp.o
1714-[298/653] Building CXX object src/slic3r/CMakeFiles/libslic3r_gui.dir/cmake_pch.hxx.pch
1715-[299/653] Building CXX object src/slic3r/CMakeFiles/libslic3r_gui.dir/Config/Snapshot.cpp.o
1716:FAILED: [code=1] src/slic3r/CMakeFiles/libslic3r_gui.dir/Config/Snapshot.cpp.o 
1717-/usr/bin/c++ -DBBL_RELEASE_TO_PUBLIC=1 -DBOOST_NO_CXX98_FUNCTION_BASE -DGIT_COMMIT_HASH=\"395e070a0e\" -DLIBNEST2D_GEOMETRIES_libslic3r -DLIBNEST2D_OPTIMIZER_nlopt -DLIBNEST2D_STATIC -DLIBNEST2D_THREADING_tbb -DNDEBUG -DSLIC3R_CURRENTLY_COMPILING_GUI_MODULE -DSLIC3R_DESKTOP_INTEGRATION -DSLIC3R_GUI -DTBB_USE_CAPTURED_EXCEPTION=0 -DUNICODE -DUSE_TBB -DWXINTL_NO_GETTEXT_MACRO -D_FILE_OFFSET_BITS=64 -D_HAS_AUTO_PTR_ETC=0 -D_UNICODE -D__WXOSX_IPHONE__ -DwxDEBUG_LEVEL=0 -DwxNO_UNSAFE_WXSTRING_CONV -DwxUSE_UNICODE -I/Users/runner/work/Orca-iOS-ipa/Orca-iOS-ipa/orca/src/slic3r/Utils -I/Users/runner/work/Orca-iOS-ipa/Orca-iOS-ipa/orca/build/src/slic3r -I/Users/runner/work/Orca-iOS-ipa/Orca-iOS-ipa/orca/build/src/libslic3r -I/Users/runner/work/Orca-iOS-ipa/Orca-iOS-ipa/orca/src/libvgcode/glad/include -I/Users/runner/work/Orca-iOS-ipa/Orca-iOS-ipa/orca/src/glad/include -isystem /Users/runner/work/Orca-iOS-ipa/Orca-iOS-ipa/orca/src -isystem /Users/runner/work/Orca-iOS-ipa/Orca-iOS-ipa/orca/build/src/dev-utils/platform -isystem /Users/runner/work/Orca-iOS-ipa/Orca-iOS-ipa/orca/src/libigl -isystem /Users/runner/work/Orca-iOS-ipa/Orca-iOS-ipa/ios-prefix/usr/local/include/opencascade -isystem /Users/runner/work/Orca-iOS-ipa/Orca-iOS-ipa/ios-prefix/usr/local/include/eigen3 -isystem /Users/runner/work/Orca-iOS-ipa/Orca-iOS-ipa/orca/deps_src/admesh -isystem /Users/runner/work/Orca-iOS-ipa/Orca-iOS-ipa/orca/deps_src/admesh/.. -isystem /Users/runner/work/Orca-iOS-ipa/Orca-iOS-ipa/orca/deps_src/libigl -isystem /Users/runner/work/Orca-iOS-ipa/Orca-iOS-ipa/orca/deps_src/libnest2d/include -isystem /Users/runner/work/Orca-iOS-ipa/Orca-iOS-ipa/ios-prefix/usr/local/include -isystem /Users/runner/work/Orca-iOS-ipa/Orca-iOS-ipa/orca/deps_src/miniz -isystem /Users/runner/work/Orca-iOS-ipa/Orca-iOS-ipa/ios-prefix/usr/local/include/opencv4 -isystem /Users/runner/work/Orca-iOS-ipa/Orca-iOS-ipa/orca/deps_src/imgui -isystem /Users/runner/work/Orca-iOS-ipa/Orca-iOS-ipa/orca/deps_src/imguizmo -isystem /Users/runner/work/Orca-iOS-ipa/Orca-iOS-ipa/orca/deps_src/minilzo -isystem /Users/runner/work/Orca-iOS-ipa/Orca-iOS-ipa/orca/deps_src/hidapi/include -isystem /Users/runner/work/Orca-iOS-ipa/Orca-iOS-ipa/orca/deps_src/mdns -isystem /Users/runner/work/Orca-iOS-ipa/Orca-iOS-ipa/wx-prefix/lib/wx/include/osx_iphone-unicode-static-3.3 -isystem /Users/runner/work/Orca-iOS-ipa/Orca-iOS-ipa/wx-prefix/include/wx-3.3 -Wall -Wno-reorder -Werror=partial-availability -Werror=unguarded-availability -Werror=unguarded-availability-new -O3 -DNDEBUG -std=gnu++17 -arch arm64 -isysroot /Applications/Xcode_16.4.app/Contents/Developer/Platforms/iPhoneSimulator.platform/Developer/SDKs/iPhoneSimulator18.5.sdk -mios-simulator-version-min=17.0 -fPIC -fsigned-char -Werror=return-type -Wno-unused-function -Wno-unused-variable -Wno-unused-but-set-variable -Wno-unused-label -Wno-unused-local-typedefs -Wno-sign-compare -Wno-misleading-indentation -Wno-switch -Wno-ignored-attributes -Wno-deprecated-declarations -Wno-error=enum-constexpr-conversion -Winvalid-pch -Xclang -include-pch -Xclang /Users/runner/work/Orca-iOS-ipa/Orca-iOS-ipa/orca/build/src/slic3r/CMakeFiles/libslic3r_gui.dir/cmake_pch.hxx.pch -Xclang -include -Xclang /Users/runner/work/Orca-iOS-ipa/Orca-iOS-ipa/orca/build/src/slic3r/CMakeFiles/libslic3r_gui.dir/cmake_pch.hxx -MD -MT src/slic3r/CMakeFiles/libslic3r_gui.dir/Config/Snapshot.cpp.o -MF src/slic3r/CMakeFiles/libslic3r_gui.dir/Config/Snapshot.cpp.o.d -o src/slic3r/CMakeFiles/libslic3r_gui.dir/Config/Snapshot.cpp.o -c /Users/runner/work/Orca-iOS-ipa/Orca-iOS-ipa/orca/src/slic3r/Config/Snapshot.cpp
1718-In file included from /Users/runner/work/Orca-iOS-ipa/Orca-iOS-ipa/orca/src/slic3r/Config/Snapshot.cpp:24:
1719-In file included from /Users/runner/work/Orca-iOS-ipa/Orca-iOS-ipa/orca/src/slic3r/Config/../GUI/GUI_App.hpp:18:
1720-In file included from /Users/runner/work/Orca-iOS-ipa/Orca-iOS-ipa/orca/src/slic3r/GUI/BindDialog.hpp:20:
1721:/Users/runner/work/Orca-iOS-ipa/Orca-iOS-ipa/orca/src/slic3r/GUI/wxExtensions.hpp:94:64: error: expected class name
1722-   94 | class wxCheckListBoxComboPopup : public wxCheckListBox, public wxComboPopup
1723-      |                                                                ^
1724:/Users/runner/work/Orca-iOS-ipa/Orca-iOS-ipa/orca/src/slic3r/GUI/wxExtensions.hpp:132:71: error: expected class name
1725-  132 | class wxDataViewTreeCtrlComboPopup: public wxDataViewTreeCtrl, public wxComboPopup
1726-      |                                                                       ^
1727-In file included from /Users/runner/work/Orca-iOS-ipa/Orca-iOS-ipa/orca/src/slic3r/Config/Snapshot.cpp:24:
1728-In file included from /Users/runner/work/Orca-iOS-ipa/Orca-iOS-ipa/orca/src/slic3r/Config/../GUI/GUI_App.hpp:18:
1729-In file included from /Users/runner/work/Orca-iOS-ipa/Orca-iOS-ipa/orca/src/slic3r/GUI/BindDialog.hpp:32:
1730:/Users/runner/work/Orca-iOS-ipa/Orca-iOS-ipa/orca/src/slic3r/GUI/Widgets/TextInput.hpp:75:48: error: only virtual member functions can be marked 'override'
1731-   75 |     void DoSetToolTipText(wxString const &tip) override;
1732-      |                                                ^
1733-In file included from /Users/runner/work/Orca-iOS-ipa/Orca-iOS-ipa/orca/src/slic3r/Config/Snapshot.cpp:26:
1734-In file included from /Users/runner/work/Orca-iOS-ipa/Orca-iOS-ipa/orca/src/slic3r/Config/../GUI/MainFrame.hpp:21:
1735-In file included from /Users/runner/work/Orca-iOS-ipa/Orca-iOS-ipa/orca/src/slic3r/Config/../GUI/Monitor.hpp:4:
1736-/Users/runner/work/Orca-iOS-ipa/Orca-iOS-ipa/orca/src/slic3r/Config/../GUI/Tabbook.hpp:143:10: warning: 'Tabbook::AddPage' hides overloaded virtual function [-Woverloaded-virtual]
1737-  143 |     bool AddPage(wxWindow* page,
1738-      |          ^
1739-/Users/runner/work/Orca-iOS-ipa/Orca-iOS-ipa/wx-prefix/include/wx-3.3/wx/bookctrl.h:177:18: note: hidden overloaded virtual function 'wxBookCtrlBase::AddPage' declared here: type mismatch at 3rd parameter ('bool' vs 'const std::string &' (aka 'const basic_string<char> &'))
1740-  177 |     virtual bool AddPage(wxWindow *page,
1741-      |                  ^
1742-In file included from /Users/runner/work/Orca-iOS-ipa/Orca-iOS-ipa/orca/src/slic3r/Config/Snapshot.cpp:26:
1743-In file included from /Users/runner/work/Orca-iOS-ipa/Orca-iOS-ipa/orca/src/slic3r/Config/../GUI/MainFrame.hpp:21:
1744-In file included from /Users/runner/work/Orca-iOS-ipa/Orca-iOS-ipa/orca/src/slic3r/Config/../GUI/Monitor.hpp:4:
1745-/Users/runner/work/Orca-iOS-ipa/Orca-iOS-ipa/orca/src/slic3r/Config/../GUI/Tabbook.hpp:187:10: warning: 'RemovePage' overrides a member function but is not marked 'override' [-Winconsistent-missing-override]
1746-  187 |     bool RemovePage(size_t n)
1747-      |          ^
1748-/Users/runner/work/Orca-iOS-ipa/Orca-iOS-ipa/wx-prefix/include/wx-3.3/wx/bookctrl.h:161:18: note: overridden virtual function is here
1749-  161 |     virtual bool RemovePage(size_t n)
1750-      |                  ^
1751-In file included from /Users/runner/work/Orca-iOS-ipa/Orca-iOS-ipa/orca/src/slic3r/Config/Snapshot.cpp:26:
1752-In file included from /Users/runner/work/Orca-iOS-ipa/Orca-iOS-ipa/orca/src/slic3r/Config/../GUI/MainFrame.hpp:21:
1753-In file included from /Users/runner/work/Orca-iOS-ipa/Orca-iOS-ipa/orca/src/slic3r/Config/../GUI/Monitor.hpp:45:
1754-In file included from /Users/runner/work/Orca-iOS-ipa/Orca-iOS-ipa/orca/src/slic3r/GUI/MonitorBasePanel.h:37:
1755:/Users/runner/work/Orca-iOS-ipa/Orca-iOS-ipa/orca/src/slic3r/GUI/wxMediaCtrl2.h:12:10: fatal error: 'wx/mediactrl.h' file not found
1756-   12 | #include "wx/mediactrl.h"
1757-      |          ^~~~~~~~~~~~~~~~
1758-2 warnings and 4 errors generated.
1759-[300/653] Building CXX object src/slic3r/CMakeFiles/libslic3r_gui.dir/GUI/Widgets/AnimaController.cpp.o
1760:FAILED: [code=1] src/slic3r/CMakeFiles/libslic3r_gui.dir/GUI/Widgets/AnimaController.cpp.o 
1761-/usr/bin/c++ -DBBL_RELEASE_TO_PUBLIC=1 -DBOOST_NO_CXX98_FUNCTION_BASE -DGIT_COMMIT_HASH=\"395e070a0e\" -DLIBNEST2D_GEOMETRIES_libslic3r -DLIBNEST2D_OPTIMIZER_nlopt -DLIBNEST2D_STATIC -DLIBNEST2D_THREADING_tbb -DNDEBUG -DSLIC3R_CURRENTLY_COMPILING_GUI_MODULE -DSLIC3R_DESKTOP_INTEGRATION -DSLIC3R_GUI -DTBB_USE_CAPTURED_EXCEPTION=0 -DUNICODE -DUSE_TBB -DWXINTL_NO_GETTEXT_MACRO -D_FILE_OFFSET_BITS=64 -D_HAS_AUTO_PTR_ETC=0 -D_UNICODE -D__WXOSX_IPHONE__ -DwxDEBUG_LEVEL=0 -DwxNO_UNSAFE_WXSTRING_CONV -DwxUSE_UNICODE -I/Users/runner/work/Orca-iOS-ipa/Orca-iOS-ipa/orca/src/slic3r/Utils -I/Users/runner/work/Orca-iOS-ipa/Orca-iOS-ipa/orca/build/src/slic3r -I/Users/runner/work/Orca-iOS-ipa/Orca-iOS-ipa/orca/build/src/libslic3r -I/Users/runner/work/Orca-iOS-ipa/Orca-iOS-ipa/orca/src/libvgcode/glad/include -I/Users/runner/work/Orca-iOS-ipa/Orca-iOS-ipa/orca/src/glad/include -isystem /Users/runner/work/Orca-iOS-ipa/Orca-iOS-ipa/orca/src -isystem /Users/runner/work/Orca-iOS-ipa/Orca-iOS-ipa/orca/build/src/dev-utils/platform -isystem /Users/runner/work/Orca-iOS-ipa/Orca-iOS-ipa/orca/src/libigl -isystem /Users/runner/work/Orca-iOS-ipa/Orca-iOS-ipa/ios-prefix/usr/local/include/opencascade -isystem /Users/runner/work/Orca-iOS-ipa/Orca-iOS-ipa/ios-prefix/usr/local/include/eigen3 -isystem /Users/runner/work/Orca-iOS-ipa/Orca-iOS-ipa/orca/deps_src/admesh -isystem /Users/runner/work/Orca-iOS-ipa/Orca-iOS-ipa/orca/deps_src/admesh/.. -isystem /Users/runner/work/Orca-iOS-ipa/Orca-iOS-ipa/orca/deps_src/libigl -isystem /Users/runner/work/Orca-iOS-ipa/Orca-iOS-ipa/orca/deps_src/libnest2d/include -isystem /Users/runner/work/Orca-iOS-ipa/Orca-iOS-ipa/ios-prefix/usr/local/include -isystem /Users/runner/work/Orca-iOS-ipa/Orca-iOS-ipa/orca/deps_src/miniz -isystem /Users/runner/work/Orca-iOS-ipa/Orca-iOS-ipa/ios-prefix/usr/local/include/opencv4 -isystem /Users/runner/work/Orca-iOS-ipa/Orca-iOS-ipa/orca/deps_src/imgui -isystem /Users/runner/work/Orca-iOS-ipa/Orca-iOS-ipa/orca/deps_src/imguizmo -isystem /Users/runner/work/Orca-iOS-ipa/Orca-iOS-ipa/orca/deps_src/minilzo -isystem /Users/runner/work/Orca-iOS-ipa/Orca-iOS-ipa/orca/deps_src/hidapi/include -isystem /Users/runner/work/Orca-iOS-ipa/Orca-iOS-ipa/orca/deps_src/mdns -isystem /Users/runner/work/Orca-iOS-ipa/Orca-iOS-ipa/wx-prefix/lib/wx/include/osx_iphone-unicode-static-3.3 -isystem /Users/runner/work/Orca-iOS-ipa/Orca-iOS-ipa/wx-prefix/include/wx-3.3 -Wall -Wno-reorder -Werror=partial-availability -Werror=unguarded-availability -Werror=unguarded-availability-new -O3 -DNDEBUG -std=gnu++17 -arch arm64 -isysroot /Applications/Xcode_16.4.app/Contents/Developer/Platforms/iPhoneSimulator.platform/Developer/SDKs/iPhoneSimulator18.5.sdk -mios-simulator-version-min=17.0 -fPIC -fsigned-char -Werror=return-type -Wno-unused-function -Wno-unused-variable -Wno-unused-but-set-variable -Wno-unused-label -Wno-unused-local-typedefs -Wno-sign-compare -Wno-misleading-indentation -Wno-switch -Wno-ignored-attributes -Wno-deprecated-declarations -Wno-error=enum-constexpr-conversion -Winvalid-pch -Xclang -include-pch -Xclang /Users/runner/work/Orca-iOS-ipa/Orca-iOS-ipa/orca/build/src/slic3r/CMakeFiles/libslic3r_gui.dir/cmake_pch.hxx.pch -Xclang -include -Xclang /Users/runner/work/Orca-iOS-ipa/Orca-iOS-ipa/orca/build/src/slic3r/CMakeFiles/libslic3r_gui.dir/cmake_pch.hxx -MD -MT src/slic3r/CMakeFiles/libslic3r_gui.dir/GUI/Widgets/AnimaController.cpp.o -MF src/slic3r/CMakeFiles/libslic3r_gui.dir/GUI/Widgets/AnimaController.cpp.o.d -o src/slic3r/CMakeFiles/libslic3r_gui.dir/GUI/Widgets/AnimaController.cpp.o -c /Users/runner/work/Orca-iOS-ipa/Orca-iOS-ipa/orca/src/slic3r/GUI/Widgets/AnimaController.cpp
1762-In file included from /Users/runner/work/Orca-iOS-ipa/Orca-iOS-ipa/orca/src/slic3r/GUI/Widgets/AnimaController.cpp:1:
1763-In file included from /Users/runner/work/Orca-iOS-ipa/Orca-iOS-ipa/orca/src/slic3r/GUI/Widgets/AnimaController.hpp:4:
1764:/Users/runner/work/Orca-iOS-ipa/Orca-iOS-ipa/orca/src/slic3r/GUI/Widgets/../wxExtensions.hpp:94:64: error: expected class name
1765-   94 | class wxCheckListBoxComboPopup : public wxCheckListBox, public wxComboPopup
1766-      |                                                                ^
1767:/Users/runner/work/Orca-iOS-ipa/Orca-iOS-ipa/orca/src/slic3r/GUI/Widgets/../wxExtensions.hpp:132:71: error: expected class name
1768-  132 | class wxDataViewTreeCtrlComboPopup: public wxDataViewTreeCtrl, public wxComboPopup
1769-      |                                                                       ^
1770-In file included from /Users/runner/work/Orca-iOS-ipa/Orca-iOS-ipa/orca/src/slic3r/GUI/Widgets/AnimaController.cpp:1:
1771-/Users/runner/work/Orca-iOS-ipa/Orca-iOS-ipa/orca/src/slic3r/GUI/Widgets/AnimaController.hpp:16:10: warning: 'AnimaIcon::Enable' hides overloaded virtual function [-Woverloaded-virtual]
1772-   16 |     void Enable();
1773-      |          ^
1774-/Users/runner/work/Orca-iOS-ipa/Orca-iOS-ipa/wx-prefix/include/wx-3.3/wx/window.h:646:18: note: hidden overloaded virtual function 'wxWindowBase::Enable' declared here: different number of parameters (1 vs 0)
1775-  646 |     virtual bool Enable( bool enable = true );
1776-      |                  ^
1777-1 warning and 2 errors generated.
1778-[301/653] Building CXX object src/slic3r/CMakeFiles/libslic3r_gui.dir/Config/Version.cpp.o
1779-[302/653] Building CXX object src/slic3r/CMakeFiles/libslic3r_gui.dir/GUI/2DBed.cpp.o
1780:FAILED: [code=1] src/slic3r/CMakeFiles/libslic3r_gui.dir/GUI/2DBed.cpp.o 
1781-/usr/bin/c++ -DBBL_RELEASE_TO_PUBLIC=1 -DBOOST_NO_CXX98_FUNCTION_BASE -DGIT_COMMIT_HASH=\"395e070a0e\" -DLIBNEST2D_GEOMETRIES_libslic3r -DLIBNEST2D_OPTIMIZER_nlopt -DLIBNEST2D_STATIC -DLIBNEST2D_THREADING_tbb -DNDEBUG -DSLIC3R_CURRENTLY_COMPILING_GUI_MODULE -DSLIC3R_DESKTOP_INTEGRATION -DSLIC3R_GUI -DTBB_USE_CAPTURED_EXCEPTION=0 -DUNICODE -DUSE_TBB -DWXINTL_NO_GETTEXT_MACRO -D_FILE_OFFSET_BITS=64 -D_HAS_AUTO_PTR_ETC=0 -D_UNICODE -D__WXOSX_IPHONE__ -DwxDEBUG_LEVEL=0 -DwxNO_UNSAFE_WXSTRING_CONV -DwxUSE_UNICODE -I/Users/runner/work/Orca-iOS-ipa/Orca-iOS-ipa/orca/src/slic3r/Utils -I/Users/runner/work/Orca-iOS-ipa/Orca-iOS-ipa/orca/build/src/slic3r -I/Users/runner/work/Orca-iOS-ipa/Orca-iOS-ipa/orca/build/src/libslic3r -I/Users/runner/work/Orca-iOS-ipa/Orca-iOS-ipa/orca/src/libvgcode/glad/include -I/Users/runner/work/Orca-iOS-ipa/Orca-iOS-ipa/orca/src/glad/include -isystem /Users/runner/work/Orca-iOS-ipa/Orca-iOS-ipa/orca/src -isystem /Users/runner/work/Orca-iOS-ipa/Orca-iOS-ipa/orca/build/src/dev-utils/platform -isystem /Users/runner/work/Orca-iOS-ipa/Orca-iOS-ipa/orca/src/libigl -isystem /Users/runner/work/Orca-iOS-ipa/Orca-iOS-ipa/ios-prefix/usr/local/include/opencascade -isystem /Users/runner/work/Orca-iOS-ipa/Orca-iOS-ipa/ios-prefix/usr/local/include/eigen3 -isystem /Users/runner/work/Orca-iOS-ipa/Orca-iOS-ipa/orca/deps_src/admesh -isystem /Users/runner/work/Orca-iOS-ipa/Orca-iOS-ipa/orca/deps_src/admesh/.. -isystem /Users/runner/work/Orca-iOS-ipa/Orca-iOS-ipa/orca/deps_src/libigl -isystem /Users/runner/work/Orca-iOS-ipa/Orca-iOS-ipa/orca/deps_src/libnest2d/include -isystem /Users/runner/work/Orca-iOS-ipa/Orca-iOS-ipa/ios-prefix/usr/local/include -isystem /Users/runner/work/Orca-iOS-ipa/Orca-iOS-ipa/orca/deps_src/miniz -isystem /Users/runner/work/Orca-iOS-ipa/Orca-iOS-ipa/ios-prefix/usr/local/include/opencv4 -isystem /Users/runner/work/Orca-iOS-ipa/Orca-iOS-ipa/orca/deps_src/imgui -isystem /Users/runner/work/Orca-iOS-ipa/Orca-iOS-ipa/orca/deps_src/imguizmo -isystem /Users/runner/work/Orca-iOS-ipa/Orca-iOS-ipa/orca/deps_src/minilzo -isystem /Users/runner/work/Orca-iOS-ipa/Orca-iOS-ipa/orca/deps_src/hidapi/include -isystem /Users/runner/work/Orca-iOS-ipa/Orca-iOS-ipa/orca/deps_src/mdns -isystem /Users/runner/work/Orca-iOS-ipa/Orca-iOS-ipa/wx-prefix/lib/wx/include/osx_iphone-unicode-static-3.3 -isystem /Users/runner/work/Orca-iOS-ipa/Orca-iOS-ipa/wx-prefix/include/wx-3.3 -Wall -Wno-reorder -Werror=partial-availability -Werror=unguarded-availability -Werror=unguarded-availability-new -O3 -DNDEBUG -std=gnu++17 -arch arm64 -isysroot /Applications/Xcode_16.4.app/Contents/Developer/Platforms/iPhoneSimulator.platform/Developer/SDKs/iPhoneSimulator18.5.sdk -mios-simulator-version-min=17.0 -fPIC -fsigned-char -Werror=return-type -Wno-unused-function -Wno-unused-variable -Wno-unused-but-set-variable -Wno-unused-label -Wno-unused-local-typedefs -Wno-sign-compare -Wno-misleading-indentation -Wno-switch -Wno-ignored-attributes -Wno-deprecated-declarations -Wno-error=enum-constexpr-conversion -Winvalid-pch -Xclang -include-pch -Xclang /Users/runner/work/Orca-iOS-ipa/Orca-iOS-ipa/orca/build/src/slic3r/CMakeFiles/libslic3r_gui.dir/cmake_pch.hxx.pch -Xclang -include -Xclang /Users/runner/work/Orca-iOS-ipa/Orca-iOS-ipa/orca/build/src/slic3r/CMakeFiles/libslic3r_gui.dir/cmake_pch.hxx -MD -MT src/slic3r/CMakeFiles/libslic3r_gui.dir/GUI/2DBed.cpp.o -MF src/slic3r/CMakeFiles/libslic3r_gui.dir/GUI/2DBed.cpp.o.d -o src/slic3r/CMakeFiles/libslic3r_gui.dir/GUI/2DBed.cpp.o -c /Users/runner/work/Orca-iOS-ipa/Orca-iOS-ipa/orca/src/slic3r/GUI/2DBed.cpp
1782-In file included from /Users/runner/work/Orca-iOS-ipa/Orca-iOS-ipa/orca/src/slic3r/GUI/2DBed.cpp:2:
1783-In file included from /Users/runner/work/Orca-iOS-ipa/Orca-iOS-ipa/orca/src/slic3r/GUI/GUI_App.hpp:18:
1784-In file included from /Users/runner/work/Orca-iOS-ipa/Orca-iOS-ipa/orca/src/slic3r/GUI/BindDialog.hpp:20:
1785:/Users/runner/work/Orca-iOS-ipa/Orca-iOS-ipa/orca/src/slic3r/GUI/wxExtensions.hpp:94:64: error: expected class name
1786-   94 | class wxCheckListBoxComboPopup : public wxCheckListBox, public wxComboPopup
1787-      |                                                                ^
1788:/Users/runner/work/Orca-iOS-ipa/Orca-iOS-ipa/orca/src/slic3r/GUI/wxExtensions.hpp:132:71: error: expected class name
1789-  132 | class wxDataViewTreeCtrlComboPopup: public wxDataViewTreeCtrl, public wxComboPopup
1790-      |                                                                       ^
1791-In file included from /Users/runner/work/Orca-iOS-ipa/Orca-iOS-ipa/orca/src/slic3r/GUI/2DBed.cpp:2:
1792-In file included from /Users/runner/work/Orca-iOS-ipa/Orca-iOS-ipa/orca/src/slic3r/GUI/GUI_App.hpp:18:
1793-In file included from /Users/runner/work/Orca-iOS-ipa/Orca-iOS-ipa/orca/src/slic3r/GUI/BindDialog.hpp:32:
1794:/Users/runner/work/Orca-iOS-ipa/Orca-iOS-ipa/orca/src/slic3r/GUI/Widgets/TextInput.hpp:75:48: error: only virtual member functions can be marked 'override'
1795-   75 |     void DoSetToolTipText(wxString const &tip) override;
1796-      |                                                ^
1797-In file included from /Users/runner/work/Orca-iOS-ipa/Orca-iOS-ipa/orca/src/slic3r/GUI/2DBed.cpp:5:
1798-In file included from /Users/runner/work/Orca-iOS-ipa/Orca-iOS-ipa/orca/src/slic3r/GUI/PartPlate.hpp:15:
1799-In file included from /Users/runner/work/Orca-iOS-ipa/Orca-iOS-ipa/orca/src/slic3r/GUI/Plater.hpp:20:
1800-In file included from /Users/runner/work/Orca-iOS-ipa/Orca-iOS-ipa/orca/src/slic3r/GUI/Search.hpp:22:
1801-/Users/runner/work/Orca-iOS-ipa/Orca-iOS-ipa/orca/src/slic3r/GUI/Widgets/ScrolledWindow.hpp:18:10: warning: 'ScrolledWindow::Refresh' hides overloaded virtual function [-Woverloaded-virtual]
1802-   18 |     void Refresh();
1803-      |          ^
1804-/Users/runner/work/Orca-iOS-ipa/Orca-iOS-ipa/wx-prefix/include/wx-3.3/wx/osx/window.h:79:18: note: hidden overloaded virtual function 'wxWindow::Refresh' declared here: different number of parameters (2 vs 0)
1805-   79 |     virtual void Refresh( bool eraseBackground = true,
1806-      |                  ^
1807-In file included from /Users/runner/work/Orca-iOS-ipa/Orca-iOS-ipa/orca/src/slic3r/GUI/2DBed.cpp:5:
1808-In file included from /Users/runner/work/Orca-iOS-ipa/Orca-iOS-ipa/orca/src/slic3r/GUI/PartPlate.hpp:15:
1809-In file included from /Users/runner/work/Orca-iOS-ipa/Orca-iOS-ipa/orca/src/slic3r/GUI/Plater.hpp:20:
1810-In file included from /Users/runner/work/Orca-iOS-ipa/Orca-iOS-ipa/orca/src/slic3r/GUI/Search.hpp:22:
1811-/Users/runner/work/Orca-iOS-ipa/Orca-iOS-ipa/orca/src/slic3r/GUI/Widgets/ScrolledWindow.hpp:19:10: warning: 'ScrolledWindow::SetBackgroundColour' hides overloaded virtual function [-Woverloaded-virtual]
1812-   19 |     void SetBackgroundColour(wxColour color);
1813-      |          ^
1814-/Users/runner/work/Orca-iOS-ipa/Orca-iOS-ipa/wx-prefix/include/wx-3.3/wx/osx/window.h:86:18: note: hidden overloaded virtual function 'wxWindow::SetBackgroundColour' declared here: type mismatch at 1st parameter ('const wxColour &' vs 'wxColour')
1815-   86 |     virtual bool SetBackgroundColour( const wxColour &colour ) override;
1816-      |                  ^
1817-In file included from /Users/runner/work/Orca-iOS-ipa/Orca-iOS-ipa/orca/src/slic3r/GUI/2DBed.cpp:5:
1818-In file included from /Users/runner/work/Orca-iOS-ipa/Orca-iOS-ipa/orca/src/slic3r/GUI/PartPlate.hpp:15:
1819-In file included from /Users/runner/work/Orca-iOS-ipa/Orca-iOS-ipa/orca/src/slic3r/GUI/Plater.hpp:20:
1820-/Users/runner/work/Orca-iOS-ipa/Orca-iOS-ipa/orca/src/slic3r/GUI/Search.hpp:220:10: warning: 'Slic3r::Search::SearchDialog::Popup' hides overloaded virtual function [-Woverloaded-virtual]
1821-  220 |     void Popup(wxPoint position = wxDefaultPosition);
1822-      |          ^
1823-/Users/runner/work/Orca-iOS-ipa/Orca-iOS-ipa/wx-prefix/include/wx-3.3/wx/popupwin.h:167:18: note: hidden overloaded virtual function 'wxPopupTransientWindow::Popup' declared here: type mismatch at 1st parameter ('wxWindow *' vs 'wxPoint')
1824-  167 |     virtual void Popup(wxWindow *focus = nullptr) override;
1825-      |                  ^
1826-In file included from /Users/runner/work/Orca-iOS-ipa/Orca-iOS-ipa/orca/src/slic3r/GUI/2DBed.cpp:5:
1827-In file included from /Users/runner/work/Orca-iOS-ipa/Orca-iOS-ipa/orca/src/slic3r/GUI/PartPlate.hpp:15:
1828-In file included from /Users/runner/work/Orca-iOS-ipa/Orca-iOS-ipa/orca/src/slic3r/GUI/Plater.hpp:20:
1829-/Users/runner/work/Orca-iOS-ipa/Orca-iOS-ipa/orca/src/slic3r/GUI/Search.hpp:264:10: warning: 'Slic3r::Search::SearchObjectDialog::Popup' hides overloaded virtual function [-Woverloaded-virtual]
