-- Setting build type to 'Debug' as none was specified.
-- The C compiler identification is AppleClang 17.0.0.17000013
-- The CXX compiler identification is AppleClang 17.0.0.17000013
-- The OBJCXX compiler identification is AppleClang 17.0.0.17000013
-- Detecting C compiler ABI info
-- Detecting C compiler ABI info - done
-- Check for working C compiler: /usr/bin/cc - skipped
-- Detecting C compile features
-- Detecting C compile features - done
-- Detecting CXX compiler ABI info
-- Detecting CXX compiler ABI info - done
-- Check for working CXX compiler: /usr/bin/c++ - skipped
-- Detecting CXX compile features
-- Detecting CXX compile features - done
-- Detecting OBJCXX compiler ABI info
-- Detecting OBJCXX compiler ABI info - done
-- Check for working OBJCXX compiler: /usr/bin/clang++ - skipped
CMake Error at build/cmake/functions.cmake:1106 (message):
  Invalid value "osx_iphone" for option wxBUILD_TOOLKIT.  Valid values are:
  osx_cocoa gtk2 gtk3 gtk4 qt
Call Stack (most recent call first):
  build/cmake/toolkit.cmake:41 (wx_option)
  build/cmake/main.cmake:17 (include)
  CMakeLists.txt:103 (include)


-- Configuring incomplete, errors occurred!
