1700-[284/653] Building CXX object src/libvgcode/CMakeFiles/libvgcode.dir/src/Types.cpp.o
1701-[285/653] Building CXX object src/libvgcode/CMakeFiles/libvgcode.dir/src/Utils.cpp.o
1702-[286/653] Building CXX object src/libvgcode/CMakeFiles/libvgcode.dir/src/Viewer.cpp.o
1703:FAILED: [code=1] src/libvgcode/CMakeFiles/libvgcode.dir/src/Viewer.cpp.o 
1704-/usr/bin/c++ -DBBL_RELEASE_TO_PUBLIC=1 -DBOOST_NO_CXX98_FUNCTION_BASE -DENABLE_OPENGL_ES -DGIT_COMMIT_HASH=\"395e070a0e\" -DNDEBUG -DSLIC3R_DESKTOP_INTEGRATION -DSLIC3R_GUI -DUNICODE -DWXINTL_NO_GETTEXT_MACRO -D_HAS_AUTO_PTR_ETC=0 -D_UNICODE -DwxNO_UNSAFE_WXSTRING_CONV -DwxUSE_UNICODE -I/Users/runner/work/Orca-iOS-ipa/Orca-iOS-ipa/orca/src/libvgcode/glad/include -isystem /Users/runner/work/Orca-iOS-ipa/Orca-iOS-ipa/orca/src -isystem /Users/runner/work/Orca-iOS-ipa/Orca-iOS-ipa/orca/build/src/dev-utils/platform -isystem /Users/runner/work/Orca-iOS-ipa/Orca-iOS-ipa/orca/src/libigl -Wall -Wno-reorder -Werror=partial-availability -Werror=unguarded-availability -Werror=unguarded-availability-new -O3 -DNDEBUG -std=gnu++17 -arch arm64 -isysroot /Applications/Xcode_16.4.app/Contents/Developer/Platforms/iPhoneSimulator.platform/Developer/SDKs/iPhoneSimulator18.5.sdk -mios-simulator-version-min=17.0 -fPIC -fsigned-char -Werror=return-type -Wno-unused-function -Wno-unused-variable -Wno-unused-but-set-variable -Wno-unused-label -Wno-unused-local-typedefs -Wno-sign-compare -Wno-misleading-indentation -Wno-switch -Wno-ignored-attributes -Wno-deprecated-declarations -Wno-error=enum-constexpr-conversion -MD -MT src/libvgcode/CMakeFiles/libvgcode.dir/src/Viewer.cpp.o -MF src/libvgcode/CMakeFiles/libvgcode.dir/src/Viewer.cpp.o.d -o src/libvgcode/CMakeFiles/libvgcode.dir/src/Viewer.cpp.o -c /Users/runner/work/Orca-iOS-ipa/Orca-iOS-ipa/orca/src/libvgcode/src/Viewer.cpp
1705-In file included from /Users/runner/work/Orca-iOS-ipa/Orca-iOS-ipa/orca/src/libvgcode/src/Viewer.cpp:6:
1706:/Users/runner/work/Orca-iOS-ipa/Orca-iOS-ipa/orca/src/libvgcode/src/ViewerImpl.hpp:356:46: error: unknown type name 'Vec4'; did you mean 'Vec3'?
1707-  356 |         void set_positions(const std::vector<Vec4>& positions);
1708-      |                                              ^~~~
1709-      |                                              Vec3
1710-/Users/runner/work/Orca-iOS-ipa/Orca-iOS-ipa/orca/src/libvgcode/src/../include/Types.hpp:39:7: note: 'Vec3' declared here
1711-   39 | using Vec3 = std::array<float, 3>;
1712-      |       ^
1713-In file included from /Users/runner/work/Orca-iOS-ipa/Orca-iOS-ipa/orca/src/libvgcode/src/Viewer.cpp:6:
1714:/Users/runner/work/Orca-iOS-ipa/Orca-iOS-ipa/orca/src/libvgcode/src/ViewerImpl.hpp:357:58: error: unknown type name 'Vec4'; did you mean 'Vec3'?
1715-  357 |         void set_heights_widths_angles(const std::vector<Vec4>& heights_widths_angles);
1716-      |                                                          ^~~~
1717-      |                                                          Vec3
1718-/Users/runner/work/Orca-iOS-ipa/Orca-iOS-ipa/orca/src/libvgcode/src/../include/Types.hpp:39:7: note: 'Vec3' declared here
1719-   39 | using Vec3 = std::array<float, 3>;
1720-      |       ^
1721-2 errors generated.
1722-[287/653] Building CXX object src/libvgcode/CMakeFiles/libvgcode.dir/src/ViewerImpl.cpp.o
1723:FAILED: [code=1] src/libvgcode/CMakeFiles/libvgcode.dir/src/ViewerImpl.cpp.o 
1724-/usr/bin/c++ -DBBL_RELEASE_TO_PUBLIC=1 -DBOOST_NO_CXX98_FUNCTION_BASE -DENABLE_OPENGL_ES -DGIT_COMMIT_HASH=\"395e070a0e\" -DNDEBUG -DSLIC3R_DESKTOP_INTEGRATION -DSLIC3R_GUI -DUNICODE -DWXINTL_NO_GETTEXT_MACRO -D_HAS_AUTO_PTR_ETC=0 -D_UNICODE -DwxNO_UNSAFE_WXSTRING_CONV -DwxUSE_UNICODE -I/Users/runner/work/Orca-iOS-ipa/Orca-iOS-ipa/orca/src/libvgcode/glad/include -isystem /Users/runner/work/Orca-iOS-ipa/Orca-iOS-ipa/orca/src -isystem /Users/runner/work/Orca-iOS-ipa/Orca-iOS-ipa/orca/build/src/dev-utils/platform -isystem /Users/runner/work/Orca-iOS-ipa/Orca-iOS-ipa/orca/src/libigl -Wall -Wno-reorder -Werror=partial-availability -Werror=unguarded-availability -Werror=unguarded-availability-new -O3 -DNDEBUG -std=gnu++17 -arch arm64 -isysroot /Applications/Xcode_16.4.app/Contents/Developer/Platforms/iPhoneSimulator.platform/Developer/SDKs/iPhoneSimulator18.5.sdk -mios-simulator-version-min=17.0 -fPIC -fsigned-char -Werror=return-type -Wno-unused-function -Wno-unused-variable -Wno-unused-but-set-variable -Wno-unused-label -Wno-unused-local-typedefs -Wno-sign-compare -Wno-misleading-indentation -Wno-switch -Wno-ignored-attributes -Wno-deprecated-declarations -Wno-error=enum-constexpr-conversion -MD -MT src/libvgcode/CMakeFiles/libvgcode.dir/src/ViewerImpl.cpp.o -MF src/libvgcode/CMakeFiles/libvgcode.dir/src/ViewerImpl.cpp.o.d -o src/libvgcode/CMakeFiles/libvgcode.dir/src/ViewerImpl.cpp.o -c /Users/runner/work/Orca-iOS-ipa/Orca-iOS-ipa/orca/src/libvgcode/src/ViewerImpl.cpp
1725-In file included from /Users/runner/work/Orca-iOS-ipa/Orca-iOS-ipa/orca/src/libvgcode/src/ViewerImpl.cpp:5:
1726:/Users/runner/work/Orca-iOS-ipa/Orca-iOS-ipa/orca/src/libvgcode/src/ViewerImpl.hpp:356:46: error: unknown type name 'Vec4'; did you mean 'Vec3'?
1727-  356 |         void set_positions(const std::vector<Vec4>& positions);
1728-      |                                              ^~~~
1729-      |                                              Vec3
1730-/Users/runner/work/Orca-iOS-ipa/Orca-iOS-ipa/orca/src/libvgcode/src/../include/Types.hpp:39:7: note: 'Vec3' declared here
1731-   39 | using Vec3 = std::array<float, 3>;
1732-      |       ^
1733-In file included from /Users/runner/work/Orca-iOS-ipa/Orca-iOS-ipa/orca/src/libvgcode/src/ViewerImpl.cpp:5:
1734:/Users/runner/work/Orca-iOS-ipa/Orca-iOS-ipa/orca/src/libvgcode/src/ViewerImpl.hpp:357:58: error: unknown type name 'Vec4'; did you mean 'Vec3'?
1735-  357 |         void set_heights_widths_angles(const std::vector<Vec4>& heights_widths_angles);
1736-      |                                                          ^~~~
1737-      |                                                          Vec3
1738-/Users/runner/work/Orca-iOS-ipa/Orca-iOS-ipa/orca/src/libvgcode/src/../include/Types.hpp:39:7: note: 'Vec3' declared here
1739-   39 | using Vec3 = std::array<float, 3>;
1740-      |       ^
1741:/Users/runner/work/Orca-iOS-ipa/Orca-iOS-ipa/orca/src/libvgcode/src/ViewerImpl.cpp:352:63: error: unknown type name 'Vec4'; did you mean 'Vec3'?
1742-  352 | void ViewerImpl::TextureData::set_positions(const std::vector<Vec4>& positions)
1743-      |                                                               ^~~~
1744-      |                                                               Vec3
1745-/Users/runner/work/Orca-iOS-ipa/Orca-iOS-ipa/orca/src/libvgcode/src/../include/Types.hpp:39:7: note: 'Vec3' declared here
1746-   39 | using Vec3 = std::array<float, 3>;
1747-      |       ^
1748:/Users/runner/work/Orca-iOS-ipa/Orca-iOS-ipa/orca/src/libvgcode/src/ViewerImpl.cpp:396:68: error: unknown type name 'Vec4'; did you mean 'Vec3'?
1749-  396 |         m_positions_size += m_tex_ids[i].positions.second * sizeof(Vec4);
1750-      |                                                                    ^~~~
1751-      |                                                                    Vec3
1752-/Users/runner/work/Orca-iOS-ipa/Orca-iOS-ipa/orca/src/libvgcode/src/../include/Types.hpp:39:7: note: 'Vec3' declared here
1753-   39 | using Vec3 = std::array<float, 3>;
1754-      |       ^
1755:/Users/runner/work/Orca-iOS-ipa/Orca-iOS-ipa/orca/src/libvgcode/src/ViewerImpl.cpp:405:75: error: unknown type name 'Vec4'; did you mean 'Vec3'?
1756-  405 | void ViewerImpl::TextureData::set_heights_widths_angles(const std::vector<Vec4>& heights_widths_angles)
1757-      |                                                                           ^~~~
1758-      |                                                                           Vec3
1759-/Users/runner/work/Orca-iOS-ipa/Orca-iOS-ipa/orca/src/libvgcode/src/../include/Types.hpp:39:7: note: 'Vec3' declared here
1760-   39 | using Vec3 = std::array<float, 3>;
1761-      |       ^
1762:/Users/runner/work/Orca-iOS-ipa/Orca-iOS-ipa/orca/src/libvgcode/src/ViewerImpl.cpp:449:89: error: unknown type name 'Vec4'; did you mean 'Vec3'?
1763-  449 |         m_height_width_angle_size += m_tex_ids[i].heights_widths_angles.second * sizeof(Vec4);
1764-      |                                                                                         ^~~~
1765-      |                                                                                         Vec3
1766-/Users/runner/work/Orca-iOS-ipa/Orca-iOS-ipa/orca/src/libvgcode/src/../include/Types.hpp:39:7: note: 'Vec3' declared here
1767-   39 | using Vec3 = std::array<float, 3>;
1768-      |       ^
1769:/Users/runner/work/Orca-iOS-ipa/Orca-iOS-ipa/orca/src/libvgcode/src/ViewerImpl.cpp:1077:38: error: no viable conversion from 'vector<array<[...], 4>>' to 'const vector<array<[...], 3>>'
1770- 1077 |         m_texture_data.set_positions(positions);
1771-      |                                      ^~~~~~~~~
1772-/Applications/Xcode_16.4.app/Contents/Developer/Platforms/iPhoneSimulator.platform/Developer/SDKs/iPhoneSimulator18.5.sdk/usr/include/c++/v1/vector:543:55: note: candidate constructor not viable: no known conversion from 'std::vector<Vec4>' (aka 'vector<array<float, 4>>') to 'const vector<array<float, 3>> &' for 1st argument
1773-  543 |   _LIBCPP_CONSTEXPR_SINCE_CXX20 _LIBCPP_HIDE_FROM_ABI vector(const vector& __x);
1774-      |                                                       ^      ~~~~~~~~~~~~~~~~~
1775-/Applications/Xcode_16.4.app/Contents/Developer/Platforms/iPhoneSimulator.platform/Developer/SDKs/iPhoneSimulator18.5.sdk/usr/include/c++/v1/vector:549:55: note: candidate constructor not viable: no known conversion from 'std::vector<Vec4>' (aka 'vector<array<float, 4>>') to 'initializer_list<value_type>' (aka 'initializer_list<std::array<float, 3>>') for 1st argument
1776-  549 |   _LIBCPP_CONSTEXPR_SINCE_CXX20 _LIBCPP_HIDE_FROM_ABI vector(initializer_list<value_type> __il);
1777-      |                                                       ^      ~~~~~~~~~~~~~~~~~~~~~~~~~~~~~~~~~
1778-/Applications/Xcode_16.4.app/Contents/Developer/Platforms/iPhoneSimulator.platform/Developer/SDKs/iPhoneSimulator18.5.sdk/usr/include/c++/v1/vector:560:55: note: candidate constructor not viable: no known conversion from 'std::vector<Vec4>' (aka 'vector<array<float, 4>>') to 'vector<array<float, 3>> &&' for 1st argument
1779-  560 |   _LIBCPP_CONSTEXPR_SINCE_CXX20 _LIBCPP_HIDE_FROM_ABI vector(vector&& __x)
1780-      |                                                       ^      ~~~~~~~~~~~~
1781-/Applications/Xcode_16.4.app/Contents/Developer/Platforms/iPhoneSimulator.platform/Developer/SDKs/iPhoneSimulator18.5.sdk/usr/include/c++/v1/vector:432:64: note: explicit constructor is not a candidate
1782-  432 |   _LIBCPP_CONSTEXPR_SINCE_CXX20 _LIBCPP_HIDE_FROM_ABI explicit vector(const allocator_type& __a)
1783-      |                                                                ^
1784-/Applications/Xcode_16.4.app/Contents/Developer/Platforms/iPhoneSimulator.platform/Developer/SDKs/iPhoneSimulator18.5.sdk/usr/include/c++/v1/vector:441:64: note: explicit constructor is not a candidate
1785-  441 |   _LIBCPP_CONSTEXPR_SINCE_CXX20 _LIBCPP_HIDE_FROM_ABI explicit vector(size_type __n) {
1786-      |                                                                ^
1787-/Users/runner/work/Orca-iOS-ipa/Orca-iOS-ipa/orca/src/libvgcode/src/ViewerImpl.cpp:352:70: note: passing argument to parameter 'positions' here
1788-  352 | void ViewerImpl::TextureData::set_positions(const std::vector<Vec4>& positions)
1789-      |                                                                      ^
1790:/Users/runner/work/Orca-iOS-ipa/Orca-iOS-ipa/orca/src/libvgcode/src/ViewerImpl.cpp:1079:50: error: no viable conversion from 'vector<array<[...], 4>>' to 'const vector<array<[...], 3>>'
1791- 1079 |         m_texture_data.set_heights_widths_angles(heights_widths_angles);
1792-      |                                                  ^~~~~~~~~~~~~~~~~~~~~
1793-/Applications/Xcode_16.4.app/Contents/Developer/Platforms/iPhoneSimulator.platform/Developer/SDKs/iPhoneSimulator18.5.sdk/usr/include/c++/v1/vector:543:55: note: candidate constructor not viable: no known conversion from 'std::vector<Vec4>' (aka 'vector<array<float, 4>>') to 'const vector<array<float, 3>> &' for 1st argument
1794-  543 |   _LIBCPP_CONSTEXPR_SINCE_CXX20 _LIBCPP_HIDE_FROM_ABI vector(const vector& __x);
1795-      |                                                       ^      ~~~~~~~~~~~~~~~~~
1796-/Applications/Xcode_16.4.app/Contents/Developer/Platforms/iPhoneSimulator.platform/Developer/SDKs/iPhoneSimulator18.5.sdk/usr/include/c++/v1/vector:549:55: note: candidate constructor not viable: no known conversion from 'std::vector<Vec4>' (aka 'vector<array<float, 4>>') to 'initializer_list<value_type>' (aka 'initializer_list<std::array<float, 3>>') for 1st argument
1797-  549 |   _LIBCPP_CONSTEXPR_SINCE_CXX20 _LIBCPP_HIDE_FROM_ABI vector(initializer_list<value_type> __il);
1798-      |                                                       ^      ~~~~~~~~~~~~~~~~~~~~~~~~~~~~~~~~~
1799-/Applications/Xcode_16.4.app/Contents/Developer/Platforms/iPhoneSimulator.platform/Developer/SDKs/iPhoneSimulator18.5.sdk/usr/include/c++/v1/vector:560:55: note: candidate constructor not viable: no known conversion from 'std::vector<Vec4>' (aka 'vector<array<float, 4>>') to 'vector<array<float, 3>> &&' for 1st argument
1800-  560 |   _LIBCPP_CONSTEXPR_SINCE_CXX20 _LIBCPP_HIDE_FROM_ABI vector(vector&& __x)
1801-      |                                                       ^      ~~~~~~~~~~~~
1802-/Applications/Xcode_16.4.app/Contents/Developer/Platforms/iPhoneSimulator.platform/Developer/SDKs/iPhoneSimulator18.5.sdk/usr/include/c++/v1/vector:432:64: note: explicit constructor is not a candidate
1803-  432 |   _LIBCPP_CONSTEXPR_SINCE_CXX20 _LIBCPP_HIDE_FROM_ABI explicit vector(const allocator_type& __a)
1804-      |                                                                ^
1805-/Applications/Xcode_16.4.app/Contents/Developer/Platforms/iPhoneSimulator.platform/Developer/SDKs/iPhoneSimulator18.5.sdk/usr/include/c++/v1/vector:441:64: note: explicit constructor is not a candidate
1806-  441 |   _LIBCPP_CONSTEXPR_SINCE_CXX20 _LIBCPP_HIDE_FROM_ABI explicit vector(size_type __n) {
1807-      |                                                                ^
1808-/Users/runner/work/Orca-iOS-ipa/Orca-iOS-ipa/orca/src/libvgcode/src/ViewerImpl.cpp:405:82: note: passing argument to parameter 'heights_widths_angles' here
1809-  405 | void ViewerImpl::TextureData::set_heights_widths_angles(const std::vector<Vec4>& heights_widths_angles)
1810-      |                                                                                  ^
1811:/Users/runner/work/Orca-iOS-ipa/Orca-iOS-ipa/orca/src/libvgcode/src/ViewerImpl.cpp:1885:5: error: no matching function for call to 'extract_pos_and_or_hwa'
1812- 1885 |     extract_pos_and_or_hwa(m_vertices, m_travels_radius, m_wipes_radius, m_valid_lines_bitset, nullptr, &heights_widths_angles);
1813-      |     ^~~~~~~~~~~~~~~~~~~~~~
1814-/Users/runner/work/Orca-iOS-ipa/Orca-iOS-ipa/orca/src/libvgcode/src/ViewerImpl.cpp:911:13: note: candidate function not viable: no known conversion from 'std::vector<Vec3> *' (aka 'vector<array<float, 3>> *') to 'std::vector<Vec4> *' (aka 'vector<array<float, 4>> *') for 6th argument
1815-  911 | static void extract_pos_and_or_hwa(const std::vector<PathVertex>& vertices, float travels_radius, float wipes_radius, BitSet<>& valid_lines_bitset,
1816-      |             ^
1817-  912 |     std::vector<Vec4>* positions = nullptr, std::vector<Vec4>* heights_widths_angles = nullptr, bool update_bitset = false) {
1818-      |                                             ~~~~~~~~~~~~~~~~~~~~~~~~~~~~~~~~~~~~~~~~~~~~~~~~~~
1819-9 errors generated.
1820-[288/653] Building CXX object src/libvgcode/CMakeFiles/libvgcode.dir/src/ViewRange.cpp.o
1821-[289/653] Building CXX object deps_src/libnest2d/CMakeFiles/libnest2d.dir/src/libnest2d.cpp.o
1822-[290/653] Building CXX object src/libslic3r/CMakeFiles/libslic3r.dir/OpenVDBUtils.cpp.o
1823-ninja: build stopped: subcommand failed.
