1375-[383/1024] Linking C static library lib/libwxtiff-3.3.a
1376-[384/1024] Linking C static library libs/webp-build/libwxwebpdemux-3.3.a
1377-[385/1024] Building CXX object libs/core/CMakeFiles/wxcore.dir/__/__/__/__/src/common/accesscmn.cpp.o
1378:FAILED: [code=1] libs/core/CMakeFiles/wxcore.dir/__/__/__/__/src/common/accesscmn.cpp.o 
1379-/usr/bin/c++ -DWXBUILDING -D_FILE_OFFSET_BITS=64 -D__WXOSX_IPHONE__ -DwxUSE_BASE=0 -DwxUSE_GUI=1 -I/Users/runner/work/Orca-iOS-ipa/Orca-iOS-ipa/wx/src/tiff/libtiff -I/Users/runner/work/Orca-iOS-ipa/Orca-iOS-ipa/wx/src/png -I/Users/runner/work/Orca-iOS-ipa/Orca-iOS-ipa/wx/src/jpeg -I/Users/runner/work/Orca-iOS-ipa/Orca-iOS-ipa/wx/build-ios/lib/wx/include/osx_iphone-unicode-static-3.3 -I/Users/runner/work/Orca-iOS-ipa/Orca-iOS-ipa/wx/include -I/Users/runner/work/Orca-iOS-ipa/Orca-iOS-ipa/wx/3rdparty/libwebp/src -g -arch arm64 -isysroot /Applications/Xcode_16.4.app/Contents/Developer/Platforms/iPhoneSimulator.platform/Developer/SDKs/iPhoneSimulator18.5.sdk -mios-simulator-version-min=17.0 -fPIC -fvisibility=hidden -fvisibility-inlines-hidden -Wall -Wundef -Wunused-parameter -Wno-shorten-64-to-32 -Wno-ignored-attributes -Wno-ctor-dtor-privacy -Woverloaded-virtual -MD -MT libs/core/CMakeFiles/wxcore.dir/__/__/__/__/src/common/accesscmn.cpp.o -MF libs/core/CMakeFiles/wxcore.dir/__/__/__/__/src/common/accesscmn.cpp.o.d -o libs/core/CMakeFiles/wxcore.dir/__/__/__/__/src/common/accesscmn.cpp.o -c /Users/runner/work/Orca-iOS-ipa/Orca-iOS-ipa/wx/src/common/accesscmn.cpp
1380-In file included from /Users/runner/work/Orca-iOS-ipa/Orca-iOS-ipa/wx/src/common/accesscmn.cpp:13:
1381-In file included from /Users/runner/work/Orca-iOS-ipa/Orca-iOS-ipa/wx/include/wx/wxprec.h:11:
1382-In file included from /Users/runner/work/Orca-iOS-ipa/Orca-iOS-ipa/wx/include/wx/defs.h:45:
1383-/Users/runner/work/Orca-iOS-ipa/Orca-iOS-ipa/wx/include/wx/platform.h:491:13: warning: '__MAC_OS_X_VERSION_MAX_ALLOWED' is not defined, evaluates to 0 [-Wundef]
1384-  491 | #        if __MAC_OS_X_VERSION_MAX_ALLOWED < MAC_OS_X_VERSION_10_13
1385-      |             ^
1386-In file included from /Users/runner/work/Orca-iOS-ipa/Orca-iOS-ipa/wx/src/common/accesscmn.cpp:13:
1387-In file included from /Users/runner/work/Orca-iOS-ipa/Orca-iOS-ipa/wx/include/wx/wxprec.h:11:
1388-In file included from /Users/runner/work/Orca-iOS-ipa/Orca-iOS-ipa/wx/include/wx/defs.h:45:
1389-In file included from /Users/runner/work/Orca-iOS-ipa/Orca-iOS-ipa/wx/include/wx/platform.h:515:
1390:/Users/runner/work/Orca-iOS-ipa/Orca-iOS-ipa/wx/include/wx/chkconf.h:2178:14: error: "wxUSE_LOG_DIALOG requires wxUSE_LISTCTRL and wxUSE_BUTTON"
1391- 2178 | #            error "wxUSE_LOG_DIALOG requires wxUSE_LISTCTRL and wxUSE_BUTTON"
1392-      |              ^
1393-1 warning and 1 error generated.
1394-[386/1024] Building CXX object libs/base/CMakeFiles/wxbase.dir/__/__/__/__/src/unix/utilsunx.cpp.o
1395-In file included from /Users/runner/work/Orca-iOS-ipa/Orca-iOS-ipa/wx/src/unix/utilsunx.cpp:19:
1396-In file included from /Users/runner/work/Orca-iOS-ipa/Orca-iOS-ipa/wx/include/wx/wxprec.h:11:
1397-In file included from /Users/runner/work/Orca-iOS-ipa/Orca-iOS-ipa/wx/include/wx/defs.h:45:
1398-/Users/runner/work/Orca-iOS-ipa/Orca-iOS-ipa/wx/include/wx/platform.h:491:13: warning: '__MAC_OS_X_VERSION_MAX_ALLOWED' is not defined, evaluates to 0 [-Wundef]
1399-  491 | #        if __MAC_OS_X_VERSION_MAX_ALLOWED < MAC_OS_X_VERSION_10_13
1400-      |             ^
1401-1 warning generated.
1402-[387/1024] Building CXX object libs/base/CMakeFiles/wxbase.dir/__/__/__/__/src/unix/fswatcher_kqueue.cpp.o
1403-In file included from /Users/runner/work/Orca-iOS-ipa/Orca-iOS-ipa/wx/src/unix/fswatcher_kqueue.cpp:11:
1404-In file included from /Users/runner/work/Orca-iOS-ipa/Orca-iOS-ipa/wx/include/wx/wxprec.h:11:
1405-In file included from /Users/runner/work/Orca-iOS-ipa/Orca-iOS-ipa/wx/include/wx/defs.h:45:
1406-/Users/runner/work/Orca-iOS-ipa/Orca-iOS-ipa/wx/include/wx/platform.h:491:13: warning: '__MAC_OS_X_VERSION_MAX_ALLOWED' is not defined, evaluates to 0 [-Wundef]
1407-  491 | #        if __MAC_OS_X_VERSION_MAX_ALLOWED < MAC_OS_X_VERSION_10_13
1408-      |             ^
1409-1 warning generated.
1410-[388/1024] Building OBJCXX object libs/base/CMakeFiles/wxbase.dir/__/__/__/__/src/osx/core/uilocale.mm.o
1411-In file included from /Users/runner/work/Orca-iOS-ipa/Orca-iOS-ipa/wx/src/osx/core/uilocale.mm:19:
1412-In file included from /Users/runner/work/Orca-iOS-ipa/Orca-iOS-ipa/wx/include/wx/wxprec.h:11:
1413-In file included from /Users/runner/work/Orca-iOS-ipa/Orca-iOS-ipa/wx/include/wx/defs.h:45:
1414-/Users/runner/work/Orca-iOS-ipa/Orca-iOS-ipa/wx/include/wx/platform.h:491:13: warning: '__MAC_OS_X_VERSION_MAX_ALLOWED' is not defined, evaluates to 0 [-Wundef]
1415-  491 | #        if __MAC_OS_X_VERSION_MAX_ALLOWED < MAC_OS_X_VERSION_10_13
1416-      |             ^
1417-1 warning generated.
1418-[389/1024] Building CXX object libs/core/CMakeFiles/wxcore.dir/__/__/__/__/src/common/accelcmn.cpp.o
1419:FAILED: [code=1] libs/core/CMakeFiles/wxcore.dir/__/__/__/__/src/common/accelcmn.cpp.o 
1420-/usr/bin/c++ -DWXBUILDING -D_FILE_OFFSET_BITS=64 -D__WXOSX_IPHONE__ -DwxUSE_BASE=0 -DwxUSE_GUI=1 -I/Users/runner/work/Orca-iOS-ipa/Orca-iOS-ipa/wx/src/tiff/libtiff -I/Users/runner/work/Orca-iOS-ipa/Orca-iOS-ipa/wx/src/png -I/Users/runner/work/Orca-iOS-ipa/Orca-iOS-ipa/wx/src/jpeg -I/Users/runner/work/Orca-iOS-ipa/Orca-iOS-ipa/wx/build-ios/lib/wx/include/osx_iphone-unicode-static-3.3 -I/Users/runner/work/Orca-iOS-ipa/Orca-iOS-ipa/wx/include -I/Users/runner/work/Orca-iOS-ipa/Orca-iOS-ipa/wx/3rdparty/libwebp/src -g -arch arm64 -isysroot /Applications/Xcode_16.4.app/Contents/Developer/Platforms/iPhoneSimulator.platform/Developer/SDKs/iPhoneSimulator18.5.sdk -mios-simulator-version-min=17.0 -fPIC -fvisibility=hidden -fvisibility-inlines-hidden -Wall -Wundef -Wunused-parameter -Wno-shorten-64-to-32 -Wno-ignored-attributes -Wno-ctor-dtor-privacy -Woverloaded-virtual -MD -MT libs/core/CMakeFiles/wxcore.dir/__/__/__/__/src/common/accelcmn.cpp.o -MF libs/core/CMakeFiles/wxcore.dir/__/__/__/__/src/common/accelcmn.cpp.o.d -o libs/core/CMakeFiles/wxcore.dir/__/__/__/__/src/common/accelcmn.cpp.o -c /Users/runner/work/Orca-iOS-ipa/Orca-iOS-ipa/wx/src/common/accelcmn.cpp
1421-In file included from /Users/runner/work/Orca-iOS-ipa/Orca-iOS-ipa/wx/src/common/accelcmn.cpp:19:
1422-In file included from /Users/runner/work/Orca-iOS-ipa/Orca-iOS-ipa/wx/include/wx/wxprec.h:11:
1423-In file included from /Users/runner/work/Orca-iOS-ipa/Orca-iOS-ipa/wx/include/wx/defs.h:45:
1424-/Users/runner/work/Orca-iOS-ipa/Orca-iOS-ipa/wx/include/wx/platform.h:491:13: warning: '__MAC_OS_X_VERSION_MAX_ALLOWED' is not defined, evaluates to 0 [-Wundef]
1425-  491 | #        if __MAC_OS_X_VERSION_MAX_ALLOWED < MAC_OS_X_VERSION_10_13
1426-      |             ^
1427-In file included from /Users/runner/work/Orca-iOS-ipa/Orca-iOS-ipa/wx/src/common/accelcmn.cpp:19:
1428-In file included from /Users/runner/work/Orca-iOS-ipa/Orca-iOS-ipa/wx/include/wx/wxprec.h:11:
1429-In file included from /Users/runner/work/Orca-iOS-ipa/Orca-iOS-ipa/wx/include/wx/defs.h:45:
1430-In file included from /Users/runner/work/Orca-iOS-ipa/Orca-iOS-ipa/wx/include/wx/platform.h:515:
1431:/Users/runner/work/Orca-iOS-ipa/Orca-iOS-ipa/wx/include/wx/chkconf.h:2178:14: error: "wxUSE_LOG_DIALOG requires wxUSE_LISTCTRL and wxUSE_BUTTON"
1432- 2178 | #            error "wxUSE_LOG_DIALOG requires wxUSE_LISTCTRL and wxUSE_BUTTON"
1433-      |              ^
1434-1 warning and 1 error generated.
1435-ninja: build stopped: subcommand failed.
