igned_rule<unsigned long>>>, boost::urls::grammar::optional_rule_t<boost::urls::grammar::tuple_rule_t<boost::urls::grammar::detail::squelch_rule_t<boost::urls::grammar::ch_delim_rule>, boost::urls::detail::format_spec_rule_t>>, boost::urls::grammar::detail::squelch_rule_t<boost::urls::grammar::ch_delim_rule>>::parse' requested here
   36 |     return r.parse(it, end);
      |              ^
/Users/runner/work/Orca-iOS-ipa/Orca-iOS-ipa/orca/deps/build/dep_Boost-prefix/src/dep_Boost/libs/url/src/detail/replacement_field_rule.cpp:53:24: note: in instantiation of function template specialization 'boost::urls::grammar::parse<boost::urls::grammar::tuple_rule_t<boost::urls::grammar::detail::squelch_rule_t<boost::urls::grammar::ch_delim_rule>, boost::urls::grammar::optional_rule_t<boost::urls::grammar::variant_rule_t<boost::urls::detail::identifier_rule_t, boost::urls::grammar::unsigned_rule<unsigned long>>>, boost::urls::grammar::optional_rule_t<boost::urls::grammar::tuple_rule_t<boost::urls::grammar::detail::squelch_rule_t<boost::urls::grammar::ch_delim_rule>, boost::urls::detail::format_spec_rule_t>>, boost::urls::grammar::detail::squelch_rule_t<boost::urls::grammar::ch_delim_rule>>>' requested here
   53 |     auto rv = grammar::parse(it, end, replacement_field_rules);
      |                        ^
/Users/runner/work/Orca-iOS-ipa/Orca-iOS-ipa/orca/deps/build/dep_Boost-prefix/src/dep_Boost/libs/url/include/boost/url/variant.hpp:23:5: note: 'variant' has been explicitly marked deprecated here
   23 |     BOOST_URL_DEPRECATED("Use variant2::variant instead") =
      |     ^
/Users/runner/work/Orca-iOS-ipa/Orca-iOS-ipa/orca/deps/build/dep_Boost-prefix/src/dep_Boost/libs/url/include/boost/url/detail/config.hpp:131:35: note: expanded from macro 'BOOST_URL_DEPRECATED'
  131 | #define BOOST_URL_DEPRECATED(msg) BOOST_DEPRECATED(msg)
      |                                   ^
/Users/runner/work/Orca-iOS-ipa/Orca-iOS-ipa/orca/deps/build/dep_Boost-prefix/src/dep_Boost/libs/config/include/boost/config/compiler/clang.hpp:342:46: note: expanded from macro 'BOOST_DEPRECATED'
  342 | #define BOOST_DEPRECATED(msg) __attribute__((deprecated(msg)))
      |                                              ^
In file included from /Users/runner/work/Orca-iOS-ipa/Orca-iOS-ipa/orca/deps/build/dep_Boost-prefix/src/dep_Boost/libs/url/src/detail/replacement_field_rule.cpp:14:
In file included from /Users/runner/work/Orca-iOS-ipa/Orca-iOS-ipa/orca/deps/build/dep_Boost-prefix/src/dep_Boost/libs/url/include/boost/url/detail/replacement_field_rule.hpp:15:
In file included from /Users/runner/work/Orca-iOS-ipa/Orca-iOS-ipa/orca/deps/build/dep_Boost-prefix/src/dep_Boost/libs/url/include/boost/url/grammar/variant_rule.hpp:129:
/Users/runner/work/Orca-iOS-ipa/Orca-iOS-ipa/orca/deps/build/dep_Boost-prefix/src/dep_Boost/libs/url/include/boost/url/grammar/impl/variant_rule.hpp:38:24: warning: 'variant' is deprecated: Use variant2::variant instead [-Wdeprecated-declarations]
   38 |         system::result<variant<
      |                        ^
/Users/runner/work/Orca-iOS-ipa/Orca-iOS-ipa/orca/deps/build/dep_Boost-prefix/src/dep_Boost/libs/url/include/boost/url/grammar/impl/variant_rule.hpp:73:12: note: in instantiation of function template specialization 'boost::urls::grammar::detail::parse_variant<boost::urls::detail::identifier_rule_t, boost::urls::grammar::unsigned_rule<unsigned long>, 1UL>' requested here
   73 |     return parse_variant(
      |            ^
/Users/runner/work/Orca-iOS-ipa/Orca-iOS-ipa/orca/deps/build/dep_Boost-prefix/src/dep_Boost/libs/url/include/boost/url/grammar/impl/variant_rule.hpp:92:20: note: in instantiation of function template specialization 'boost::urls::grammar::detail::parse_variant<boost::urls::detail::identifier_rule_t, boost::urls::grammar::unsigned_rule<unsigned long>, 0UL>' requested here
   92 |     return detail::parse_variant(
      |                    ^
/Users/runner/work/Orca-iOS-ipa/Orca-iOS-ipa/orca/deps/build/dep_Boost-prefix/src/dep_Boost/libs/url/include/boost/url/grammar/impl/optional_rule.hpp:31:21: note: in instantiation of member function 'boost::urls::grammar::variant_rule_t<boost::urls::detail::identifier_rule_t, boost::urls::grammar::unsigned_rule<unsigned long>>::parse' requested here
   31 |         this->get().parse(it, end);
      |                     ^
/Users/runner/work/Orca-iOS-ipa/Orca-iOS-ipa/orca/deps/build/dep_Boost-prefix/src/dep_Boost/libs/url/include/boost/url/grammar/impl/parse.hpp:36:14: note: in instantiation of member function 'boost::urls::grammar::optional_rule_t<boost::urls::grammar::variant_rule_t<boost::urls::detail::identifier_rule_t, boost::urls::grammar::unsigned_rule<unsigned long>>>::parse' requested here
   36 |     return r.parse(it, end);
      |              ^
/Users/runner/work/Orca-iOS-ipa/Orca-iOS-ipa/orca/deps/build/dep_Boost-prefix/src/dep_Boost/libs/url/include/boost/url/grammar/impl/tuple_rule.hpp:105:23: note: in instantiation of function template specialization 'boost::urls::grammar::parse<boost::urls::grammar::optional_rule_t<boost::urls::grammar::variant_rule_t<boost::urls::detail::identifier_rule_t, boost::urls::grammar::unsigned_rule<unsigned long>>>>' requested here
  105 |         rv = grammar::parse(
      |                       ^
/Users/runner/work/Orca-iOS-ipa/Orca-iOS-ipa/orca/deps/build/dep_Boost-prefix/src/dep_Boost/libs/url/include/boost/url/grammar/impl/tuple_rule.hpp:129:9: note: (skipping 1 context in backtrace; use -ftemplate-backtrace-limit=0 to see all)
  129 |         apply(it, end, ir, iv, is_void<Ir>{});
      |         ^
/Users/runner/work/Orca-iOS-ipa/Orca-iOS-ipa/orca/deps/build/dep_Boost-prefix/src/dep_Boost/libs/url/include/boost/url/grammar/impl/tuple_rule.hpp:88:9: note: in instantiation of function template specialization 'boost::urls::grammar::detail::parse_sequence<true, boost::urls::grammar::detail::squelch_rule_t<boost::urls::grammar::ch_delim_rule>, boost::urls::grammar::optional_rule_t<boost::urls::grammar::variant_rule_t<boost::urls::detail::identifier_rule_t, boost::urls::grammar::unsigned_rule<unsigned long>>>, boost::urls::grammar::optional_rule_t<boost::urls::grammar::tuple_rule_t<boost::urls::grammar::detail::squelch_rule_t<boost::urls::grammar::ch_delim_rule>, boost::urls::detail::format_spec_rule_t>>, boost::urls::grammar::detail::squelch_rule_t<boost::urls::grammar::ch_delim_rule>>::apply<1UL, 0UL>' requested here
   88 |         apply(it, end,
      |         ^
/Users/runner/work/Orca-iOS-ipa/Orca-iOS-ipa/orca/deps/build/dep_Boost-prefix/src/dep_Boost/libs/url/include/boost/url/grammar/impl/tuple_rule.hpp:129:9: note: in instantiation of function template specialization 'boost::urls::grammar::detail::parse_sequence<true, boost::urls::grammar::detail::squelch_rule_t<boost::urls::grammar::ch_delim_rule>, boost::urls::grammar::optional_rule_t<boost::urls::grammar::variant_rule_t<boost::urls::detail::identifier_rule_t, boost::urls::grammar::unsigned_rule<unsigned long>>>, boost::urls::grammar::optional_rule_t<boost::urls::grammar::tuple_rule_t<boost::urls::grammar::detail::squelch_rule_t<boost::urls::grammar::ch_delim_rule>, boost::urls::detail::format_spec_rule_t>>, boost::urls::grammar::detail::squelch_rule_t<boost::urls::grammar::ch_delim_rule>>::apply<0UL, 0UL>' requested here
  129 |         apply(it, end, ir, iv, is_void<Ir>{});
      |         ^
/Users/runner/work/Orca-iOS-ipa/Orca-iOS-ipa/orca/deps/build/dep_Boost-prefix/src/dep_Boost/libs/url/include/boost/url/grammar/impl/tuple_rule.hpp:277:7: note: in instantiation of function template specialization 'boost::urls::grammar::detail::parse_sequence<true, boost::urls::grammar::detail::squelch_rule_t<boost::urls::grammar::ch_delim_rule>, boost::urls::grammar::optional_rule_t<boost::urls::grammar::variant_rule_t<boost::urls::detail::identifier_rule_t, boost::urls::grammar::unsigned_rule<unsigned long>>>, boost::urls::grammar::optional_rule_t<boost::urls::grammar::tuple_rule_t<boost::urls::grammar::detail::squelch_rule_t<boost::urls::grammar::ch_delim_rule>, boost::urls::detail::format_spec_rule_t>>, boost::urls::grammar::detail::squelch_rule_t<boost::urls::grammar::ch_delim_rule>>::apply<0UL, 0UL>' requested here
  277 |     t.apply(it, end);
      |       ^
/Users/runner/work/Orca-iOS-ipa/Orca-iOS-ipa/orca/deps/build/dep_Boost-prefix/src/dep_Boost/libs/url/include/boost/url/grammar/impl/parse.hpp:36:14: note: in instantiation of member function 'boost::urls::grammar::tuple_rule_t<boost::urls::grammar::detail::squelch_rule_t<boost::urls::grammar::ch_delim_rule>, boost::urls::grammar::optional_rule_t<boost::urls::grammar::variant_rule_t<boost::urls::detail::identifier_rule_t, boost::urls::grammar::unsigned_rule<unsigned long>>>, boost::urls::grammar::optional_rule_t<boost::urls::grammar::tuple_rule_t<boost::urls::grammar::detail::squelch_rule_t<boost::urls::grammar::ch_delim_rule>, boost::urls::detail::format_spec_rule_t>>, boost::urls::grammar::detail::squelch_rule_t<boost::urls::grammar::ch_delim_rule>>::parse' requested here
   36 |     return r.parse(it, end);
      |              ^
/Users/runner/work/Orca-iOS-ipa/Orca-iOS-ipa/orca/deps/build/dep_Boost-prefix/src/dep_Boost/libs/url/src/detail/replacement_field_rule.cpp:53:24: note: in instantiation of function template specialization 'boost::urls::grammar::parse<boost::urls::grammar::tuple_rule_t<boost::urls::grammar::detail::squelch_rule_t<boost::urls::grammar::ch_delim_rule>, boost::urls::grammar::optional_rule_t<boost::urls::grammar::variant_rule_t<boost::urls::detail::identifier_rule_t, boost::urls::grammar::unsigned_rule<unsigned long>>>, boost::urls::grammar::optional_rule_t<boost::urls::grammar::tuple_rule_t<boost::urls::grammar::detail::squelch_rule_t<boost::urls::grammar::ch_delim_rule>, boost::urls::detail::format_spec_rule_t>>, boost::urls::grammar::detail::squelch_rule_t<boost::urls::grammar::ch_delim_rule>>>' requested here
   53 |     auto rv = grammar::parse(it, end, replacement_field_rules);
      |                        ^
/Users/runner/work/Orca-iOS-ipa/Orca-iOS-ipa/orca/deps/build/dep_Boost-prefix/src/dep_Boost/libs/url/include/boost/url/variant.hpp:23:5: note: 'variant' has been explicitly marked deprecated here
   23 |     BOOST_URL_DEPRECATED("Use variant2::variant instead") =
      |     ^
/Users/runner/work/Orca-iOS-ipa/Orca-iOS-ipa/orca/deps/build/dep_Boost-prefix/src/dep_Boost/libs/url/include/boost/url/detail/config.hpp:131:35: note: expanded from macro 'BOOST_URL_DEPRECATED'
  131 | #define BOOST_URL_DEPRECATED(msg) BOOST_DEPRECATED(msg)
      |                                   ^
/Users/runner/work/Orca-iOS-ipa/Orca-iOS-ipa/orca/deps/build/dep_Boost-prefix/src/dep_Boost/libs/config/include/boost/config/compiler/clang.hpp:342:46: note: expanded from macro 'BOOST_DEPRECATED'
  342 | #define BOOST_DEPRECATED(msg) __attribute__((deprecated(msg)))
      |                                              ^
10 warnings generated.
[211/276] Building CXX object libs/url/CMakeFiles/boost_url.dir/src/encoding_opts.cpp.o
[212/276] Building CXX object libs/url/CMakeFiles/boost_url.dir/src/detail/url_impl.cpp.o
[213/276] Building CXX object libs/url/CMakeFiles/boost_url.dir/src/grammar/ci_string.cpp.o
[214/276] Building CXX object libs/url/CMakeFiles/boost_url.dir/src/error.cpp.o
[215/276] Building CXX object libs/url/CMakeFiles/boost_url.dir/src/grammar/detail/recycled.cpp.o
[216/276] Building CXX object libs/url/CMakeFiles/boost_url.dir/src/grammar/delim_rule.cpp.o
[217/276] Building CXX object libs/url/CMakeFiles/boost_url.dir/src/grammar/dec_octet_rule.cpp.o
[218/276] Building CXX object libs/url/CMakeFiles/boost_url.dir/src/grammar/error.cpp.o
[219/276] Building CXX object libs/url/CMakeFiles/boost_url.dir/src/grammar/string_view_base.cpp.o
[220/276] Building CXX object libs/url/CMakeFiles/boost_url.dir/src/grammar/literal_rule.cpp.o
[221/276] Building CXX object libs/url/CMakeFiles/boost_url.dir/src/ipv4_address.cpp.o
[222/276] Building CXX object libs/url/CMakeFiles/boost_url.dir/src/ipv6_address.cpp.o
[223/276] Building CXX object libs/url/CMakeFiles/boost_url.dir/src/params_base.cpp.o
[224/276] Building CXX object libs/url/CMakeFiles/boost_url.dir/src/params_encoded_base.cpp.o
[225/276] Building CXX object libs/url/CMakeFiles/boost_url.dir/src/params_encoded_view.cpp.o
[226/276] Building CXX object libs/url/CMakeFiles/boost_url.dir/src/params_encoded_ref.cpp.o
[227/276] Building CXX object libs/url/CMakeFiles/boost_url.dir/src/params_view.cpp.o
[228/276] Building CXX object libs/url/CMakeFiles/boost_url.dir/src/parse.cpp.o
[229/276] Building CXX object libs/url/CMakeFiles/boost_url.dir/src/params_ref.cpp.o
[230/276] Building CXX object libs/url/CMakeFiles/boost_url.dir/src/parse_query.cpp.o
[231/276] Building CXX object libs/url/CMakeFiles/boost_url.dir/src/pct_string_view.cpp.o
[232/276] Building CXX object libs/url/CMakeFiles/boost_url.dir/src/parse_path.cpp.o
[233/276] Building CXX object libs/url/CMakeFiles/boost_url.dir/src/rfc/detail/h16_rule.cpp.o
[234/276] Building CXX object libs/url/CMakeFiles/boost_url.dir/src/rfc/absolute_uri_rule.cpp.o
[235/276] Building CXX object libs/url/CMakeFiles/boost_url.dir/src/rfc/authority_rule.cpp.o
[236/276] Building CXX object libs/url/CMakeFiles/boost_url.dir/src/rfc/detail/host_rule.cpp.o
[237/276] Building CXX object libs/url/CMakeFiles/boost_url.dir/src/rfc/detail/hier_part_rule.cpp.o
[238/276] Building CXX object libs/url/CMakeFiles/boost_url.dir/src/rfc/detail/ip_literal_rule.cpp.o
[239/276] Building CXX object libs/url/CMakeFiles/boost_url.dir/src/rfc/detail/port_rule.cpp.o
[240/276] Building CXX object libs/url/CMakeFiles/boost_url.dir/src/rfc/detail/ipv6_addrz_rule.cpp.o
[241/276] Building CXX object libs/url/CMakeFiles/boost_url.dir/src/rfc/detail/ipvfuture_rule.cpp.o
[242/276] Building CXX object libs/url/CMakeFiles/boost_url.dir/src/rfc/detail/scheme_rule.cpp.o
[243/276] Building CXX object libs/url/CMakeFiles/boost_url.dir/src/rfc/detail/userinfo_rule.cpp.o
[244/276] Building CXX object libs/url/CMakeFiles/boost_url.dir/src/rfc/detail/relative_part_rule.cpp.o
[245/276] Building CXX object libs/url/CMakeFiles/boost_url.dir/src/rfc/ipv6_address_rule.cpp.o
[246/276] Building CXX object libs/url/CMakeFiles/boost_url.dir/src/rfc/ipv4_address_rule.cpp.o
[247/276] Building CXX object libs/url/CMakeFiles/boost_url.dir/src/rfc/origin_form_rule.cpp.o
[248/276] Building CXX object libs/url/CMakeFiles/boost_url.dir/src/rfc/query_rule.cpp.o
[249/276] Building CXX object libs/url/CMakeFiles/boost_url.dir/src/rfc/uri_reference_rule.cpp.o
In file included from /Users/runner/work/Orca-iOS-ipa/Orca-iOS-ipa/orca/deps/build/dep_Boost-prefix/src/dep_Boost/libs/url/src/rfc/uri_reference_rule.cpp:18:
/Users/runner/work/Orca-iOS-ipa/Orca-iOS-ipa/orca/deps/build/dep_Boost-prefix/src/dep_Boost/libs/url/include/boost/url/grammar/variant_rule.hpp:81:24: warning: 'variant' is deprecated: Use variant2::variant instead [-Wdeprecated-declarations]
   81 |     using value_type = variant<
      |                        ^
/Users/runner/work/Orca-iOS-ipa/Orca-iOS-ipa/orca/deps/build/dep_Boost-prefix/src/dep_Boost/libs/url/include/boost/url/grammar/variant_rule.hpp:81:24: note: in instantiation of template type alias 'variant' requested here
/Users/runner/work/Orca-iOS-ipa/Orca-iOS-ipa/orca/deps/build/dep_Boost-prefix/src/dep_Boost/libs/url/include/boost/url/variant.hpp:23:5: note: 'variant' has been explicitly marked deprecated here
   23 |     BOOST_URL_DEPRECATED("Use variant2::variant instead") =
      |     ^
/Users/runner/work/Orca-iOS-ipa/Orca-iOS-ipa/orca/deps/build/dep_Boost-prefix/src/dep_Boost/libs/url/include/boost/url/detail/config.hpp:131:35: note: expanded from macro 'BOOST_URL_DEPRECATED'
  131 | #define BOOST_URL_DEPRECATED(msg) BOOST_DEPRECATED(msg)
      |                                   ^
/Users/runner/work/Orca-iOS-ipa/Orca-iOS-ipa/orca/deps/build/dep_Boost-prefix/src/dep_Boost/libs/config/include/boost/config/compiler/clang.hpp:342:46: note: expanded from macro 'BOOST_DEPRECATED'
  342 | #define BOOST_DEPRECATED(msg) __attribute__((deprecated(msg)))
      |                                              ^
In file included from /Users/runner/work/Orca-iOS-ipa/Orca-iOS-ipa/orca/deps/build/dep_Boost-prefix/src/dep_Boost/libs/url/src/rfc/uri_reference_rule.cpp:18:
In file included from /Users/runner/work/Orca-iOS-ipa/Orca-iOS-ipa/orca/deps/build/dep_Boost-prefix/src/dep_Boost/libs/url/include/boost/url/grammar/variant_rule.hpp:129:
/Users/runner/work/Orca-iOS-ipa/Orca-iOS-ipa/orca/deps/build/dep_Boost-prefix/src/dep_Boost/libs/url/include/boost/url/grammar/impl/variant_rule.hpp:38:24: warning: 'variant' is deprecated: Use variant2::variant instead [-Wdeprecated-declarations]
   38 |         system::result<variant<
      |                        ^
/Users/runner/work/Orca-iOS-ipa/Orca-iOS-ipa/orca/deps/build/dep_Boost-prefix/src/dep_Boost/libs/url/include/boost/url/variant.hpp:23:5: note: 'variant' has been explicitly marked deprecated here
   23 |     BOOST_URL_DEPRECATED("Use variant2::variant instead") =
      |     ^
/Users/runner/work/Orca-iOS-ipa/Orca-iOS-ipa/orca/deps/build/dep_Boost-prefix/src/dep_Boost/libs/url/include/boost/url/detail/config.hpp:131:35: note: expanded from macro 'BOOST_URL_DEPRECATED'
  131 | #define BOOST_URL_DEPRECATED(msg) BOOST_DEPRECATED(msg)
      |                                   ^
/Users/runner/work/Orca-iOS-ipa/Orca-iOS-ipa/orca/deps/build/dep_Boost-prefix/src/dep_Boost/libs/config/include/boost/config/compiler/clang.hpp:342:46: note: expanded from macro 'BOOST_DEPRECATED'
  342 | #define BOOST_DEPRECATED(msg) __attribute__((deprecated(msg)))
      |                                              ^
In file included from /Users/runner/work/Orca-iOS-ipa/Orca-iOS-ipa/orca/deps/build/dep_Boost-prefix/src/dep_Boost/libs/url/src/rfc/uri_reference_rule.cpp:18:
In file included from /Users/runner/work/Orca-iOS-ipa/Orca-iOS-ipa/orca/deps/build/dep_Boost-prefix/src/dep_Boost/libs/url/include/boost/url/grammar/variant_rule.hpp:129:
/Users/runner/work/Orca-iOS-ipa/Orca-iOS-ipa/orca/deps/build/dep_Boost-prefix/src/dep_Boost/libs/url/include/boost/url/grammar/impl/variant_rule.hpp:60:24: warning: 'variant' is deprecated: Use variant2::variant instead [-Wdeprecated-declarations]
   60 |         system::result<variant<
      |                        ^
/Users/runner/work/Orca-iOS-ipa/Orca-iOS-ipa/orca/deps/build/dep_Boost-prefix/src/dep_Boost/libs/url/include/boost/url/variant.hpp:23:5: note: 'variant' has been explicitly marked deprecated here
   23 |     BOOST_URL_DEPRECATED("Use variant2::variant instead") =
      |     ^
/Users/runner/work/Orca-iOS-ipa/Orca-iOS-ipa/orca/deps/build/dep_Boost-prefix/src/dep_Boost/libs/url/include/boost/url/detail/config.hpp:131:35: note: expanded from macro 'BOOST_URL_DEPRECATED'
  131 | #define BOOST_URL_DEPRECATED(msg) BOOST_DEPRECATED(msg)
      |                                   ^
/Users/runner/work/Orca-iOS-ipa/Orca-iOS-ipa/orca/deps/build/dep_Boost-prefix/src/dep_Boost/libs/config/include/boost/config/compiler/clang.hpp:342:46: note: expanded from macro 'BOOST_DEPRECATED'
  342 | #define BOOST_DEPRECATED(msg) __attribute__((deprecated(msg)))
      |                                              ^
In file included from /Users/runner/work/Orca-iOS-ipa/Orca-iOS-ipa/orca/deps/build/dep_Boost-prefix/src/dep_Boost/libs/url/src/rfc/uri_reference_rule.cpp:18:
In file included from /Users/runner/work/Orca-iOS-ipa/Orca-iOS-ipa/orca/deps/build/dep_Boost-prefix/src/dep_Boost/libs/url/include/boost/url/grammar/variant_rule.hpp:129:
/Users/runner/work/Orca-iOS-ipa/Orca-iOS-ipa/orca/deps/build/dep_Boost-prefix/src/dep_Boost/libs/url/include/boost/url/grammar/impl/variant_rule.hpp:68:16: warning: 'variant' is deprecated: Use variant2::variant instead [-Wdeprecated-declarations]
   68 |         return variant<
      |                ^
/Users/runner/work/Orca-iOS-ipa/Orca-iOS-ipa/orca/deps/build/dep_Boost-prefix/src/dep_Boost/libs/url/include/boost/url/grammar/impl/variant_rule.hpp:68:16: note: in instantiation of template type alias 'variant' requested here
/Users/runner/work/Orca-iOS-ipa/Orca-iOS-ipa/orca/deps/build/dep_Boost-prefix/src/dep_Boost/libs/url/include/boost/url/variant.hpp:23:5: note: 'variant' has been explicitly marked deprecated here
   23 |     BOOST_URL_DEPRECATED("Use variant2::variant instead") =
      |     ^
/Users/runner/work/Orca-iOS-ipa/Orca-iOS-ipa/orca/deps/build/dep_Boost-prefix/src/dep_Boost/libs/url/include/boost/url/detail/config.hpp:131:35: note: expanded from macro 'BOOST_URL_DEPRECATED'
  131 | #define BOOST_URL_DEPRECATED(msg) BOOST_DEPRECATED(msg)
      |                                   ^
/Users/runner/work/Orca-iOS-ipa/Orca-iOS-ipa/orca/deps/build/dep_Boost-prefix/src/dep_Boost/libs/config/include/boost/config/compiler/clang.hpp:342:46: note: expanded from macro 'BOOST_DEPRECATED'
  342 | #define BOOST_DEPRECATED(msg) __attribute__((deprecated(msg)))
      |                                              ^
In file included from /Users/runner/work/Orca-iOS-ipa/Orca-iOS-ipa/orca/deps/build/dep_Boost-prefix/src/dep_Boost/libs/url/src/rfc/uri_reference_rule.cpp:18:
/Users/runner/work/Orca-iOS-ipa/Orca-iOS-ipa/orca/deps/build/dep_Boost-prefix/src/dep_Boost/libs/url/include/boost/url/grammar/variant_rule.hpp:81:24: warning: 'variant' is deprecated: Use variant2::variant instead [-Wdeprecated-declarations]
   81 |     using value_type = variant<
      |                        ^
/Users/runner/work/Orca-iOS-ipa/Orca-iOS-ipa/orca/deps/build/dep_Boost-prefix/src/dep_Boost/libs/url/include/boost/url/grammar/variant_rule.hpp:81:24: note: in instantiation of template type alias 'variant' requested here
/Users/runner/work/Orca-iOS-ipa/Orca-iOS-ipa/orca/deps/build/dep_Boost-prefix/src/dep_Boost/libs/url/include/boost/url/grammar/impl/variant_rule.hpp:104:1: note: in instantiation of template class 'boost::urls::grammar::variant_rule_t<boost::urls::uri_rule_t, boost::urls::relative_ref_rule_t>' requested here
  104 | variant_rule(
      | ^
/Users/runner/work/Orca-iOS-ipa/Orca-iOS-ipa/orca/deps/build/dep_Boost-prefix/src/dep_Boost/libs/url/src/rfc/uri_reference_rule.cpp:34:18: note: in instantiation of function template specialization 'boost::urls::grammar::variant_rule<boost::urls::uri_rule_t, boost::urls::relative_ref_rule_t>' requested here
   34 |         grammar::variant_rule(
      |                  ^
/Users/runner/work/Orca-iOS-ipa/Orca-iOS-ipa/orca/deps/build/dep_Boost-prefix/src/dep_Boost/libs/url/include/boost/url/variant.hpp:23:5: note: 'variant' has been explicitly marked deprecated here
   23 |     BOOST_URL_DEPRECATED("Use variant2::variant instead") =
      |     ^
/Users/runner/work/Orca-iOS-ipa/Orca-iOS-ipa/orca/deps/build/dep_Boost-prefix/src/dep_Boost/libs/url/include/boost/url/detail/config.hpp:131:35: note: expanded from macro 'BOOST_URL_DEPRECATED'
  131 | #define BOOST_URL_DEPRECATED(msg) BOOST_DEPRECATED(msg)
      |                                   ^
/Users/runner/work/Orca-iOS-ipa/Orca-iOS-ipa/orca/deps/build/dep_Boost-prefix/src/dep_Boost/libs/config/include/boost/config/compiler/clang.hpp:342:46: note: expanded from macro 'BOOST_DEPRECATED'
  342 | #define BOOST_DEPRECATED(msg) __attribute__((deprecated(msg)))
      |                                              ^
In file included from /Users/runner/work/Orca-iOS-ipa/Orca-iOS-ipa/orca/deps/build/dep_Boost-prefix/src/dep_Boost/libs/url/src/rfc/uri_reference_rule.cpp:18:
In file included from /Users/runner/work/Orca-iOS-ipa/Orca-iOS-ipa/orca/deps/build/dep_Boost-prefix/src/dep_Boost/libs/url/include/boost/url/grammar/variant_rule.hpp:129:
/Users/runner/work/Orca-iOS-ipa/Orca-iOS-ipa/orca/deps/build/dep_Boost-prefix/src/dep_Boost/libs/url/include/boost/url/grammar/impl/variant_rule.hpp:60:24: warning: 'variant' is deprecated: Use variant2::variant instead [-Wdeprecated-declarations]
   60 |         system::result<variant<
      |                        ^
/Users/runner/work/Orca-iOS-ipa/Orca-iOS-ipa/orca/deps/build/dep_Boost-prefix/src/dep_Boost/libs/url/include/boost/url/grammar/impl/parse.hpp:36:14: note: in instantiation of member function 'boost::urls::grammar::variant_rule_t<boost::urls::uri_rule_t, boost::urls::relative_ref_rule_t>::parse' requested here
   36 |     return r.parse(it, end);
      |              ^
/Users/runner/work/Orca-iOS-ipa/Orca-iOS-ipa/orca/deps/build/dep_Boost-prefix/src/dep_Boost/libs/url/src/rfc/uri_reference_rule.cpp:32:24: note: in instantiation of function template specialization 'boost::urls::grammar::parse<boost::urls::grammar::variant_rule_t<boost::urls::uri_rule_t, boost::urls::relative_ref_rule_t>>' requested here
   32 |     auto rv = grammar::parse(
      |                        ^
/Users/runner/work/Orca-iOS-ipa/Orca-iOS-ipa/orca/deps/build/dep_Boost-prefix/src/dep_Boost/libs/url/include/boost/url/variant.hpp:23:5: note: 'variant' has been explicitly marked deprecated here
   23 |     BOOST_URL_DEPRECATED("Use variant2::variant instead") =
      |     ^
/Users/runner/work/Orca-iOS-ipa/Orca-iOS-ipa/orca/deps/build/dep_Boost-prefix/src/dep_Boost/libs/url/include/boost/url/detail/config.hpp:131:35: note: expanded from macro 'BOOST_URL_DEPRECATED'
  131 | #define BOOST_URL_DEPRECATED(msg) BOOST_DEPRECATED(msg)
      |                                   ^
/Users/runner/work/Orca-iOS-ipa/Orca-iOS-ipa/orca/deps/build/dep_Boost-prefix/src/dep_Boost/libs/config/include/boost/config/compiler/clang.hpp:342:46: note: expanded from macro 'BOOST_DEPRECATED'
  342 | #define BOOST_DEPRECATED(msg) __attribute__((deprecated(msg)))
      |                                              ^
In file included from /Users/runner/work/Orca-iOS-ipa/Orca-iOS-ipa/orca/deps/build/dep_Boost-prefix/src/dep_Boost/libs/url/src/rfc/uri_reference_rule.cpp:18:
In file included from /Users/runner/work/Orca-iOS-ipa/Orca-iOS-ipa/orca/deps/build/dep_Boost-prefix/src/dep_Boost/libs/url/include/boost/url/grammar/variant_rule.hpp:129:
/Users/runner/work/Orca-iOS-ipa/Orca-iOS-ipa/orca/deps/build/dep_Boost-prefix/src/dep_Boost/libs/url/include/boost/url/grammar/impl/variant_rule.hpp:68:16: warning: 'variant' is deprecated: Use variant2::variant instead [-Wdeprecated-declarations]
   68 |         return variant<
      |                ^
/Users/runner/work/Orca-iOS-ipa/Orca-iOS-ipa/orca/deps/build/dep_Boost-prefix/src/dep_Boost/libs/url/include/boost/url/grammar/impl/variant_rule.hpp:68:16: note: in instantiation of template type alias 'variant' requested here
/Users/runner/work/Orca-iOS-ipa/Orca-iOS-ipa/orca/deps/build/dep_Boost-prefix/src/dep_Boost/libs/url/include/boost/url/grammar/impl/variant_rule.hpp:92:20: note: in instantiation of function template specialization 'boost::urls::grammar::detail::parse_variant<boost::urls::uri_rule_t, boost::urls::relative_ref_rule_t, 0UL>' requested here
   92 |     return detail::parse_variant(
      |                    ^
/Users/runner/work/Orca-iOS-ipa/Orca-iOS-ipa/orca/deps/build/dep_Boost-prefix/src/dep_Boost/libs/url/include/boost/url/grammar/impl/parse.hpp:36:14: note: in instantiation of member function 'boost::urls::grammar::variant_rule_t<boost::urls::uri_rule_t, boost::urls::relative_ref_rule_t>::parse' requested here
   36 |     return r.parse(it, end);
      |              ^
/Users/runner/work/Orca-iOS-ipa/Orca-iOS-ipa/orca/deps/build/dep_Boost-prefix/src/dep_Boost/libs/url/src/rfc/uri_reference_rule.cpp:32:24: note: in instantiation of function template specialization 'boost::urls::grammar::parse<boost::urls::grammar::variant_rule_t<boost::urls::uri_rule_t, boost::urls::relative_ref_rule_t>>' requested here
   32 |     auto rv = grammar::parse(
      |                        ^
/Users/runner/work/Orca-iOS-ipa/Orca-iOS-ipa/orca/deps/build/dep_Boost-prefix/src/dep_Boost/libs/url/include/boost/url/variant.hpp:23:5: note: 'variant' has been explicitly marked deprecated here
   23 |     BOOST_URL_DEPRECATED("Use variant2::variant instead") =
      |     ^
/Users/runner/work/Orca-iOS-ipa/Orca-iOS-ipa/orca/deps/build/dep_Boost-prefix/src/dep_Boost/libs/url/include/boost/url/detail/config.hpp:131:35: note: expanded from macro 'BOOST_URL_DEPRECATED'
  131 | #define BOOST_URL_DEPRECATED(msg) BOOST_DEPRECATED(msg)
      |                                   ^
/Users/runner/work/Orca-iOS-ipa/Orca-iOS-ipa/orca/deps/build/dep_Boost-prefix/src/dep_Boost/libs/config/include/boost/config/compiler/clang.hpp:342:46: note: expanded from macro 'BOOST_DEPRECATED'
  342 | #define BOOST_DEPRECATED(msg) __attribute__((deprecated(msg)))
      |                                              ^
In file included from /Users/runner/work/Orca-iOS-ipa/Orca-iOS-ipa/orca/deps/build/dep_Boost-prefix/src/dep_Boost/libs/url/src/rfc/uri_reference_rule.cpp:18:
In file included from /Users/runner/work/Orca-iOS-ipa/Orca-iOS-ipa/orca/deps/build/dep_Boost-prefix/src/dep_Boost/libs/url/include/boost/url/grammar/variant_rule.hpp:129:
/Users/runner/work/Orca-iOS-ipa/Orca-iOS-ipa/orca/deps/build/dep_Boost-prefix/src/dep_Boost/libs/url/include/boost/url/grammar/impl/variant_rule.hpp:60:24: warning: 'variant' is deprecated: Use variant2::variant instead [-Wdeprecated-declarations]
   60 |         system::result<variant<
      |                        ^
/Users/runner/work/Orca-iOS-ipa/Orca-iOS-ipa/orca/deps/build/dep_Boost-prefix/src/dep_Boost/libs/url/include/boost/url/grammar/impl/variant_rule.hpp:92:20: note: in instantiation of function template specialization 'boost::urls::grammar::detail::parse_variant<boost::urls::uri_rule_t, boost::urls::relative_ref_rule_t, 0UL>' requested here
   92 |     return detail::parse_variant(
      |                    ^
/Users/runner/work/Orca-iOS-ipa/Orca-iOS-ipa/orca/deps/build/dep_Boost-prefix/src/dep_Boost/libs/url/include/boost/url/grammar/impl/parse.hpp:36:14: note: in instantiation of member function 'boost::urls::grammar::variant_rule_t<boost::urls::uri_rule_t, boost::urls::relative_ref_rule_t>::parse' requested here
   36 |     return r.parse(it, end);
      |              ^
/Users/runner/work/Orca-iOS-ipa/Orca-iOS-ipa/orca/deps/build/dep_Boost-prefix/src/dep_Boost/libs/url/src/rfc/uri_reference_rule.cpp:32:24: note: in instantiation of function template specialization 'boost::urls::grammar::parse<boost::urls::grammar::variant_rule_t<boost::urls::uri_rule_t, boost::urls::relative_ref_rule_t>>' requested here
   32 |     auto rv = grammar::parse(
      |                        ^
/Users/runner/work/Orca-iOS-ipa/Orca-iOS-ipa/orca/deps/build/dep_Boost-prefix/src/dep_Boost/libs/url/include/boost/url/variant.hpp:23:5: note: 'variant' has been explicitly marked deprecated here
   23 |     BOOST_URL_DEPRECATED("Use variant2::variant instead") =
      |     ^
/Users/runner/work/Orca-iOS-ipa/Orca-iOS-ipa/orca/deps/build/dep_Boost-prefix/src/dep_Boost/libs/url/include/boost/url/detail/config.hpp:131:35: note: expanded from macro 'BOOST_URL_DEPRECATED'
  131 | #define BOOST_URL_DEPRECATED(msg) BOOST_DEPRECATED(msg)
      |                                   ^
/Users/runner/work/Orca-iOS-ipa/Orca-iOS-ipa/orca/deps/build/dep_Boost-prefix/src/dep_Boost/libs/config/include/boost/config/compiler/clang.hpp:342:46: note: expanded from macro 'BOOST_DEPRECATED'
  342 | #define BOOST_DEPRECATED(msg) __attribute__((deprecated(msg)))
      |                                              ^
In file included from /Users/runner/work/Orca-iOS-ipa/Orca-iOS-ipa/orca/deps/build/dep_Boost-prefix/src/dep_Boost/libs/url/src/rfc/uri_reference_rule.cpp:18:
In file included from /Users/runner/work/Orca-iOS-ipa/Orca-iOS-ipa/orca/deps/build/dep_Boost-prefix/src/dep_Boost/libs/url/include/boost/url/grammar/variant_rule.hpp:129:
/Users/runner/work/Orca-iOS-ipa/Orca-iOS-ipa/orca/deps/build/dep_Boost-prefix/src/dep_Boost/libs/url/include/boost/url/grammar/impl/variant_rule.hpp:68:16: warning: 'variant' is deprecated: Use variant2::variant instead [-Wdeprecated-declarations]
   68 |         return variant<
      |                ^
/Users/runner/work/Orca-iOS-ipa/Orca-iOS-ipa/orca/deps/build/dep_Boost-prefix/src/dep_Boost/libs/url/include/boost/url/grammar/impl/variant_rule.hpp:68:16: note: in instantiation of template type alias 'variant' requested here
/Users/runner/work/Orca-iOS-ipa/Orca-iOS-ipa/orca/deps/build/dep_Boost-prefix/src/dep_Boost/libs/url/include/boost/url/grammar/impl/variant_rule.hpp:73:12: note: in instantiation of function template specialization 'boost::urls::grammar::detail::parse_variant<boost::urls::uri_rule_t, boost::urls::relative_ref_rule_t, 1UL>' requested here
   73 |     return parse_variant(
      |            ^
/Users/runner/work/Orca-iOS-ipa/Orca-iOS-ipa/orca/deps/build/dep_Boost-prefix/src/dep_Boost/libs/url/include/boost/url/grammar/impl/variant_rule.hpp:92:20: note: in instantiation of function template specialization 'boost::urls::grammar::detail::parse_variant<boost::urls::uri_rule_t, boost::urls::relative_ref_rule_t, 0UL>' requested here
   92 |     return detail::parse_variant(
      |                    ^
/Users/runner/work/Orca-iOS-ipa/Orca-iOS-ipa/orca/deps/build/dep_Boost-prefix/src/dep_Boost/libs/url/include/boost/url/grammar/impl/parse.hpp:36:14: note: in instantiation of member function 'boost::urls::grammar::variant_rule_t<boost::urls::uri_rule_t, boost::urls::relative_ref_rule_t>::parse' requested here
   36 |     return r.parse(it, end);
      |              ^
/Users/runner/work/Orca-iOS-ipa/Orca-iOS-ipa/orca/deps/build/dep_Boost-prefix/src/dep_Boost/libs/url/src/rfc/uri_reference_rule.cpp:32:24: note: in instantiation of function template specialization 'boost::urls::grammar::parse<boost::urls::grammar::variant_rule_t<boost::urls::uri_rule_t, boost::urls::relative_ref_rule_t>>' requested here
   32 |     auto rv = grammar::parse(
      |                        ^
/Users/runner/work/Orca-iOS-ipa/Orca-iOS-ipa/orca/deps/build/dep_Boost-prefix/src/dep_Boost/libs/url/include/boost/url/variant.hpp:23:5: note: 'variant' has been explicitly marked deprecated here
   23 |     BOOST_URL_DEPRECATED("Use variant2::variant instead") =
      |     ^
/Users/runner/work/Orca-iOS-ipa/Orca-iOS-ipa/orca/deps/build/dep_Boost-prefix/src/dep_Boost/libs/url/include/boost/url/detail/config.hpp:131:35: note: expanded from macro 'BOOST_URL_DEPRECATED'
  131 | #define BOOST_URL_DEPRECATED(msg) BOOST_DEPRECATED(msg)
      |                                   ^
/Users/runner/work/Orca-iOS-ipa/Orca-iOS-ipa/orca/deps/build/dep_Boost-prefix/src/dep_Boost/libs/config/include/boost/config/compiler/clang.hpp:342:46: note: expanded from macro 'BOOST_DEPRECATED'
  342 | #define BOOST_DEPRECATED(msg) __attribute__((deprecated(msg)))
      |                                              ^
In file included from /Users/runner/work/Orca-iOS-ipa/Orca-iOS-ipa/orca/deps/build/dep_Boost-prefix/src/dep_Boost/libs/url/src/rfc/uri_reference_rule.cpp:18:
In file included from /Users/runner/work/Orca-iOS-ipa/Orca-iOS-ipa/orca/deps/build/dep_Boost-prefix/src/dep_Boost/libs/url/include/boost/url/grammar/variant_rule.hpp:129:
/Users/runner/work/Orca-iOS-ipa/Orca-iOS-ipa/orca/deps/build/dep_Boost-prefix/src/dep_Boost/libs/url/include/boost/url/grammar/impl/variant_rule.hpp:38:24: warning: 'variant' is deprecated: Use variant2::variant instead [-Wdeprecated-declarations]
   38 |         system::result<variant<
      |                        ^
/Users/runner/work/Orca-iOS-ipa/Orca-iOS-ipa/orca/deps/build/dep_Boost-prefix/src/dep_Boost/libs/url/include/boost/url/grammar/impl/variant_rule.hpp:73:12: note: in instantiation of function template specialization 'boost::urls::grammar::detail::parse_variant<boost::urls::uri_rule_t, boost::urls::relative_ref_rule_t, 1UL>' requested here
   73 |     return parse_variant(
      |            ^
/Users/runner/work/Orca-iOS-ipa/Orca-iOS-ipa/orca/deps/build/dep_Boost-prefix/src/dep_Boost/libs/url/include/boost/url/grammar/impl/variant_rule.hpp:92:20: note: in instantiation of function template specialization 'boost::urls::grammar::detail::parse_variant<boost::urls::uri_rule_t, boost::urls::relative_ref_rule_t, 0UL>' requested here
   92 |     return detail::parse_variant(
      |                    ^
/Users/runner/work/Orca-iOS-ipa/Orca-iOS-ipa/orca/deps/build/dep_Boost-prefix/src/dep_Boost/libs/url/include/boost/url/grammar/impl/parse.hpp:36:14: note: in instantiation of member function 'boost::urls::grammar::variant_rule_t<boost::urls::uri_rule_t, boost::urls::relative_ref_rule_t>::parse' requested here
   36 |     return r.parse(it, end);
      |              ^
/Users/runner/work/Orca-iOS-ipa/Orca-iOS-ipa/orca/deps/build/dep_Boost-prefix/src/dep_Boost/libs/url/src/rfc/uri_reference_rule.cpp:32:24: note: in instantiation of function template specialization 'boost::urls::grammar::parse<boost::urls::grammar::variant_rule_t<boost::urls::uri_rule_t, boost::urls::relative_ref_rule_t>>' requested here
   32 |     auto rv = grammar::parse(
      |                        ^
/Users/runner/work/Orca-iOS-ipa/Orca-iOS-ipa/orca/deps/build/dep_Boost-prefix/src/dep_Boost/libs/url/include/boost/url/variant.hpp:23:5: note: 'variant' has been explicitly marked deprecated here
   23 |     BOOST_URL_DEPRECATED("Use variant2::variant instead") =
      |     ^
/Users/runner/work/Orca-iOS-ipa/Orca-iOS-ipa/orca/deps/build/dep_Boost-prefix/src/dep_Boost/libs/url/include/boost/url/detail/config.hpp:131:35: note: expanded from macro 'BOOST_URL_DEPRECATED'
  131 | #define BOOST_URL_DEPRECATED(msg) BOOST_DEPRECATED(msg)
      |                                   ^
/Users/runner/work/Orca-iOS-ipa/Orca-iOS-ipa/orca/deps/build/dep_Boost-prefix/src/dep_Boost/libs/config/include/boost/config/compiler/clang.hpp:342:46: note: expanded from macro 'BOOST_DEPRECATED'
  342 | #define BOOST_DEPRECATED(msg) __attribute__((deprecated(msg)))
      |                                              ^
10 warnings generated.
[250/276] Building CXX object libs/url/CMakeFiles/boost_url.dir/src/rfc/relative_ref_rule.cpp.o
[251/276] Building CXX object libs/url/CMakeFiles/boost_url.dir/src/scheme.cpp.o
[252/276] Building CXX object libs/url/CMakeFiles/boost_url.dir/src/segments_base.cpp.o
[253/276] Building CXX object libs/url/CMakeFiles/boost_url.dir/src/rfc/uri_rule.cpp.o
[254/276] Building CXX object libs/url/CMakeFiles/boost_url.dir/src/segments_encoded_base.cpp.o
[255/276] Building CXX object libs/url/CMakeFiles/boost_url.dir/src/segments_encoded_ref.cpp.o
[256/276] Building CXX object libs/url/CMakeFiles/boost_url.dir/src/segments_encoded_view.cpp.o
[257/276] Building CXX object libs/url/CMakeFiles/boost_url.dir/src/segments_ref.cpp.o
[258/276] Building CXX object libs/url/CMakeFiles/boost_url.dir/src/segments_view.cpp.o
[259/276] Building CXX object libs/url/CMakeFiles/boost_url.dir/src/static_url.cpp.o
[260/276] Building CXX object libs/url/CMakeFiles/boost_url.dir/src/url.cpp.o
[261/276] Building CXX object libs/url/CMakeFiles/boost_url.dir/src/url_view.cpp.o
[262/276] Linking CXX static library stage/lib/libboost_cobalt.a
[263/276] Linking CXX static library stage/lib/libboost_graph.a
[264/276] Building CXX object libs/url/CMakeFiles/boost_url.dir/src/url_base.cpp.o
[265/276] Linking CXX static library stage/lib/libboost_iostreams.a
[266/276] Linking CXX static library stage/lib/libboost_json.a
[267/276] Linking CXX static library stage/lib/libboost_log_setup.a
[268/276] Linking CXX static library stage/lib/libboost_locale.a
[269/276] Building CXX object libs/url/CMakeFiles/boost_url.dir/src/url_view_base.cpp.o
[270/276] Linking CXX static library stage/lib/libboost_nowide.a
[271/276] Linking CXX static library stage/lib/libboost_program_options.a
[272/276] Linking CXX static library stage/lib/libboost_timer.a
[273/276] Linking CXX static library stage/lib/libboost_wserialization.a
[274/276] Linking CXX static library stage/lib/libboost_type_erasure.a
[275/276] Linking CXX static library stage/lib/libboost_url.a
ninja: build stopped: subcommand failed.
