+ PREFIX=/Users/runner/work/Orca-iOS-ipa/Orca-iOS-ipa/wx-prefix
+ SDK=iphonesimulator
+ MIN=17.0
+++ dirname ./build.sh
++ cd .
++ pwd
+ HERE=/Users/runner/work/Orca-iOS-ipa/Orca-iOS-ipa/smoke-app
+ OUT=/Users/runner/work/Orca-iOS-ipa/Orca-iOS-ipa/smoke-app/build
+ APP=/Users/runner/work/Orca-iOS-ipa/Orca-iOS-ipa/smoke-app/build/WxSmoke.app
+ mkdir -p /Users/runner/work/Orca-iOS-ipa/Orca-iOS-ipa/smoke-app/build/WxSmoke.app
++ ls -d /Users/runner/work/Orca-iOS-ipa/Orca-iOS-ipa/wx-prefix/lib/wx/include/osx_iphone-unicode-static-3.3/
+ SETUP_DIR=/Users/runner/work/Orca-iOS-ipa/Orca-iOS-ipa/wx-prefix/lib/wx/include/osx_iphone-unicode-static-3.3/
++ ls /Users/runner/work/Orca-iOS-ipa/Orca-iOS-ipa/wx-prefix/lib/libwx_baseu_net-3.3-iOS.a /Users/runner/work/Orca-iOS-ipa/Orca-iOS-ipa/wx-prefix/lib/libwx_baseu-3.3-iOS.a /Users/runner/work/Orca-iOS-ipa/Orca-iOS-ipa/wx-prefix/lib/libwx_osx_iphoneu_adv-3.3-iOS.a /Users/runner/work/Orca-iOS-ipa/Orca-iOS-ipa/wx-prefix/lib/libwx_osx_iphoneu_aui-3.3-iOS.a /Users/runner/work/Orca-iOS-ipa/Orca-iOS-ipa/wx-prefix/lib/libwx_osx_iphoneu_core-3.3-iOS.a /Users/runner/work/Orca-iOS-ipa/Orca-iOS-ipa/wx-prefix/lib/libwx_osx_iphoneu_gl-3.3-iOS.a /Users/runner/work/Orca-iOS-ipa/Orca-iOS-ipa/wx-prefix/lib/libwx_osx_iphoneu_html-3.3-iOS.a /Users/runner/work/Orca-iOS-ipa/Orca-iOS-ipa/wx-prefix/lib/libwx_osx_iphoneu_propgrid-3.3-iOS.a /Users/runner/work/Orca-iOS-ipa/Orca-iOS-ipa/wx-prefix/lib/libwx_osx_iphoneu_qa-3.3-iOS.a /Users/runner/work/Orca-iOS-ipa/Orca-iOS-ipa/wx-prefix/lib/libwx_osx_iphoneu_ribbon-3.3-iOS.a /Users/runner/work/Orca-iOS-ipa/Orca-iOS-ipa/wx-prefix/lib/libwx_osx_iphoneu_richtext-3.3-iOS.a /Users/runner/work/Orca-iOS-ipa/Orca-iOS-ipa/wx-prefix/lib/libwx_osx_iphoneu_stc-3.3-iOS.a /Users/runner/work/Orca-iOS-ipa/Orca-iOS-ipa/wx-prefix/lib/libwxjpeg-3.3.a /Users/runner/work/Orca-iOS-ipa/Orca-iOS-ipa/wx-prefix/lib/libwxlexilla-3.3.a /Users/runner/work/Orca-iOS-ipa/Orca-iOS-ipa/wx-prefix/lib/libwxpng-3.3.a /Users/runner/work/Orca-iOS-ipa/Orca-iOS-ipa/wx-prefix/lib/libwxregexu-3.3.a /Users/runner/work/Orca-iOS-ipa/Orca-iOS-ipa/wx-prefix/lib/libwxscintilla-3.3.a /Users/runner/work/Orca-iOS-ipa/Orca-iOS-ipa/wx-prefix/lib/libwxsharpyuv-3.3.a /Users/runner/work/Orca-iOS-ipa/Orca-iOS-ipa/wx-prefix/lib/libwxtiff-3.3.a /Users/runner/work/Orca-iOS-ipa/Orca-iOS-ipa/wx-prefix/lib/libwxwebp-3.3.a /Users/runner/work/Orca-iOS-ipa/Orca-iOS-ipa/wx-prefix/lib/libwxwebpdemux-3.3.a
+ WXLIBS='/Users/runner/work/Orca-iOS-ipa/Orca-iOS-ipa/wx-prefix/lib/libwx_baseu_net-3.3-iOS.a
/Users/runner/work/Orca-iOS-ipa/Orca-iOS-ipa/wx-prefix/lib/libwx_baseu-3.3-iOS.a
/Users/runner/work/Orca-iOS-ipa/Orca-iOS-ipa/wx-prefix/lib/libwx_osx_iphoneu_adv-3.3-iOS.a
/Users/runner/work/Orca-iOS-ipa/Orca-iOS-ipa/wx-prefix/lib/libwx_osx_iphoneu_aui-3.3-iOS.a
/Users/runner/work/Orca-iOS-ipa/Orca-iOS-ipa/wx-prefix/lib/libwx_osx_iphoneu_core-3.3-iOS.a
/Users/runner/work/Orca-iOS-ipa/Orca-iOS-ipa/wx-prefix/lib/libwx_osx_iphoneu_gl-3.3-iOS.a
/Users/runner/work/Orca-iOS-ipa/Orca-iOS-ipa/wx-prefix/lib/libwx_osx_iphoneu_html-3.3-iOS.a
/Users/runner/work/Orca-iOS-ipa/Orca-iOS-ipa/wx-prefix/lib/libwx_osx_iphoneu_propgrid-3.3-iOS.a
/Users/runner/work/Orca-iOS-ipa/Orca-iOS-ipa/wx-prefix/lib/libwx_osx_iphoneu_qa-3.3-iOS.a
/Users/runner/work/Orca-iOS-ipa/Orca-iOS-ipa/wx-prefix/lib/libwx_osx_iphoneu_ribbon-3.3-iOS.a
/Users/runner/work/Orca-iOS-ipa/Orca-iOS-ipa/wx-prefix/lib/libwx_osx_iphoneu_richtext-3.3-iOS.a
/Users/runner/work/Orca-iOS-ipa/Orca-iOS-ipa/wx-prefix/lib/libwx_osx_iphoneu_stc-3.3-iOS.a
/Users/runner/work/Orca-iOS-ipa/Orca-iOS-ipa/wx-prefix/lib/libwxjpeg-3.3.a
/Users/runner/work/Orca-iOS-ipa/Orca-iOS-ipa/wx-prefix/lib/libwxlexilla-3.3.a
/Users/runner/work/Orca-iOS-ipa/Orca-iOS-ipa/wx-prefix/lib/libwxpng-3.3.a
/Users/runner/work/Orca-iOS-ipa/Orca-iOS-ipa/wx-prefix/lib/libwxregexu-3.3.a
/Users/runner/work/Orca-iOS-ipa/Orca-iOS-ipa/wx-prefix/lib/libwxscintilla-3.3.a
/Users/runner/work/Orca-iOS-ipa/Orca-iOS-ipa/wx-prefix/lib/libwxsharpyuv-3.3.a
/Users/runner/work/Orca-iOS-ipa/Orca-iOS-ipa/wx-prefix/lib/libwxtiff-3.3.a
/Users/runner/work/Orca-iOS-ipa/Orca-iOS-ipa/wx-prefix/lib/libwxwebp-3.3.a
/Users/runner/work/Orca-iOS-ipa/Orca-iOS-ipa/wx-prefix/lib/libwxwebpdemux-3.3.a'
+ xcrun -sdk iphonesimulator clang++ -std=c++17 -arch arm64 -mios-simulator-version-min=17.0 -D__WXOSX_IPHONE__ -D_FILE_OFFSET_BITS=64 -I/Users/runner/work/Orca-iOS-ipa/Orca-iOS-ipa/wx-prefix/include/wx-3.3 -I/Users/runner/work/Orca-iOS-ipa/Orca-iOS-ipa/wx-prefix/lib/wx/include/osx_iphone-unicode-static-3.3/ /Users/runner/work/Orca-iOS-ipa/Orca-iOS-ipa/smoke-app/main.cpp -o /Users/runner/work/Orca-iOS-ipa/Orca-iOS-ipa/smoke-app/build/WxSmoke.app/WxSmoke /Users/runner/work/Orca-iOS-ipa/Orca-iOS-ipa/wx-prefix/lib/libwx_baseu_net-3.3-iOS.a /Users/runner/work/Orca-iOS-ipa/Orca-iOS-ipa/wx-prefix/lib/libwx_baseu-3.3-iOS.a /Users/runner/work/Orca-iOS-ipa/Orca-iOS-ipa/wx-prefix/lib/libwx_osx_iphoneu_adv-3.3-iOS.a /Users/runner/work/Orca-iOS-ipa/Orca-iOS-ipa/wx-prefix/lib/libwx_osx_iphoneu_aui-3.3-iOS.a /Users/runner/work/Orca-iOS-ipa/Orca-iOS-ipa/wx-prefix/lib/libwx_osx_iphoneu_core-3.3-iOS.a /Users/runner/work/Orca-iOS-ipa/Orca-iOS-ipa/wx-prefix/lib/libwx_osx_iphoneu_gl-3.3-iOS.a /Users/runner/work/Orca-iOS-ipa/Orca-iOS-ipa/wx-prefix/lib/libwx_osx_iphoneu_html-3.3-iOS.a /Users/runner/work/Orca-iOS-ipa/Orca-iOS-ipa/wx-prefix/lib/libwx_osx_iphoneu_propgrid-3.3-iOS.a /Users/runner/work/Orca-iOS-ipa/Orca-iOS-ipa/wx-prefix/lib/libwx_osx_iphoneu_qa-3.3-iOS.a /Users/runner/work/Orca-iOS-ipa/Orca-iOS-ipa/wx-prefix/lib/libwx_osx_iphoneu_ribbon-3.3-iOS.a /Users/runner/work/Orca-iOS-ipa/Orca-iOS-ipa/wx-prefix/lib/libwx_osx_iphoneu_richtext-3.3-iOS.a /Users/runner/work/Orca-iOS-ipa/Orca-iOS-ipa/wx-prefix/lib/libwx_osx_iphoneu_stc-3.3-iOS.a /Users/runner/work/Orca-iOS-ipa/Orca-iOS-ipa/wx-prefix/lib/libwxjpeg-3.3.a /Users/runner/work/Orca-iOS-ipa/Orca-iOS-ipa/wx-prefix/lib/libwxlexilla-3.3.a /Users/runner/work/Orca-iOS-ipa/Orca-iOS-ipa/wx-prefix/lib/libwxpng-3.3.a /Users/runner/work/Orca-iOS-ipa/Orca-iOS-ipa/wx-prefix/lib/libwxregexu-3.3.a /Users/runner/work/Orca-iOS-ipa/Orca-iOS-ipa/wx-prefix/lib/libwxscintilla-3.3.a /Users/runner/work/Orca-iOS-ipa/Orca-iOS-ipa/wx-prefix/lib/libwxsharpyuv-3.3.a /Users/runner/work/Orca-iOS-ipa/Orca-iOS-ipa/wx-prefix/lib/libwxtiff-3.3.a /Users/runner/work/Orca-iOS-ipa/Orca-iOS-ipa/wx-prefix/lib/libwxwebp-3.3.a /Users/runner/work/Orca-iOS-ipa/Orca-iOS-ipa/wx-prefix/lib/libwxwebpdemux-3.3.a /Users/runner/work/Orca-iOS-ipa/Orca-iOS-ipa/wx-prefix/lib/libwx_baseu_net-3.3-iOS.a /Users/runner/work/Orca-iOS-ipa/Orca-iOS-ipa/wx-prefix/lib/libwx_baseu-3.3-iOS.a /Users/runner/work/Orca-iOS-ipa/Orca-iOS-ipa/wx-prefix/lib/libwx_osx_iphoneu_adv-3.3-iOS.a /Users/runner/work/Orca-iOS-ipa/Orca-iOS-ipa/wx-prefix/lib/libwx_osx_iphoneu_aui-3.3-iOS.a /Users/runner/work/Orca-iOS-ipa/Orca-iOS-ipa/wx-prefix/lib/libwx_osx_iphoneu_core-3.3-iOS.a /Users/runner/work/Orca-iOS-ipa/Orca-iOS-ipa/wx-prefix/lib/libwx_osx_iphoneu_gl-3.3-iOS.a /Users/runner/work/Orca-iOS-ipa/Orca-iOS-ipa/wx-prefix/lib/libwx_osx_iphoneu_html-3.3-iOS.a /Users/runner/work/Orca-iOS-ipa/Orca-iOS-ipa/wx-prefix/lib/libwx_osx_iphoneu_propgrid-3.3-iOS.a /Users/runner/work/Orca-iOS-ipa/Orca-iOS-ipa/wx-prefix/lib/libwx_osx_iphoneu_qa-3.3-iOS.a /Users/runner/work/Orca-iOS-ipa/Orca-iOS-ipa/wx-prefix/lib/libwx_osx_iphoneu_ribbon-3.3-iOS.a /Users/runner/work/Orca-iOS-ipa/Orca-iOS-ipa/wx-prefix/lib/libwx_osx_iphoneu_richtext-3.3-iOS.a /Users/runner/work/Orca-iOS-ipa/Orca-iOS-ipa/wx-prefix/lib/libwx_osx_iphoneu_stc-3.3-iOS.a /Users/runner/work/Orca-iOS-ipa/Orca-iOS-ipa/wx-prefix/lib/libwxjpeg-3.3.a /Users/runner/work/Orca-iOS-ipa/Orca-iOS-ipa/wx-prefix/lib/libwxlexilla-3.3.a /Users/runner/work/Orca-iOS-ipa/Orca-iOS-ipa/wx-prefix/lib/libwxpng-3.3.a /Users/runner/work/Orca-iOS-ipa/Orca-iOS-ipa/wx-prefix/lib/libwxregexu-3.3.a /Users/runner/work/Orca-iOS-ipa/Orca-iOS-ipa/wx-prefix/lib/libwxscintilla-3.3.a /Users/runner/work/Orca-iOS-ipa/Orca-iOS-ipa/wx-prefix/lib/libwxsharpyuv-3.3.a /Users/runner/work/Orca-iOS-ipa/Orca-iOS-ipa/wx-prefix/lib/libwxtiff-3.3.a /Users/runner/work/Orca-iOS-ipa/Orca-iOS-ipa/wx-prefix/lib/libwxwebp-3.3.a /Users/runner/work/Orca-iOS-ipa/Orca-iOS-ipa/wx-prefix/lib/libwxwebpdemux-3.3.a -framework UIKit -framework OpenGLES -framework QuartzCore -framework CoreGraphics -framework CoreText -framework CoreFoundation -framework Foundation -framework Security -framework AudioToolbox -framework CFNetwork -framework MobileCoreServices -lz -liconv -lexpat -llzma
/Users/runner/work/Orca-iOS-ipa/Orca-iOS-ipa/smoke-app/main.cpp:24:9: warning: 'glClearColor' is deprecated: first deprecated in iOS 12.0 - OpenGLES API deprecated. (Define GLES_SILENCE_DEPRECATION to silence these warnings) [-Wdeprecated-declarations]
   24 |         glClearColor(0.10f, 0.55f, 0.30f, 1.0f); // green = GL context alive
      |         ^
/Applications/Xcode_16.4.app/Contents/Developer/Platforms/iPhoneSimulator.platform/Developer/SDKs/iPhoneSimulator18.5.sdk/System/Library/Frameworks/OpenGLES.framework/Headers/ES1/gl.h:639:25: note: 'glClearColor' has been explicitly marked deprecated here
  639 | GL_API void GL_APIENTRY glClearColor (GLclampf red, GLclampf green, GLclampf blue, GLclampf alpha) OPENGLES_DEPRECATED(ios(2.0, 12.0), tvos(9.0, 12.0));
      |                         ^
/Users/runner/work/Orca-iOS-ipa/Orca-iOS-ipa/smoke-app/main.cpp:25:9: warning: 'glClear' is deprecated: first deprecated in iOS 12.0 - OpenGLES API deprecated. (Define GLES_SILENCE_DEPRECATION to silence these warnings) [-Wdeprecated-declarations]
   25 |         glClear(GL_COLOR_BUFFER_BIT);
      |         ^
/Applications/Xcode_16.4.app/Contents/Developer/Platforms/iPhoneSimulator.platform/Developer/SDKs/iPhoneSimulator18.5.sdk/System/Library/Frameworks/OpenGLES.framework/Headers/ES1/gl.h:685:25: note: 'glClear' has been explicitly marked deprecated here
  685 | GL_API void GL_APIENTRY glClear (GLbitfield mask) OPENGLES_DEPRECATED(ios(2.0, 12.0), tvos(9.0, 12.0));
      |                         ^
2 warnings generated.
ld: warning: ignoring duplicate libraries: '/Users/runner/work/Orca-iOS-ipa/Orca-iOS-ipa/wx-prefix/lib/libwx_baseu-3.3-iOS.a', '/Users/runner/work/Orca-iOS-ipa/Orca-iOS-ipa/wx-prefix/lib/libwx_baseu_net-3.3-iOS.a', '/Users/runner/work/Orca-iOS-ipa/Orca-iOS-ipa/wx-prefix/lib/libwx_osx_iphoneu_adv-3.3-iOS.a', '/Users/runner/work/Orca-iOS-ipa/Orca-iOS-ipa/wx-prefix/lib/libwx_osx_iphoneu_aui-3.3-iOS.a', '/Users/runner/work/Orca-iOS-ipa/Orca-iOS-ipa/wx-prefix/lib/libwx_osx_iphoneu_core-3.3-iOS.a', '/Users/runner/work/Orca-iOS-ipa/Orca-iOS-ipa/wx-prefix/lib/libwx_osx_iphoneu_gl-3.3-iOS.a', '/Users/runner/work/Orca-iOS-ipa/Orca-iOS-ipa/wx-prefix/lib/libwx_osx_iphoneu_html-3.3-iOS.a', '/Users/runner/work/Orca-iOS-ipa/Orca-iOS-ipa/wx-prefix/lib/libwx_osx_iphoneu_propgrid-3.3-iOS.a', '/Users/runner/work/Orca-iOS-ipa/Orca-iOS-ipa/wx-prefix/lib/libwx_osx_iphoneu_qa-3.3-iOS.a', '/Users/runner/work/Orca-iOS-ipa/Orca-iOS-ipa/wx-prefix/lib/libwx_osx_iphoneu_ribbon-3.3-iOS.a', '/Users/runner/work/Orca-iOS-ipa/Orca-iOS-ipa/wx-prefix/lib/libwx_osx_iphoneu_richtext-3.3-iOS.a', '/Users/runner/work/Orca-iOS-ipa/Orca-iOS-ipa/wx-prefix/lib/libwx_osx_iphoneu_stc-3.3-iOS.a', '/Users/runner/work/Orca-iOS-ipa/Orca-iOS-ipa/wx-prefix/lib/libwxjpeg-3.3.a', '/Users/runner/work/Orca-iOS-ipa/Orca-iOS-ipa/wx-prefix/lib/libwxlexilla-3.3.a', '/Users/runner/work/Orca-iOS-ipa/Orca-iOS-ipa/wx-prefix/lib/libwxpng-3.3.a', '/Users/runner/work/Orca-iOS-ipa/Orca-iOS-ipa/wx-prefix/lib/libwxregexu-3.3.a', '/Users/runner/work/Orca-iOS-ipa/Orca-iOS-ipa/wx-prefix/lib/libwxscintilla-3.3.a', '/Users/runner/work/Orca-iOS-ipa/Orca-iOS-ipa/wx-prefix/lib/libwxsharpyuv-3.3.a', '/Users/runner/work/Orca-iOS-ipa/Orca-iOS-ipa/wx-prefix/lib/libwxtiff-3.3.a', '/Users/runner/work/Orca-iOS-ipa/Orca-iOS-ipa/wx-prefix/lib/libwxwebp-3.3.a', '/Users/runner/work/Orca-iOS-ipa/Orca-iOS-ipa/wx-prefix/lib/libwxwebpdemux-3.3.a'
Undefined symbols for architecture arm64:
  "_OBJC_CLASS_$_GLKView", referenced from:
      _OBJC_CLASS_$_wxUICustomOpenGLView in libwx_osx_iphoneu_gl-3.3-iOS.a[3](glcanvas.mm.o)
  "_OBJC_METACLASS_$_GLKView", referenced from:
      _OBJC_METACLASS_$_wxUICustomOpenGLView in libwx_osx_iphoneu_gl-3.3-iOS.a[3](glcanvas.mm.o)
ld: symbol(s) not found for architecture arm64
clang++: error: linker command failed with exit code 1 (use -v to see invocation)
