CMake Deprecation Warning at CMakeLists.txt:27 (cmake_minimum_required):
  Compatibility with CMake < 3.10 will be removed from a future version of
  CMake.

  Update the VERSION argument <min> value.  Or, use the <min>...<max> syntax
  to tell CMake that the project requires at least <min> but has been updated
  to work with policies introduced by <max> or earlier.


-- CMAKE_OSX_DEPLOYMENT_TARGET: 17.0
-- The C compiler identification is AppleClang 17.0.0.17000013
-- The CXX compiler identification is AppleClang 17.0.0.17000013
-- Detecting C compiler ABI info
-- Detecting C compiler ABI info - done
-- Check for working C compiler: /usr/bin/cc - skipped
-- Detecting C compile features
-- Detecting C compile features - done
-- Detecting CXX compiler ABI info
-- Detecting CXX compiler ABI info - done
-- Check for working CXX compiler: /usr/bin/c++ - skipped
-- Detecting CXX compile features
-- Detecting CXX compile features - done
-- prusaslicer_add_cmake_project for Apple
-- OrcaSlicer deps DESTDIR: /Users/runner/work/Orca-iOS-ipa/Orca-iOS-ipa/ios-prefix/usr/local/ (from cache or command line)
-- OrcaSlicer download dir for source packages: /Users/runner/dep-dl
-- OrcaSlicer deps debug build: 
-- Found Git: /opt/homebrew/bin/git (found version "2.54.0")
-- Forcing CMAKE_BUILD_TYPE to Release as it was not specified.
OS X SDK Path: /Applications/Xcode_16.4.app/Contents/Developer/Platforms/iPhoneSimulator.platform/Developer/SDKs/iPhoneSimulator18.5.sdk
OS X Deployment Target: 17.0
-- Found EXPAT: /Applications/Xcode_16.4.app/Contents/Developer/Platforms/iPhoneSimulator.platform/Developer/SDKs/iPhoneSimulator18.5.sdk/usr/lib/libexpat.tbd (found version "2.7.1")
-- Configuring done (3.1s)
-- Generating done (0.0s)
-- Build files have been written to: /Users/runner/work/Orca-iOS-ipa/Orca-iOS-ipa/orca/deps/build
