3866-      |             ^
3867-1 warning generated.
3868-[683/1034] Building CXX object libs/core/CMakeFiles/wxcore.dir/__/__/__/__/src/generic/filedlgg.cpp.o
3869:FAILED: [code=1] libs/core/CMakeFiles/wxcore.dir/__/__/__/__/src/generic/filedlgg.cpp.o 
3870-/usr/bin/c++ -DWXBUILDING -D_FILE_OFFSET_BITS=64 -D__WXOSX_IPHONE__ -DwxUSE_BASE=0 -DwxUSE_GUI=1 -I/Users/runner/work/Orca-iOS-ipa/Orca-iOS-ipa/wx/src/tiff/libtiff -I/Users/runner/work/Orca-iOS-ipa/Orca-iOS-ipa/wx/src/png -I/Users/runner/work/Orca-iOS-ipa/Orca-iOS-ipa/wx/src/jpeg -I/Users/runner/work/Orca-iOS-ipa/Orca-iOS-ipa/wx/build-ios/lib/wx/include/osx_iphone-unicode-static-3.3 -I/Users/runner/work/Orca-iOS-ipa/Orca-iOS-ipa/wx/include -I/Users/runner/work/Orca-iOS-ipa/Orca-iOS-ipa/wx/3rdparty/libwebp/src -g -arch arm64 -isysroot /Applications/Xcode_16.4.app/Contents/Developer/Platforms/iPhoneSimulator.platform/Developer/SDKs/iPhoneSimulator18.5.sdk -mios-simulator-version-min=17.0 -fPIC -fvisibility=hidden -fvisibility-inlines-hidden -Wall -Wundef -Wunused-parameter -Wno-shorten-64-to-32 -Wno-ignored-attributes -Wno-ctor-dtor-privacy -Woverloaded-virtual -MD -MT libs/core/CMakeFiles/wxcore.dir/__/__/__/__/src/generic/filedlgg.cpp.o -MF libs/core/CMakeFiles/wxcore.dir/__/__/__/__/src/generic/filedlgg.cpp.o.d -o libs/core/CMakeFiles/wxcore.dir/__/__/__/__/src/generic/filedlgg.cpp.o -c /Users/runner/work/Orca-iOS-ipa/Orca-iOS-ipa/wx/src/generic/filedlgg.cpp
3871-In file included from /Users/runner/work/Orca-iOS-ipa/Orca-iOS-ipa/wx/src/generic/filedlgg.cpp:11:
3872-In file included from /Users/runner/work/Orca-iOS-ipa/Orca-iOS-ipa/wx/include/wx/wxprec.h:11:
3873-In file included from /Users/runner/work/Orca-iOS-ipa/Orca-iOS-ipa/wx/include/wx/defs.h:45:
3874-/Users/runner/work/Orca-iOS-ipa/Orca-iOS-ipa/wx/include/wx/platform.h:491:13: warning: '__MAC_OS_X_VERSION_MAX_ALLOWED' is not defined, evaluates to 0 [-Wundef]
3875-  491 | #        if __MAC_OS_X_VERSION_MAX_ALLOWED < MAC_OS_X_VERSION_10_13
3876-      |             ^
3877-In file included from /Users/runner/work/Orca-iOS-ipa/Orca-iOS-ipa/wx/src/generic/filedlgg.cpp:44:
3878:/Users/runner/work/Orca-iOS-ipa/Orca-iOS-ipa/wx/include/wx/generic/filedlgg.h:63:21: error: member access into incomplete type 'wxGenericFileCtrl'
3879-   63 |         { m_filectrl->SetDirectory(dir); }
3880-      |                     ^
3881-/Users/runner/work/Orca-iOS-ipa/Orca-iOS-ipa/wx/include/wx/generic/filedlgg.h:25:28: note: forward declaration of 'wxGenericFileCtrl'
3882-   25 | class WXDLLIMPEXP_FWD_CORE wxGenericFileCtrl;
3883-      |                            ^
3884:/Users/runner/work/Orca-iOS-ipa/Orca-iOS-ipa/wx/include/wx/generic/filedlgg.h:65:21: error: member access into incomplete type 'wxGenericFileCtrl'
3885-   65 |         { m_filectrl->SetFilename(name); }
3886-      |                     ^
3887-/Users/runner/work/Orca-iOS-ipa/Orca-iOS-ipa/wx/include/wx/generic/filedlgg.h:25:28: note: forward declaration of 'wxGenericFileCtrl'
3888-   25 | class WXDLLIMPEXP_FWD_CORE wxGenericFileCtrl;
3889-      |                            ^
3890:/Users/runner/work/Orca-iOS-ipa/Orca-iOS-ipa/wx/include/wx/generic/filedlgg.h:68:21: error: member access into incomplete type 'wxGenericFileCtrl'
3891-   68 |         { m_filectrl->SetPath(path); }
3892-      |                     ^
3893-/Users/runner/work/Orca-iOS-ipa/Orca-iOS-ipa/wx/include/wx/generic/filedlgg.h:25:28: note: forward declaration of 'wxGenericFileCtrl'
3894-   25 | class WXDLLIMPEXP_FWD_CORE wxGenericFileCtrl;
3895-      |                            ^
3896:/Users/runner/work/Orca-iOS-ipa/Orca-iOS-ipa/wx/include/wx/generic/filedlgg.h:70:21: error: member access into incomplete type 'wxGenericFileCtrl'
3897-   70 |         { m_filectrl->SetFilterIndex(filterIndex); }
3898-      |                     ^
3899-/Users/runner/work/Orca-iOS-ipa/Orca-iOS-ipa/wx/include/wx/generic/filedlgg.h:25:28: note: forward declaration of 'wxGenericFileCtrl'
3900-   25 | class WXDLLIMPEXP_FWD_CORE wxGenericFileCtrl;
3901-      |                            ^
3902:/Users/runner/work/Orca-iOS-ipa/Orca-iOS-ipa/wx/include/wx/generic/filedlgg.h:72:21: error: member access into incomplete type 'wxGenericFileCtrl'
3903-   72 |         { m_filectrl->SetWildcard(wildCard); }
3904-      |                     ^
3905-/Users/runner/work/Orca-iOS-ipa/Orca-iOS-ipa/wx/include/wx/generic/filedlgg.h:25:28: note: forward declaration of 'wxGenericFileCtrl'
3906-   25 | class WXDLLIMPEXP_FWD_CORE wxGenericFileCtrl;
3907-      |                            ^
3908:/Users/runner/work/Orca-iOS-ipa/Orca-iOS-ipa/wx/include/wx/generic/filedlgg.h:77:30: error: member access into incomplete type 'wxGenericFileCtrl'
3909-   77 |             return m_filectrl->GetPath();
3910-      |                              ^
3911-/Users/runner/work/Orca-iOS-ipa/Orca-iOS-ipa/wx/include/wx/generic/filedlgg.h:25:28: note: forward declaration of 'wxGenericFileCtrl'
3912-   25 | class WXDLLIMPEXP_FWD_CORE wxGenericFileCtrl;
3913-      |                            ^
3914:/Users/runner/work/Orca-iOS-ipa/Orca-iOS-ipa/wx/include/wx/generic/filedlgg.h:80:21: error: member access into incomplete type 'wxGenericFileCtrl'
3915-   80 |         { m_filectrl->GetPaths(paths); }
3916-      |                     ^
3917-/Users/runner/work/Orca-iOS-ipa/Orca-iOS-ipa/wx/include/wx/generic/filedlgg.h:25:28: note: forward declaration of 'wxGenericFileCtrl'
3918-   25 | class WXDLLIMPEXP_FWD_CORE wxGenericFileCtrl;
3919-      |                            ^
3920:/Users/runner/work/Orca-iOS-ipa/Orca-iOS-ipa/wx/include/wx/generic/filedlgg.h:82:28: error: member access into incomplete type 'wxGenericFileCtrl'
3921-   82 |         { return m_filectrl->GetDirectory(); }
3922-      |                            ^
3923-/Users/runner/work/Orca-iOS-ipa/Orca-iOS-ipa/wx/include/wx/generic/filedlgg.h:25:28: note: forward declaration of 'wxGenericFileCtrl'
3924-   25 | class WXDLLIMPEXP_FWD_CORE wxGenericFileCtrl;
3925-      |                            ^
3926:/Users/runner/work/Orca-iOS-ipa/Orca-iOS-ipa/wx/include/wx/generic/filedlgg.h:86:30: error: member access into incomplete type 'wxGenericFileCtrl'
3927-   86 |             return m_filectrl->GetFilename();
3928-      |                              ^
3929-/Users/runner/work/Orca-iOS-ipa/Orca-iOS-ipa/wx/include/wx/generic/filedlgg.h:25:28: note: forward declaration of 'wxGenericFileCtrl'
3930-   25 | class WXDLLIMPEXP_FWD_CORE wxGenericFileCtrl;
3931-      |                            ^
3932:/Users/runner/work/Orca-iOS-ipa/Orca-iOS-ipa/wx/include/wx/generic/filedlgg.h:89:21: error: member access into incomplete type 'wxGenericFileCtrl'
3933-   89 |         { m_filectrl->GetFilenames(files); }
3934-      |                     ^
3935-/Users/runner/work/Orca-iOS-ipa/Orca-iOS-ipa/wx/include/wx/generic/filedlgg.h:25:28: note: forward declaration of 'wxGenericFileCtrl'
3936-   25 | class WXDLLIMPEXP_FWD_CORE wxGenericFileCtrl;
3937-      |                            ^
3938:/Users/runner/work/Orca-iOS-ipa/Orca-iOS-ipa/wx/include/wx/generic/filedlgg.h:91:28: error: member access into incomplete type 'wxGenericFileCtrl'
3939-   91 |         { return m_filectrl->GetWildcard(); }
3940-      |                            ^
3941-/Users/runner/work/Orca-iOS-ipa/Orca-iOS-ipa/wx/include/wx/generic/filedlgg.h:25:28: note: forward declaration of 'wxGenericFileCtrl'
3942-   25 | class WXDLLIMPEXP_FWD_CORE wxGenericFileCtrl;
3943-      |                            ^
3944:/Users/runner/work/Orca-iOS-ipa/Orca-iOS-ipa/wx/include/wx/generic/filedlgg.h:93:28: error: member access into incomplete type 'wxGenericFileCtrl'
3945-   93 |         { return m_filectrl->GetFilterIndex(); }
3946-      |                            ^
3947-/Users/runner/work/Orca-iOS-ipa/Orca-iOS-ipa/wx/include/wx/generic/filedlgg.h:25:28: note: forward declaration of 'wxGenericFileCtrl'
3948-   25 | class WXDLLIMPEXP_FWD_CORE wxGenericFileCtrl;
3949-      |                            ^
3950:/Users/runner/work/Orca-iOS-ipa/Orca-iOS-ipa/wx/src/generic/filedlgg.cpp:98:67: error: call to non-static member function without an object argument
3951-   98 |     EVT_FILECTRL_FILEACTIVATED(ID_FILE_CTRL, wxGenericFileDialog::OnFileActivated)
3952-      |                                              ~~~~~~~~~~~~~~~~~~~~~^~~~~~~~~~~~~~~
3953:/Users/runner/work/Orca-iOS-ipa/Orca-iOS-ipa/wx/src/generic/filedlgg.cpp:106:46: error: use of undeclared identifier 'wxLC_LIST'; did you mean 'wxID_LAST'?
3954-  106 | long wxGenericFileDialog::ms_lastViewStyle = wxLC_LIST;
3955-      |                                              ^~~~~~~~~
3956-      |                                              wxID_LAST
3957-/Users/runner/work/Orca-iOS-ipa/Orca-iOS-ipa/wx/include/wx/defs.h:1897:5: note: 'wxID_LAST' declared here
3958- 1897 |     wxID_LAST,
3959-      |     ^
3960:/Users/runner/work/Orca-iOS-ipa/Orca-iOS-ipa/wx/src/generic/filedlgg.cpp:217:19: error: use of undeclared identifier 'wxFC_MULTIPLE'; did you mean 'wxFD_MULTIPLE'?
3961-  217 |         style2 |= wxFC_MULTIPLE;
3962-      |                   ^~~~~~~~~~~~~
3963-      |                   wxFD_MULTIPLE
3964-/Users/runner/work/Orca-iOS-ipa/Orca-iOS-ipa/wx/include/wx/filedlg.h:52:5: note: 'wxFD_MULTIPLE' declared here
3965-   52 |     wxFD_MULTIPLE          = 0x0200,
3966-      |     ^
3967:/Users/runner/work/Orca-iOS-ipa/Orca-iOS-ipa/wx/src/generic/filedlgg.cpp:219:22: error: allocation of incomplete type 'wxGenericFileCtrl'
3968-  219 |     m_filectrl = new wxGenericFileCtrl( this, ID_FILE_CTRL,
3969-      |                      ^~~~~~~~~~~~~~~~~
3970-/Users/runner/work/Orca-iOS-ipa/Orca-iOS-ipa/wx/include/wx/generic/filedlgg.h:25:28: note: forward declaration of 'wxGenericFileCtrl'
3971-   25 | class WXDLLIMPEXP_FWD_CORE wxGenericFileCtrl;
3972-      |                            ^
3973:/Users/runner/work/Orca-iOS-ipa/Orca-iOS-ipa/wx/src/generic/filedlgg.cpp:226:15: error: member access into incomplete type 'wxGenericFileCtrl'
3974-  226 |     m_filectrl->ShowHidden( ms_lastShowHidden );
3975-      |               ^
3976-/Users/runner/work/Orca-iOS-ipa/Orca-iOS-ipa/wx/include/wx/generic/filedlgg.h:25:28: note: forward declaration of 'wxGenericFileCtrl'
3977-   25 | class WXDLLIMPEXP_FWD_CORE wxGenericFileCtrl;
3978-      |                            ^
3979:/Users/runner/work/Orca-iOS-ipa/Orca-iOS-ipa/wx/src/generic/filedlgg.cpp:228:29: error: use of undeclared identifier 'wxLC_LIST'; did you mean 'wxID_LAST'?
3980-  228 |     if (ms_lastViewStyle == wxLC_LIST)
3981-      |                             ^~~~~~~~~
3982-      |                             wxID_LAST
3983-/Users/runner/work/Orca-iOS-ipa/Orca-iOS-ipa/wx/include/wx/defs.h:1897:5: note: 'wxID_LAST' declared here
3984- 1897 |     wxID_LAST,
3985-      |     ^
3986:/Users/runner/work/Orca-iOS-ipa/Orca-iOS-ipa/wx/src/generic/filedlgg.cpp:230:19: error: member access into incomplete type 'wxGenericFileCtrl'
3987-  230 |         m_filectrl->ChangeToListMode();
3988-      |                   ^
3989-/Users/runner/work/Orca-iOS-ipa/Orca-iOS-ipa/wx/include/wx/generic/filedlgg.h:25:28: note: forward declaration of 'wxGenericFileCtrl'
3990-   25 | class WXDLLIMPEXP_FWD_CORE wxGenericFileCtrl;
3991-      |                            ^
3992:fatal error: too many errors emitted, stopping now [-ferror-limit=]
3993-1 warning and 20 errors generated.
3994-[684/1034] Building CXX object libs/core/CMakeFiles/wxcore.dir/__/__/__/__/src/generic/textmeasure.cpp.o
3995-In file included from /Users/runner/work/Orca-iOS-ipa/Orca-iOS-ipa/wx/src/generic/textmeasure.cpp:19:
3996-In file included from /Users/runner/work/Orca-iOS-ipa/Orca-iOS-ipa/wx/include/wx/wxprec.h:11:
3997-In file included from /Users/runner/work/Orca-iOS-ipa/Orca-iOS-ipa/wx/include/wx/defs.h:45:
3998-/Users/runner/work/Orca-iOS-ipa/Orca-iOS-ipa/wx/include/wx/platform.h:491:13: warning: '__MAC_OS_X_VERSION_MAX_ALLOWED' is not defined, evaluates to 0 [-Wundef]
3999-  491 | #        if __MAC_OS_X_VERSION_MAX_ALLOWED < MAC_OS_X_VERSION_10_13
4000-      |             ^
4001-1 warning generated.
4002-[685/1034] Building OBJCXX object libs/core/CMakeFiles/wxcore.dir/__/__/__/__/src/osx/carbon/utilscocoa.mm.o
4003-In file included from /Users/runner/work/Orca-iOS-ipa/Orca-iOS-ipa/wx/src/osx/carbon/utilscocoa.mm:10:
4004-In file included from /Users/runner/work/Orca-iOS-ipa/Orca-iOS-ipa/wx/include/wx/wxprec.h:11:
4005-In file included from /Users/runner/work/Orca-iOS-ipa/Orca-iOS-ipa/wx/include/wx/defs.h:45:
4006-/Users/runner/work/Orca-iOS-ipa/Orca-iOS-ipa/wx/include/wx/platform.h:491:13: warning: '__MAC_OS_X_VERSION_MAX_ALLOWED' is not defined, evaluates to 0 [-Wundef]
4007-  491 | #        if __MAC_OS_X_VERSION_MAX_ALLOWED < MAC_OS_X_VERSION_10_13
4008-      |             ^
4009-/Users/runner/work/Orca-iOS-ipa/Orca-iOS-ipa/wx/src/osx/carbon/utilscocoa.mm:212:79: warning: unused parameter 'isTemplate' [-Wunused-parameter]
4010-  212 | WXImage  wxOSXGetImageFromCGImage( CGImageRef image, double scaleFactor, bool isTemplate )
4011-      |                                                                               ^
4012-/Users/runner/work/Orca-iOS-ipa/Orca-iOS-ipa/wx/src/osx/carbon/utilscocoa.mm:250:80: warning: unused parameter 'r' [-Wunused-parameter]
4013-  250 | CGImageRef WXDLLIMPEXP_CORE wxOSXGetCGImageFromImage( WXImage nsimage, CGRect* r, CGContextRef cg)
4014-      |                                                                                ^
4015-/Users/runner/work/Orca-iOS-ipa/Orca-iOS-ipa/wx/src/osx/carbon/utilscocoa.mm:250:96: warning: unused parameter 'cg' [-Wunused-parameter]
4016-  250 | CGImageRef WXDLLIMPEXP_CORE wxOSXGetCGImageFromImage( WXImage nsimage, CGRect* r, CGContextRef cg)
4017-      |                                                                                                ^
4018-4 warnings generated.
4019-[686/1034] Building CXX object libs/core/CMakeFiles/wxcore.dir/__/__/__/__/src/generic/imaglist.cpp.o
4020-In file included from /Users/runner/work/Orca-iOS-ipa/Orca-iOS-ipa/wx/src/generic/imaglist.cpp:10:
4021-In file included from /Users/runner/work/Orca-iOS-ipa/Orca-iOS-ipa/wx/include/wx/wxprec.h:11:
4022-In file included from /Users/runner/work/Orca-iOS-ipa/Orca-iOS-ipa/wx/include/wx/defs.h:45:
4023-/Users/runner/work/Orca-iOS-ipa/Orca-iOS-ipa/wx/include/wx/platform.h:491:13: warning: '__MAC_OS_X_VERSION_MAX_ALLOWED' is not defined, evaluates to 0 [-Wundef]
4024-  491 | #        if __MAC_OS_X_VERSION_MAX_ALLOWED < MAC_OS_X_VERSION_10_13
4025-      |             ^
4026-1 warning generated.
4027-[687/1034] Building CXX object libs/core/CMakeFiles/wxcore.dir/__/__/__/__/src/osx/statbmp_osx.cpp.o
