-- CMAKE_OSX_DEPLOYMENT_TARGET: 17.0
-- The C compiler identification is AppleClang 17.0.0.17000013
-- The CXX compiler identification is AppleClang 17.0.0.17000013
-- Detecting C compiler ABI info
-- Detecting C compiler ABI info - done
-- Check for working C compiler: /usr/bin/cc - skipped
-- Detecting C compile features
-- Detecting C compile features - done
-- Detecting CXX compiler ABI info
-- Detecting CXX compiler ABI info - done
-- Check for working CXX compiler: /usr/bin/c++ - skipped
-- Detecting CXX compile features
-- Detecting CXX compile features - done
-- Found Git: /opt/homebrew/bin/git (found version "2.54.0")
CMake Error at CMakeLists.txt:153 (list):
  list sub-command FIND requires three arguments.


-- Orca: IS_CROSS_COMPILE: FALSE
-- SLIC3R_ASAN: OFF
-- SLIC3R_BUILD_SANDBOXES: OFF
-- SLIC3R_DESKTOP_INTEGRATION: ON
-- SLIC3R_FHS: OFF
-- SLIC3R_GTK: 3
-- SLIC3R_GUI: 0
-- SLIC3R_MSVC_COMPILE_PARALLEL: ON
-- SLIC3R_MSVC_PDB: ON
-- SLIC3R_PCH: ON
-- SLIC3R_PROFILE: OFF
-- SLIC3R_STATIC: 1
-- Automatically setting CMAKE_INSTALL_PREFIX
-- CMAKE_INSTALL_PREFIX: /Users/runner/work/Orca-iOS-ipa/Orca-iOS-ipa/orca/build/OrcaSlicer
-- DEP_BUILD_DIR: /Users/runner/work/Orca-iOS-ipa/Orca-iOS-ipa/orca/deps/build (generated automatically and saved to cache)
-- CMAKE_PREFIX_PATH: /Users/runner/work/Orca-iOS-ipa/Orca-iOS-ipa/ios-prefix/usr/local (from cache or command line)
-- PROJECT_SOURCE_DIR: /Users/runner/work/Orca-iOS-ipa/Orca-iOS-ipa/orca
-- CMAKE_MODULE_PATH: /Users/runner/work/Orca-iOS-ipa/Orca-iOS-ipa/orca/cmake/modules/
OS X SDK Path: /Applications/Xcode_16.4.app/Contents/Developer/Platforms/iPhoneSimulator.platform/Developer/SDKs/iPhoneSimulator18.5.sdk
OS X Deployment Target: 17.0
-- Performing Test HAS_WNO_ERROR_ENUM_CONSTEXPR_CONV
-- Performing Test HAS_WNO_ERROR_ENUM_CONSTEXPR_CONV - Success
-- LIBDIR: /Users/runner/work/Orca-iOS-ipa/Orca-iOS-ipa/orca/src
-- LIBDIR_BIN: /Users/runner/work/Orca-iOS-ipa/Orca-iOS-ipa/orca/build/src
CMake Error at CMakeLists.txt:584 (find_package):
  By not providing "FindBoost.cmake" in CMAKE_MODULE_PATH this project has
  asked CMake to find a package configuration file provided by "Boost", but
  CMake did not find one.

  Could not find a package configuration file provided by "Boost" (requested
  version 1.83.0) with any of the following names:

    Boost.cps
    boost.cps
    BoostConfig.cmake
    boost-config.cmake

  Add the installation prefix of "Boost" to CMAKE_PREFIX_PATH or set
  "Boost_DIR" to a directory containing one of the above files.  If "Boost"
  provides a separate development package or SDK, be sure it has been
  installed.


-- Configuring incomplete, errors occurred!
