1713-[297/653] Building CXX object deps_src/libnest2d/CMakeFiles/libnest2d.dir/src/libnest2d.cpp.o
1714-[298/653] Building CXX object src/slic3r/CMakeFiles/libslic3r_gui.dir/cmake_pch.hxx.pch
1715-[299/653] Building CXX object src/slic3r/CMakeFiles/libslic3r_gui.dir/GUI/Widgets/AnimaController.cpp.o
1716:FAILED: [code=1] src/slic3r/CMakeFiles/libslic3r_gui.dir/GUI/Widgets/AnimaController.cpp.o 
1717-/usr/bin/c++ -DBBL_RELEASE_TO_PUBLIC=1 -DBOOST_NO_CXX98_FUNCTION_BASE -DGIT_COMMIT_HASH=\"395e070a0e\" -DLIBNEST2D_GEOMETRIES_libslic3r -DLIBNEST2D_OPTIMIZER_nlopt -DLIBNEST2D_STATIC -DLIBNEST2D_THREADING_tbb -DNDEBUG -DSLIC3R_CURRENTLY_COMPILING_GUI_MODULE -DSLIC3R_DESKTOP_INTEGRATION -DSLIC3R_GUI -DTBB_USE_CAPTURED_EXCEPTION=0 -DUNICODE -DUSE_TBB -DWXINTL_NO_GETTEXT_MACRO -D_FILE_OFFSET_BITS=64 -D_HAS_AUTO_PTR_ETC=0 -D_UNICODE -D__WXOSX_IPHONE__ -DwxDEBUG_LEVEL=0 -DwxNO_UNSAFE_WXSTRING_CONV -DwxUSE_UNICODE -I/Users/runner/work/Orca-iOS-ipa/Orca-iOS-ipa/orca/src/slic3r/Utils -I/Users/runner/work/Orca-iOS-ipa/Orca-iOS-ipa/orca/build/src/slic3r -I/Users/runner/work/Orca-iOS-ipa/Orca-iOS-ipa/orca/build/src/libslic3r -I/Users/runner/work/Orca-iOS-ipa/Orca-iOS-ipa/orca/src/libvgcode/glad/include -I/Users/runner/work/Orca-iOS-ipa/Orca-iOS-ipa/orca/src/glad/include -isystem /Users/runner/work/Orca-iOS-ipa/Orca-iOS-ipa/orca/src -isystem /Users/runner/work/Orca-iOS-ipa/Orca-iOS-ipa/orca/build/src/dev-utils/platform -isystem /Users/runner/work/Orca-iOS-ipa/Orca-iOS-ipa/orca/src/libigl -isystem /Users/runner/work/Orca-iOS-ipa/Orca-iOS-ipa/ios-prefix/usr/local/include/opencascade -isystem /Users/runner/work/Orca-iOS-ipa/Orca-iOS-ipa/ios-prefix/usr/local/include/eigen3 -isystem /Users/runner/work/Orca-iOS-ipa/Orca-iOS-ipa/orca/deps_src/admesh -isystem /Users/runner/work/Orca-iOS-ipa/Orca-iOS-ipa/orca/deps_src/admesh/.. -isystem /Users/runner/work/Orca-iOS-ipa/Orca-iOS-ipa/orca/deps_src/libigl -isystem /Users/runner/work/Orca-iOS-ipa/Orca-iOS-ipa/orca/deps_src/libnest2d/include -isystem /Users/runner/work/Orca-iOS-ipa/Orca-iOS-ipa/ios-prefix/usr/local/include -isystem /Users/runner/work/Orca-iOS-ipa/Orca-iOS-ipa/orca/deps_src/miniz -isystem /Users/runner/work/Orca-iOS-ipa/Orca-iOS-ipa/ios-prefix/usr/local/include/opencv4 -isystem /Users/runner/work/Orca-iOS-ipa/Orca-iOS-ipa/orca/deps_src/imgui -isystem /Users/runner/work/Orca-iOS-ipa/Orca-iOS-ipa/orca/deps_src/imguizmo -isystem /Users/runner/work/Orca-iOS-ipa/Orca-iOS-ipa/orca/deps_src/minilzo -isystem /Users/runner/work/Orca-iOS-ipa/Orca-iOS-ipa/orca/deps_src/hidapi/include -isystem /Users/runner/work/Orca-iOS-ipa/Orca-iOS-ipa/orca/deps_src/mdns -isystem /Users/runner/work/Orca-iOS-ipa/Orca-iOS-ipa/wx-prefix/lib/wx/include/osx_iphone-unicode-static-3.3 -isystem /Users/runner/work/Orca-iOS-ipa/Orca-iOS-ipa/wx-prefix/include/wx-3.3 -Wall -Wno-reorder -Werror=partial-availability -Werror=unguarded-availability -Werror=unguarded-availability-new -O3 -DNDEBUG -std=gnu++17 -arch arm64 -isysroot /Applications/Xcode_16.4.app/Contents/Developer/Platforms/iPhoneSimulator.platform/Developer/SDKs/iPhoneSimulator18.5.sdk -mios-simulator-version-min=17.0 -fPIC -fsigned-char -Werror=return-type -Wno-unused-function -Wno-unused-variable -Wno-unused-but-set-variable -Wno-unused-label -Wno-unused-local-typedefs -Wno-sign-compare -Wno-misleading-indentation -Wno-switch -Wno-ignored-attributes -Wno-deprecated-declarations -Wno-error=enum-constexpr-conversion -Winvalid-pch -Xclang -include-pch -Xclang /Users/runner/work/Orca-iOS-ipa/Orca-iOS-ipa/orca/build/src/slic3r/CMakeFiles/libslic3r_gui.dir/cmake_pch.hxx.pch -Xclang -include -Xclang /Users/runner/work/Orca-iOS-ipa/Orca-iOS-ipa/orca/build/src/slic3r/CMakeFiles/libslic3r_gui.dir/cmake_pch.hxx -MD -MT src/slic3r/CMakeFiles/libslic3r_gui.dir/GUI/Widgets/AnimaController.cpp.o -MF src/slic3r/CMakeFiles/libslic3r_gui.dir/GUI/Widgets/AnimaController.cpp.o.d -o src/slic3r/CMakeFiles/libslic3r_gui.dir/GUI/Widgets/AnimaController.cpp.o -c /Users/runner/work/Orca-iOS-ipa/Orca-iOS-ipa/orca/src/slic3r/GUI/Widgets/AnimaController.cpp
1718-In file included from /Users/runner/work/Orca-iOS-ipa/Orca-iOS-ipa/orca/src/slic3r/GUI/Widgets/AnimaController.cpp:1:
1719-In file included from /Users/runner/work/Orca-iOS-ipa/Orca-iOS-ipa/orca/src/slic3r/GUI/Widgets/AnimaController.hpp:4:
1720:/Users/runner/work/Orca-iOS-ipa/Orca-iOS-ipa/orca/src/slic3r/GUI/Widgets/../wxExtensions.hpp:94:64: error: expected class name
1721-   94 | class wxCheckListBoxComboPopup : public wxCheckListBox, public wxComboPopup
1722-      |                                                                ^
1723:/Users/runner/work/Orca-iOS-ipa/Orca-iOS-ipa/orca/src/slic3r/GUI/Widgets/../wxExtensions.hpp:132:71: error: expected class name
1724-  132 | class wxDataViewTreeCtrlComboPopup: public wxDataViewTreeCtrl, public wxComboPopup
1725-      |                                                                       ^
1726-In file included from /Users/runner/work/Orca-iOS-ipa/Orca-iOS-ipa/orca/src/slic3r/GUI/Widgets/AnimaController.cpp:1:
1727-/Users/runner/work/Orca-iOS-ipa/Orca-iOS-ipa/orca/src/slic3r/GUI/Widgets/AnimaController.hpp:16:10: warning: 'AnimaIcon::Enable' hides overloaded virtual function [-Woverloaded-virtual]
1728-   16 |     void Enable();
1729-      |          ^
1730-/Users/runner/work/Orca-iOS-ipa/Orca-iOS-ipa/wx-prefix/include/wx-3.3/wx/window.h:646:18: note: hidden overloaded virtual function 'wxWindowBase::Enable' declared here: different number of parameters (1 vs 0)
1731-  646 |     virtual bool Enable( bool enable = true );
1732-      |                  ^
1733-1 warning and 2 errors generated.
1734-[300/653] Building CXX object src/slic3r/CMakeFiles/libslic3r_gui.dir/Config/Version.cpp.o
1735-[301/653] Building CXX object src/slic3r/CMakeFiles/libslic3r_gui.dir/Config/Snapshot.cpp.o
1736:FAILED: [code=1] src/slic3r/CMakeFiles/libslic3r_gui.dir/Config/Snapshot.cpp.o 
1737-/usr/bin/c++ -DBBL_RELEASE_TO_PUBLIC=1 -DBOOST_NO_CXX98_FUNCTION_BASE -DGIT_COMMIT_HASH=\"395e070a0e\" -DLIBNEST2D_GEOMETRIES_libslic3r -DLIBNEST2D_OPTIMIZER_nlopt -DLIBNEST2D_STATIC -DLIBNEST2D_THREADING_tbb -DNDEBUG -DSLIC3R_CURRENTLY_COMPILING_GUI_MODULE -DSLIC3R_DESKTOP_INTEGRATION -DSLIC3R_GUI -DTBB_USE_CAPTURED_EXCEPTION=0 -DUNICODE -DUSE_TBB -DWXINTL_NO_GETTEXT_MACRO -D_FILE_OFFSET_BITS=64 -D_HAS_AUTO_PTR_ETC=0 -D_UNICODE -D__WXOSX_IPHONE__ -DwxDEBUG_LEVEL=0 -DwxNO_UNSAFE_WXSTRING_CONV -DwxUSE_UNICODE -I/Users/runner/work/Orca-iOS-ipa/Orca-iOS-ipa/orca/src/slic3r/Utils -I/Users/runner/work/Orca-iOS-ipa/Orca-iOS-ipa/orca/build/src/slic3r -I/Users/runner/work/Orca-iOS-ipa/Orca-iOS-ipa/orca/build/src/libslic3r -I/Users/runner/work/Orca-iOS-ipa/Orca-iOS-ipa/orca/src/libvgcode/glad/include -I/Users/runner/work/Orca-iOS-ipa/Orca-iOS-ipa/orca/src/glad/include -isystem /Users/runner/work/Orca-iOS-ipa/Orca-iOS-ipa/orca/src -isystem /Users/runner/work/Orca-iOS-ipa/Orca-iOS-ipa/orca/build/src/dev-utils/platform -isystem /Users/runner/work/Orca-iOS-ipa/Orca-iOS-ipa/orca/src/libigl -isystem /Users/runner/work/Orca-iOS-ipa/Orca-iOS-ipa/ios-prefix/usr/local/include/opencascade -isystem /Users/runner/work/Orca-iOS-ipa/Orca-iOS-ipa/ios-prefix/usr/local/include/eigen3 -isystem /Users/runner/work/Orca-iOS-ipa/Orca-iOS-ipa/orca/deps_src/admesh -isystem /Users/runner/work/Orca-iOS-ipa/Orca-iOS-ipa/orca/deps_src/admesh/.. -isystem /Users/runner/work/Orca-iOS-ipa/Orca-iOS-ipa/orca/deps_src/libigl -isystem /Users/runner/work/Orca-iOS-ipa/Orca-iOS-ipa/orca/deps_src/libnest2d/include -isystem /Users/runner/work/Orca-iOS-ipa/Orca-iOS-ipa/ios-prefix/usr/local/include -isystem /Users/runner/work/Orca-iOS-ipa/Orca-iOS-ipa/orca/deps_src/miniz -isystem /Users/runner/work/Orca-iOS-ipa/Orca-iOS-ipa/ios-prefix/usr/local/include/opencv4 -isystem /Users/runner/work/Orca-iOS-ipa/Orca-iOS-ipa/orca/deps_src/imgui -isystem /Users/runner/work/Orca-iOS-ipa/Orca-iOS-ipa/orca/deps_src/imguizmo -isystem /Users/runner/work/Orca-iOS-ipa/Orca-iOS-ipa/orca/deps_src/minilzo -isystem /Users/runner/work/Orca-iOS-ipa/Orca-iOS-ipa/orca/deps_src/hidapi/include -isystem /Users/runner/work/Orca-iOS-ipa/Orca-iOS-ipa/orca/deps_src/mdns -isystem /Users/runner/work/Orca-iOS-ipa/Orca-iOS-ipa/wx-prefix/lib/wx/include/osx_iphone-unicode-static-3.3 -isystem /Users/runner/work/Orca-iOS-ipa/Orca-iOS-ipa/wx-prefix/include/wx-3.3 -Wall -Wno-reorder -Werror=partial-availability -Werror=unguarded-availability -Werror=unguarded-availability-new -O3 -DNDEBUG -std=gnu++17 -arch arm64 -isysroot /Applications/Xcode_16.4.app/Contents/Developer/Platforms/iPhoneSimulator.platform/Developer/SDKs/iPhoneSimulator18.5.sdk -mios-simulator-version-min=17.0 -fPIC -fsigned-char -Werror=return-type -Wno-unused-function -Wno-unused-variable -Wno-unused-but-set-variable -Wno-unused-label -Wno-unused-local-typedefs -Wno-sign-compare -Wno-misleading-indentation -Wno-switch -Wno-ignored-attributes -Wno-deprecated-declarations -Wno-error=enum-constexpr-conversion -Winvalid-pch -Xclang -include-pch -Xclang /Users/runner/work/Orca-iOS-ipa/Orca-iOS-ipa/orca/build/src/slic3r/CMakeFiles/libslic3r_gui.dir/cmake_pch.hxx.pch -Xclang -include -Xclang /Users/runner/work/Orca-iOS-ipa/Orca-iOS-ipa/orca/build/src/slic3r/CMakeFiles/libslic3r_gui.dir/cmake_pch.hxx -MD -MT src/slic3r/CMakeFiles/libslic3r_gui.dir/Config/Snapshot.cpp.o -MF src/slic3r/CMakeFiles/libslic3r_gui.dir/Config/Snapshot.cpp.o.d -o src/slic3r/CMakeFiles/libslic3r_gui.dir/Config/Snapshot.cpp.o -c /Users/runner/work/Orca-iOS-ipa/Orca-iOS-ipa/orca/src/slic3r/Config/Snapshot.cpp
1738-In file included from /Users/runner/work/Orca-iOS-ipa/Orca-iOS-ipa/orca/src/slic3r/Config/Snapshot.cpp:24:
1739-In file included from /Users/runner/work/Orca-iOS-ipa/Orca-iOS-ipa/orca/src/slic3r/Config/../GUI/GUI_App.hpp:18:
1740-In file included from /Users/runner/work/Orca-iOS-ipa/Orca-iOS-ipa/orca/src/slic3r/GUI/BindDialog.hpp:20:
1741:/Users/runner/work/Orca-iOS-ipa/Orca-iOS-ipa/orca/src/slic3r/GUI/wxExtensions.hpp:94:64: error: expected class name
1742-   94 | class wxCheckListBoxComboPopup : public wxCheckListBox, public wxComboPopup
1743-      |                                                                ^
1744:/Users/runner/work/Orca-iOS-ipa/Orca-iOS-ipa/orca/src/slic3r/GUI/wxExtensions.hpp:132:71: error: expected class name
1745-  132 | class wxDataViewTreeCtrlComboPopup: public wxDataViewTreeCtrl, public wxComboPopup
1746-      |                                                                       ^
1747-In file included from /Users/runner/work/Orca-iOS-ipa/Orca-iOS-ipa/orca/src/slic3r/Config/Snapshot.cpp:24:
1748-In file included from /Users/runner/work/Orca-iOS-ipa/Orca-iOS-ipa/orca/src/slic3r/Config/../GUI/GUI_App.hpp:18:
1749-In file included from /Users/runner/work/Orca-iOS-ipa/Orca-iOS-ipa/orca/src/slic3r/GUI/BindDialog.hpp:32:
1750:/Users/runner/work/Orca-iOS-ipa/Orca-iOS-ipa/orca/src/slic3r/GUI/Widgets/TextInput.hpp:75:48: error: only virtual member functions can be marked 'override'
1751-   75 |     void DoSetToolTipText(wxString const &tip) override;
1752-      |                                                ^
1753-In file included from /Users/runner/work/Orca-iOS-ipa/Orca-iOS-ipa/orca/src/slic3r/Config/Snapshot.cpp:26:
1754-In file included from /Users/runner/work/Orca-iOS-ipa/Orca-iOS-ipa/orca/src/slic3r/Config/../GUI/MainFrame.hpp:21:
1755-In file included from /Users/runner/work/Orca-iOS-ipa/Orca-iOS-ipa/orca/src/slic3r/Config/../GUI/Monitor.hpp:4:
1756-/Users/runner/work/Orca-iOS-ipa/Orca-iOS-ipa/orca/src/slic3r/Config/../GUI/Tabbook.hpp:143:10: warning: 'Tabbook::AddPage' hides overloaded virtual function [-Woverloaded-virtual]
1757-  143 |     bool AddPage(wxWindow* page,
1758-      |          ^
1759-/Users/runner/work/Orca-iOS-ipa/Orca-iOS-ipa/wx-prefix/include/wx-3.3/wx/bookctrl.h:177:18: note: hidden overloaded virtual function 'wxBookCtrlBase::AddPage' declared here: type mismatch at 3rd parameter ('bool' vs 'const std::string &' (aka 'const basic_string<char> &'))
1760-  177 |     virtual bool AddPage(wxWindow *page,
1761-      |                  ^
1762-In file included from /Users/runner/work/Orca-iOS-ipa/Orca-iOS-ipa/orca/src/slic3r/Config/Snapshot.cpp:26:
1763-In file included from /Users/runner/work/Orca-iOS-ipa/Orca-iOS-ipa/orca/src/slic3r/Config/../GUI/MainFrame.hpp:21:
1764-In file included from /Users/runner/work/Orca-iOS-ipa/Orca-iOS-ipa/orca/src/slic3r/Config/../GUI/Monitor.hpp:4:
1765-/Users/runner/work/Orca-iOS-ipa/Orca-iOS-ipa/orca/src/slic3r/Config/../GUI/Tabbook.hpp:187:10: warning: 'RemovePage' overrides a member function but is not marked 'override' [-Winconsistent-missing-override]
1766-  187 |     bool RemovePage(size_t n)
1767-      |          ^
1768-/Users/runner/work/Orca-iOS-ipa/Orca-iOS-ipa/wx-prefix/include/wx-3.3/wx/bookctrl.h:161:18: note: overridden virtual function is here
1769-  161 |     virtual bool RemovePage(size_t n)
1770-      |                  ^
1771-In file included from /Users/runner/work/Orca-iOS-ipa/Orca-iOS-ipa/orca/src/slic3r/Config/Snapshot.cpp:26:
1772-In file included from /Users/runner/work/Orca-iOS-ipa/Orca-iOS-ipa/orca/src/slic3r/Config/../GUI/MainFrame.hpp:21:
1773-In file included from /Users/runner/work/Orca-iOS-ipa/Orca-iOS-ipa/orca/src/slic3r/Config/../GUI/Monitor.hpp:46:
1774-In file included from /Users/runner/work/Orca-iOS-ipa/Orca-iOS-ipa/orca/src/slic3r/GUI/StatusPanel.hpp:21:
1775-In file included from /Users/runner/work/Orca-iOS-ipa/Orca-iOS-ipa/orca/src/slic3r/GUI/CalibrationWizardPage.hpp:12:
1776-In file included from /Users/runner/work/Orca-iOS-ipa/Orca-iOS-ipa/orca/src/slic3r/GUI/PresetComboBoxes.hpp:11:
1777:/Users/runner/work/Orca-iOS-ipa/Orca-iOS-ipa/orca/src/slic3r/GUI/BitmapComboBox.hpp:16:31: error: base class has incomplete type
1778-   16 | class BitmapComboBox : public wxBitmapComboBox
1779-      |                        ~~~~~~~^~~~~~~~~~~~~~~~
1780-/Users/runner/work/Orca-iOS-ipa/Orca-iOS-ipa/orca/src/slic3r/GUI/GUI_ObjectList.hpp:19:7: note: forward declaration of 'wxBitmapComboBox'
1781-   19 | class wxBitmapComboBox;
1782-      |       ^
1783-In file included from /Users/runner/work/Orca-iOS-ipa/Orca-iOS-ipa/orca/src/slic3r/Config/Snapshot.cpp:26:
1784-In file included from /Users/runner/work/Orca-iOS-ipa/Orca-iOS-ipa/orca/src/slic3r/Config/../GUI/MainFrame.hpp:21:
1785-In file included from /Users/runner/work/Orca-iOS-ipa/Orca-iOS-ipa/orca/src/slic3r/Config/../GUI/Monitor.hpp:46:
1786-In file included from /Users/runner/work/Orca-iOS-ipa/Orca-iOS-ipa/orca/src/slic3r/GUI/StatusPanel.hpp:21:
1787-In file included from /Users/runner/work/Orca-iOS-ipa/Orca-iOS-ipa/orca/src/slic3r/GUI/CalibrationWizardPage.hpp:12:
1788-In file included from /Users/runner/work/Orca-iOS-ipa/Orca-iOS-ipa/orca/src/slic3r/GUI/PresetComboBoxes.hpp:11:
1789:/Users/runner/work/Orca-iOS-ipa/Orca-iOS-ipa/orca/src/slic3r/GUI/BitmapComboBox.hpp:50:48: error: only virtual member functions can be marked 'override'
1790-   50 | bool OnAddBitmap(const wxBitmapBundle& bitmap) override;
1791-      |                                                ^
1792:/Users/runner/work/Orca-iOS-ipa/Orca-iOS-ipa/orca/src/slic3r/GUI/BitmapComboBox.hpp:51:74: error: only virtual member functions can be marked 'override'
1793-   51 | void OnDrawItem(wxDC& dc, const wxRect& rect, int item, int flags) const override;
1794-      |                                                                          ^
1795:/Users/runner/work/Orca-iOS-ipa/Orca-iOS-ipa/orca/src/slic3r/GUI/BitmapComboBox.hpp:34:16: error: incomplete type 'wxBitmapComboBox' named in nested name specifier
1796-   34 |         return wxBitmapComboBox::Append(item, bitmap);
1797-      |                ^~~~~~~~~~~~~~~~~~
1798-/Users/runner/work/Orca-iOS-ipa/Orca-iOS-ipa/orca/src/slic3r/GUI/GUI_ObjectList.hpp:19:7: note: forward declaration of 'wxBitmapComboBox'
1799-   19 | class wxBitmapComboBox;
1800-      |       ^
1801-In file included from /Users/runner/work/Orca-iOS-ipa/Orca-iOS-ipa/orca/src/slic3r/Config/Snapshot.cpp:26:
1802-In file included from /Users/runner/work/Orca-iOS-ipa/Orca-iOS-ipa/orca/src/slic3r/Config/../GUI/MainFrame.hpp:21:
1803-In file included from /Users/runner/work/Orca-iOS-ipa/Orca-iOS-ipa/orca/src/slic3r/Config/../GUI/Monitor.hpp:46:
1804-In file included from /Users/runner/work/Orca-iOS-ipa/Orca-iOS-ipa/orca/src/slic3r/GUI/StatusPanel.hpp:30:
1805:/Users/runner/work/Orca-iOS-ipa/Orca-iOS-ipa/orca/src/slic3r/GUI/Widgets/TempInput.hpp:133:48: error: only virtual member functions can be marked 'override'
1806-  133 |     void DoSetToolTipText(wxString const &tip) override;
1807-      |                                                ^
1808-In file included from /Users/runner/work/Orca-iOS-ipa/Orca-iOS-ipa/orca/src/slic3r/Config/Snapshot.cpp:26:
1809-In file included from /Users/runner/work/Orca-iOS-ipa/Orca-iOS-ipa/orca/src/slic3r/Config/../GUI/MainFrame.hpp:21:
1810-In file included from /Users/runner/work/Orca-iOS-ipa/Orca-iOS-ipa/orca/src/slic3r/Config/../GUI/Monitor.hpp:51:
1811:/Users/runner/work/Orca-iOS-ipa/Orca-iOS-ipa/orca/src/slic3r/Config/../GUI/SelectMachinePop.hpp:190:5: error: unknown type name 'wxSearchCtrl'; did you mean 'wxHeaderCtrl'?
1812-  190 |     wxSearchCtrl*                     m_search_bar{nullptr};
1813-      |     ^~~~~~~~~~~~
1814-      |     wxHeaderCtrl
1815-/Users/runner/work/Orca-iOS-ipa/Orca-iOS-ipa/wx-prefix/include/wx-3.3/wx/dataview.h:34:28: note: 'wxHeaderCtrl' declared here
1816-   34 | class WXDLLIMPEXP_FWD_CORE wxHeaderCtrl;
1817-      |                            ^
1818-In file included from /Users/runner/work/Orca-iOS-ipa/Orca-iOS-ipa/orca/src/slic3r/Config/Snapshot.cpp:26:
1819-In file included from /Users/runner/work/Orca-iOS-ipa/Orca-iOS-ipa/orca/src/slic3r/Config/../GUI/MainFrame.hpp:24:
1820-In file included from /Users/runner/work/Orca-iOS-ipa/Orca-iOS-ipa/orca/src/slic3r/Config/../GUI/CalibrationPanel.hpp:4:
1821-In file included from /Users/runner/work/Orca-iOS-ipa/Orca-iOS-ipa/orca/src/slic3r/Config/../GUI/CalibrationWizard.hpp:8:
1822-/Users/runner/work/Orca-iOS-ipa/Orca-iOS-ipa/orca/src/slic3r/Config/../GUI/CalibrationWizardStartPage.hpp:51:10: warning: 'on_reset_page' overrides a member function but is not marked 'override' [-Winconsistent-missing-override]
1823-   51 |     void on_reset_page();
1824-      |          ^
1825-/Users/runner/work/Orca-iOS-ipa/Orca-iOS-ipa/orca/src/slic3r/GUI/CalibrationWizardPage.hpp:310:18: note: overridden virtual function is here
1826-  310 |     virtual void on_reset_page() {}
1827-      |                  ^
1828-In file included from /Users/runner/work/Orca-iOS-ipa/Orca-iOS-ipa/orca/src/slic3r/Config/Snapshot.cpp:26:
1829-In file included from /Users/runner/work/Orca-iOS-ipa/Orca-iOS-ipa/orca/src/slic3r/Config/../GUI/MainFrame.hpp:24:
1830-In file included from /Users/runner/work/Orca-iOS-ipa/Orca-iOS-ipa/orca/src/slic3r/Config/../GUI/CalibrationPanel.hpp:4:
1831-In file included from /Users/runner/work/Orca-iOS-ipa/Orca-iOS-ipa/orca/src/slic3r/Config/../GUI/CalibrationWizard.hpp:8:
1832-/Users/runner/work/Orca-iOS-ipa/Orca-iOS-ipa/orca/src/slic3r/Config/../GUI/CalibrationWizardStartPage.hpp:52:10: warning: 'on_device_connected' overrides a member function but is not marked 'override' [-Winconsistent-missing-override]
1833-   52 |     void on_device_connected(MachineObject* obj);
1834-      |          ^
1835-/Users/runner/work/Orca-iOS-ipa/Orca-iOS-ipa/orca/src/slic3r/GUI/CalibrationWizardPage.hpp:308:18: note: overridden virtual function is here
1836-  308 |     virtual void on_device_connected(MachineObject* obj) { curr_obj = obj; }
1837-      |                  ^
1838-In file included from /Users/runner/work/Orca-iOS-ipa/Orca-iOS-ipa/orca/src/slic3r/Config/Snapshot.cpp:26:
1839-In file included from /Users/runner/work/Orca-iOS-ipa/Orca-iOS-ipa/orca/src/slic3r/Config/../GUI/MainFrame.hpp:24:
1840-In file included from /Users/runner/work/Orca-iOS-ipa/Orca-iOS-ipa/orca/src/slic3r/Config/../GUI/CalibrationPanel.hpp:4:
1841-In file included from /Users/runner/work/Orca-iOS-ipa/Orca-iOS-ipa/orca/src/slic3r/Config/../GUI/CalibrationWizard.hpp:8:
1842-/Users/runner/work/Orca-iOS-ipa/Orca-iOS-ipa/orca/src/slic3r/Config/../GUI/CalibrationWizardStartPage.hpp:66:10: warning: 'on_reset_page' overrides a member function but is not marked 'override' [-Winconsistent-missing-override]
1843-   66 |     void on_reset_page();
1844-      |          ^
1845-/Users/runner/work/Orca-iOS-ipa/Orca-iOS-ipa/orca/src/slic3r/GUI/CalibrationWizardPage.hpp:310:18: note: overridden virtual function is here
1846-  310 |     virtual void on_reset_page() {}
--
1891-      |                  ^
1892-In file included from /Users/runner/work/Orca-iOS-ipa/Orca-iOS-ipa/orca/src/slic3r/Config/Snapshot.cpp:26:
1893-In file included from /Users/runner/work/Orca-iOS-ipa/Orca-iOS-ipa/orca/src/slic3r/Config/../GUI/MainFrame.hpp:34:
1894:/Users/runner/work/Orca-iOS-ipa/Orca-iOS-ipa/orca/src/slic3r/Config/../GUI/BBLTopbar.hpp:30:26: error: unknown class name 'wxAuiToolBar'; did you mean 'wxToolBar'?
1895-   30 | class BBLTopbar : public wxAuiToolBar
1896-      |                          ^~~~~~~~~~~~
1897-      |                          wxToolBar
1898-/Users/runner/work/Orca-iOS-ipa/Orca-iOS-ipa/wx-prefix/include/wx-3.3/wx/osx/toolbar.h:18:24: note: 'wxToolBar' declared here
1899-   18 | class WXDLLIMPEXP_CORE wxToolBar: public wxToolBarBase
1900-      |                        ^
1901-In file included from /Users/runner/work/Orca-iOS-ipa/Orca-iOS-ipa/orca/src/slic3r/Config/Snapshot.cpp:26:
1902-In file included from /Users/runner/work/Orca-iOS-ipa/Orca-iOS-ipa/orca/src/slic3r/Config/../GUI/MainFrame.hpp:34:
1903:/Users/runner/work/Orca-iOS-ipa/Orca-iOS-ipa/orca/src/slic3r/Config/../GUI/BBLTopbar.hpp:39:20: error: unknown type name 'wxAuiToolBarEvent'
1904-   39 |     void OnIconize(wxAuiToolBarEvent& event);
1905-      |                    ^
1906:/Users/runner/work/Orca-iOS-ipa/Orca-iOS-ipa/orca/src/slic3r/Config/../GUI/BBLTopbar.hpp:40:23: error: unknown type name 'wxAuiToolBarEvent'
1907-   40 |     void OnFullScreen(wxAuiToolBarEvent& event);
1908-      |                       ^
1909:/Users/runner/work/Orca-iOS-ipa/Orca-iOS-ipa/orca/src/slic3r/Config/../GUI/BBLTopbar.hpp:41:23: error: unknown type name 'wxAuiToolBarEvent'
1910-   41 |     void OnCloseFrame(wxAuiToolBarEvent& event);
1911-      |                       ^
1912:/Users/runner/work/Orca-iOS-ipa/Orca-iOS-ipa/orca/src/slic3r/Config/../GUI/BBLTopbar.hpp:42:25: error: unknown type name 'wxAuiToolBarEvent'
1913-   42 |     void OnFileToolItem(wxAuiToolBarEvent& evt);
1914-      |                         ^
1915:/Users/runner/work/Orca-iOS-ipa/Orca-iOS-ipa/orca/src/slic3r/Config/../GUI/BBLTopbar.hpp:43:29: error: unknown type name 'wxAuiToolBarEvent'
1916-   43 |     void OnDropdownToolItem(wxAuiToolBarEvent& evt);
1917-      |                             ^
1918:/Users/runner/work/Orca-iOS-ipa/Orca-iOS-ipa/orca/src/slic3r/Config/../GUI/BBLTopbar.hpp:44:26: error: unknown type name 'wxAuiToolBarEvent'
1919-   44 |     void OnCalibToolItem(wxAuiToolBarEvent &evt);
1920-      |                          ^
1921:/Users/runner/work/Orca-iOS-ipa/Orca-iOS-ipa/orca/src/slic3r/Config/../GUI/BBLTopbar.hpp:51:24: error: unknown type name 'wxAuiToolBarEvent'
1922-   51 |     void OnOpenProject(wxAuiToolBarEvent& event);
1923-      |                        ^
1924:/Users/runner/work/Orca-iOS-ipa/Orca-iOS-ipa/orca/src/slic3r/Config/../GUI/BBLTopbar.hpp:53:24: error: unknown type name 'wxAuiToolBarEvent'
1925-   53 |     void OnSaveProject(wxAuiToolBarEvent& event);
1926-      |                        ^
1927:/Users/runner/work/Orca-iOS-ipa/Orca-iOS-ipa/orca/src/slic3r/Config/../GUI/BBLTopbar.hpp:54:17: error: unknown type name 'wxAuiToolBarEvent'
1928-   54 |     void OnUndo(wxAuiToolBarEvent& event);
1929-      |                 ^
1930:fatal error: too many errors emitted, stopping now [-ferror-limit=]
1931-10 warnings and 20 errors generated.
1932-[302/653] Building CXX object src/slic3r/CMakeFiles/libslic3r_gui.dir/GUI/Widgets/StaticGroup.cpp.o
1933:FAILED: [code=1] src/slic3r/CMakeFiles/libslic3r_gui.dir/GUI/Widgets/StaticGroup.cpp.o 
1934-/usr/bin/c++ -DBBL_RELEASE_TO_PUBLIC=1 -DBOOST_NO_CXX98_FUNCTION_BASE -DGIT_COMMIT_HASH=\"395e070a0e\" -DLIBNEST2D_GEOMETRIES_libslic3r -DLIBNEST2D_OPTIMIZER_nlopt -DLIBNEST2D_STATIC -DLIBNEST2D_THREADING_tbb -DNDEBUG -DSLIC3R_CURRENTLY_COMPILING_GUI_MODULE -DSLIC3R_DESKTOP_INTEGRATION -DSLIC3R_GUI -DTBB_USE_CAPTURED_EXCEPTION=0 -DUNICODE -DUSE_TBB -DWXINTL_NO_GETTEXT_MACRO -D_FILE_OFFSET_BITS=64 -D_HAS_AUTO_PTR_ETC=0 -D_UNICODE -D__WXOSX_IPHONE__ -DwxDEBUG_LEVEL=0 -DwxNO_UNSAFE_WXSTRING_CONV -DwxUSE_UNICODE -I/Users/runner/work/Orca-iOS-ipa/Orca-iOS-ipa/orca/src/slic3r/Utils -I/Users/runner/work/Orca-iOS-ipa/Orca-iOS-ipa/orca/build/src/slic3r -I/Users/runner/work/Orca-iOS-ipa/Orca-iOS-ipa/orca/build/src/libslic3r -I/Users/runner/work/Orca-iOS-ipa/Orca-iOS-ipa/orca/src/libvgcode/glad/include -I/Users/runner/work/Orca-iOS-ipa/Orca-iOS-ipa/orca/src/glad/include -isystem /Users/runner/work/Orca-iOS-ipa/Orca-iOS-ipa/orca/src -isystem /Users/runner/work/Orca-iOS-ipa/Orca-iOS-ipa/orca/build/src/dev-utils/platform -isystem /Users/runner/work/Orca-iOS-ipa/Orca-iOS-ipa/orca/src/libigl -isystem /Users/runner/work/Orca-iOS-ipa/Orca-iOS-ipa/ios-prefix/usr/local/include/opencascade -isystem /Users/runner/work/Orca-iOS-ipa/Orca-iOS-ipa/ios-prefix/usr/local/include/eigen3 -isystem /Users/runner/work/Orca-iOS-ipa/Orca-iOS-ipa/orca/deps_src/admesh -isystem /Users/runner/work/Orca-iOS-ipa/Orca-iOS-ipa/orca/deps_src/admesh/.. -isystem /Users/runner/work/Orca-iOS-ipa/Orca-iOS-ipa/orca/deps_src/libigl -isystem /Users/runner/work/Orca-iOS-ipa/Orca-iOS-ipa/orca/deps_src/libnest2d/include -isystem /Users/runner/work/Orca-iOS-ipa/Orca-iOS-ipa/ios-prefix/usr/local/include -isystem /Users/runner/work/Orca-iOS-ipa/Orca-iOS-ipa/orca/deps_src/miniz -isystem /Users/runner/work/Orca-iOS-ipa/Orca-iOS-ipa/ios-prefix/usr/local/include/opencv4 -isystem /Users/runner/work/Orca-iOS-ipa/Orca-iOS-ipa/orca/deps_src/imgui -isystem /Users/runner/work/Orca-iOS-ipa/Orca-iOS-ipa/orca/deps_src/imguizmo -isystem /Users/runner/work/Orca-iOS-ipa/Orca-iOS-ipa/orca/deps_src/minilzo -isystem /Users/runner/work/Orca-iOS-ipa/Orca-iOS-ipa/orca/deps_src/hidapi/include -isystem /Users/runner/work/Orca-iOS-ipa/Orca-iOS-ipa/orca/deps_src/mdns -isystem /Users/runner/work/Orca-iOS-ipa/Orca-iOS-ipa/wx-prefix/lib/wx/include/osx_iphone-unicode-static-3.3 -isystem /Users/runner/work/Orca-iOS-ipa/Orca-iOS-ipa/wx-prefix/include/wx-3.3 -Wall -Wno-reorder -Werror=partial-availability -Werror=unguarded-availability -Werror=unguarded-availability-new -O3 -DNDEBUG -std=gnu++17 -arch arm64 -isysroot /Applications/Xcode_16.4.app/Contents/Developer/Platforms/iPhoneSimulator.platform/Developer/SDKs/iPhoneSimulator18.5.sdk -mios-simulator-version-min=17.0 -fPIC -fsigned-char -Werror=return-type -Wno-unused-function -Wno-unused-variable -Wno-unused-but-set-variable -Wno-unused-label -Wno-unused-local-typedefs -Wno-sign-compare -Wno-misleading-indentation -Wno-switch -Wno-ignored-attributes -Wno-deprecated-declarations -Wno-error=enum-constexpr-conversion -Winvalid-pch -Xclang -include-pch -Xclang /Users/runner/work/Orca-iOS-ipa/Orca-iOS-ipa/orca/build/src/slic3r/CMakeFiles/libslic3r_gui.dir/cmake_pch.hxx.pch -Xclang -include -Xclang /Users/runner/work/Orca-iOS-ipa/Orca-iOS-ipa/orca/build/src/slic3r/CMakeFiles/libslic3r_gui.dir/cmake_pch.hxx -MD -MT src/slic3r/CMakeFiles/libslic3r_gui.dir/GUI/Widgets/StaticGroup.cpp.o -MF src/slic3r/CMakeFiles/libslic3r_gui.dir/GUI/Widgets/StaticGroup.cpp.o.d -o src/slic3r/CMakeFiles/libslic3r_gui.dir/GUI/Widgets/StaticGroup.cpp.o -c /Users/runner/work/Orca-iOS-ipa/Orca-iOS-ipa/orca/src/slic3r/GUI/Widgets/StaticGroup.cpp
1935-In file included from /Users/runner/work/Orca-iOS-ipa/Orca-iOS-ipa/orca/src/slic3r/GUI/Widgets/StaticGroup.cpp:1:
1936-In file included from /Users/runner/work/Orca-iOS-ipa/Orca-iOS-ipa/orca/src/slic3r/GUI/Widgets/StaticGroup.hpp:4:
1937:/Users/runner/work/Orca-iOS-ipa/Orca-iOS-ipa/orca/src/slic3r/GUI/Widgets/../wxExtensions.hpp:94:64: error: expected class name
1938-   94 | class wxCheckListBoxComboPopup : public wxCheckListBox, public wxComboPopup
1939-      |                                                                ^
1940:/Users/runner/work/Orca-iOS-ipa/Orca-iOS-ipa/orca/src/slic3r/GUI/Widgets/../wxExtensions.hpp:132:71: error: expected class name
1941-  132 | class wxDataViewTreeCtrlComboPopup: public wxDataViewTreeCtrl, public wxComboPopup
1942-      |                                                                       ^
1943-In file included from /Users/runner/work/Orca-iOS-ipa/Orca-iOS-ipa/orca/src/slic3r/GUI/Widgets/StaticGroup.cpp:1:
1944-In file included from /Users/runner/work/Orca-iOS-ipa/Orca-iOS-ipa/orca/src/slic3r/GUI/Widgets/StaticGroup.hpp:6:
1945-/Users/runner/work/Orca-iOS-ipa/Orca-iOS-ipa/orca/src/slic3r/GUI/Widgets/LabeledStaticBox.hpp:45:10: warning: 'LabeledStaticBox::SetFont' hides overloaded virtual function [-Woverloaded-virtual]
1946-   45 |     void SetFont(wxFont set_font);
1947-      |          ^
1948-/Users/runner/work/Orca-iOS-ipa/Orca-iOS-ipa/wx-prefix/include/wx-3.3/wx/osx/statbox.h:44:18: note: hidden overloaded virtual function 'wxStaticBox::SetFont' declared here: type mismatch at 1st parameter ('const wxFont &' vs 'wxFont')
1949-   44 |     virtual bool SetFont( const wxFont &font ) override;
1950-      |                  ^
1951-1 warning and 2 errors generated.
1952-[303/653] Building CXX object src/slic3r/CMakeFiles/libslic3r_gui.dir/GUI/2DBed.cpp.o
1953:FAILED: [code=1] src/slic3r/CMakeFiles/libslic3r_gui.dir/GUI/2DBed.cpp.o 
1954-/usr/bin/c++ -DBBL_RELEASE_TO_PUBLIC=1 -DBOOST_NO_CXX98_FUNCTION_BASE -DGIT_COMMIT_HASH=\"395e070a0e\" -DLIBNEST2D_GEOMETRIES_libslic3r -DLIBNEST2D_OPTIMIZER_nlopt -DLIBNEST2D_STATIC -DLIBNEST2D_THREADING_tbb -DNDEBUG -DSLIC3R_CURRENTLY_COMPILING_GUI_MODULE -DSLIC3R_DESKTOP_INTEGRATION -DSLIC3R_GUI -DTBB_USE_CAPTURED_EXCEPTION=0 -DUNICODE -DUSE_TBB -DWXINTL_NO_GETTEXT_MACRO -D_FILE_OFFSET_BITS=64 -D_HAS_AUTO_PTR_ETC=0 -D_UNICODE -D__WXOSX_IPHONE__ -DwxDEBUG_LEVEL=0 -DwxNO_UNSAFE_WXSTRING_CONV -DwxUSE_UNICODE -I/Users/runner/work/Orca-iOS-ipa/Orca-iOS-ipa/orca/src/slic3r/Utils -I/Users/runner/work/Orca-iOS-ipa/Orca-iOS-ipa/orca/build/src/slic3r -I/Users/runner/work/Orca-iOS-ipa/Orca-iOS-ipa/orca/build/src/libslic3r -I/Users/runner/work/Orca-iOS-ipa/Orca-iOS-ipa/orca/src/libvgcode/glad/include -I/Users/runner/work/Orca-iOS-ipa/Orca-iOS-ipa/orca/src/glad/include -isystem /Users/runner/work/Orca-iOS-ipa/Orca-iOS-ipa/orca/src -isystem /Users/runner/work/Orca-iOS-ipa/Orca-iOS-ipa/orca/build/src/dev-utils/platform -isystem /Users/runner/work/Orca-iOS-ipa/Orca-iOS-ipa/orca/src/libigl -isystem /Users/runner/work/Orca-iOS-ipa/Orca-iOS-ipa/ios-prefix/usr/local/include/opencascade -isystem /Users/runner/work/Orca-iOS-ipa/Orca-iOS-ipa/ios-prefix/usr/local/include/eigen3 -isystem /Users/runner/work/Orca-iOS-ipa/Orca-iOS-ipa/orca/deps_src/admesh -isystem /Users/runner/work/Orca-iOS-ipa/Orca-iOS-ipa/orca/deps_src/admesh/.. -isystem /Users/runner/work/Orca-iOS-ipa/Orca-iOS-ipa/orca/deps_src/libigl -isystem /Users/runner/work/Orca-iOS-ipa/Orca-iOS-ipa/orca/deps_src/libnest2d/include -isystem /Users/runner/work/Orca-iOS-ipa/Orca-iOS-ipa/ios-prefix/usr/local/include -isystem /Users/runner/work/Orca-iOS-ipa/Orca-iOS-ipa/orca/deps_src/miniz -isystem /Users/runner/work/Orca-iOS-ipa/Orca-iOS-ipa/ios-prefix/usr/local/include/opencv4 -isystem /Users/runner/work/Orca-iOS-ipa/Orca-iOS-ipa/orca/deps_src/imgui -isystem /Users/runner/work/Orca-iOS-ipa/Orca-iOS-ipa/orca/deps_src/imguizmo -isystem /Users/runner/work/Orca-iOS-ipa/Orca-iOS-ipa/orca/deps_src/minilzo -isystem /Users/runner/work/Orca-iOS-ipa/Orca-iOS-ipa/orca/deps_src/hidapi/include -isystem /Users/runner/work/Orca-iOS-ipa/Orca-iOS-ipa/orca/deps_src/mdns -isystem /Users/runner/work/Orca-iOS-ipa/Orca-iOS-ipa/wx-prefix/lib/wx/include/osx_iphone-unicode-static-3.3 -isystem /Users/runner/work/Orca-iOS-ipa/Orca-iOS-ipa/wx-prefix/include/wx-3.3 -Wall -Wno-reorder -Werror=partial-availability -Werror=unguarded-availability -Werror=unguarded-availability-new -O3 -DNDEBUG -std=gnu++17 -arch arm64 -isysroot /Applications/Xcode_16.4.app/Contents/Developer/Platforms/iPhoneSimulator.platform/Developer/SDKs/iPhoneSimulator18.5.sdk -mios-simulator-version-min=17.0 -fPIC -fsigned-char -Werror=return-type -Wno-unused-function -Wno-unused-variable -Wno-unused-but-set-variable -Wno-unused-label -Wno-unused-local-typedefs -Wno-sign-compare -Wno-misleading-indentation -Wno-switch -Wno-ignored-attributes -Wno-deprecated-declarations -Wno-error=enum-constexpr-conversion -Winvalid-pch -Xclang -include-pch -Xclang /Users/runner/work/Orca-iOS-ipa/Orca-iOS-ipa/orca/build/src/slic3r/CMakeFiles/libslic3r_gui.dir/cmake_pch.hxx.pch -Xclang -include -Xclang /Users/runner/work/Orca-iOS-ipa/Orca-iOS-ipa/orca/build/src/slic3r/CMakeFiles/libslic3r_gui.dir/cmake_pch.hxx -MD -MT src/slic3r/CMakeFiles/libslic3r_gui.dir/GUI/2DBed.cpp.o -MF src/slic3r/CMakeFiles/libslic3r_gui.dir/GUI/2DBed.cpp.o.d -o src/slic3r/CMakeFiles/libslic3r_gui.dir/GUI/2DBed.cpp.o -c /Users/runner/work/Orca-iOS-ipa/Orca-iOS-ipa/orca/src/slic3r/GUI/2DBed.cpp
1955-In file included from /Users/runner/work/Orca-iOS-ipa/Orca-iOS-ipa/orca/src/slic3r/GUI/2DBed.cpp:2:
1956-In file included from /Users/runner/work/Orca-iOS-ipa/Orca-iOS-ipa/orca/src/slic3r/GUI/GUI_App.hpp:18:
1957-In file included from /Users/runner/work/Orca-iOS-ipa/Orca-iOS-ipa/orca/src/slic3r/GUI/BindDialog.hpp:20:
1958:/Users/runner/work/Orca-iOS-ipa/Orca-iOS-ipa/orca/src/slic3r/GUI/wxExtensions.hpp:94:64: error: expected class name
1959-   94 | class wxCheckListBoxComboPopup : public wxCheckListBox, public wxComboPopup
1960-      |                                                                ^
1961:/Users/runner/work/Orca-iOS-ipa/Orca-iOS-ipa/orca/src/slic3r/GUI/wxExtensions.hpp:132:71: error: expected class name
1962-  132 | class wxDataViewTreeCtrlComboPopup: public wxDataViewTreeCtrl, public wxComboPopup
1963-      |                                                                       ^
1964-In file included from /Users/runner/work/Orca-iOS-ipa/Orca-iOS-ipa/orca/src/slic3r/GUI/2DBed.cpp:2:
1965-In file included from /Users/runner/work/Orca-iOS-ipa/Orca-iOS-ipa/orca/src/slic3r/GUI/GUI_App.hpp:18:
1966-In file included from /Users/runner/work/Orca-iOS-ipa/Orca-iOS-ipa/orca/src/slic3r/GUI/BindDialog.hpp:32:
1967:/Users/runner/work/Orca-iOS-ipa/Orca-iOS-ipa/orca/src/slic3r/GUI/Widgets/TextInput.hpp:75:48: error: only virtual member functions can be marked 'override'
1968-   75 |     void DoSetToolTipText(wxString const &tip) override;
1969-      |                                                ^
1970-In file included from /Users/runner/work/Orca-iOS-ipa/Orca-iOS-ipa/orca/src/slic3r/GUI/2DBed.cpp:5:
1971-In file included from /Users/runner/work/Orca-iOS-ipa/Orca-iOS-ipa/orca/src/slic3r/GUI/PartPlate.hpp:15:
1972-In file included from /Users/runner/work/Orca-iOS-ipa/Orca-iOS-ipa/orca/src/slic3r/GUI/Plater.hpp:20:
1973-In file included from /Users/runner/work/Orca-iOS-ipa/Orca-iOS-ipa/orca/src/slic3r/GUI/Search.hpp:22:
1974-/Users/runner/work/Orca-iOS-ipa/Orca-iOS-ipa/orca/src/slic3r/GUI/Widgets/ScrolledWindow.hpp:18:10: warning: 'ScrolledWindow::Refresh' hides overloaded virtual function [-Woverloaded-virtual]
1975-   18 |     void Refresh();
1976-      |          ^
1977-/Users/runner/work/Orca-iOS-ipa/Orca-iOS-ipa/wx-prefix/include/wx-3.3/wx/osx/window.h:79:18: note: hidden overloaded virtual function 'wxWindow::Refresh' declared here: different number of parameters (2 vs 0)
1978-   79 |     virtual void Refresh( bool eraseBackground = true,
1979-      |                  ^
1980-In file included from /Users/runner/work/Orca-iOS-ipa/Orca-iOS-ipa/orca/src/slic3r/GUI/2DBed.cpp:5:
1981-In file included from /Users/runner/work/Orca-iOS-ipa/Orca-iOS-ipa/orca/src/slic3r/GUI/PartPlate.hpp:15:
1982-In file included from /Users/runner/work/Orca-iOS-ipa/Orca-iOS-ipa/orca/src/slic3r/GUI/Plater.hpp:20:
1983-In file included from /Users/runner/work/Orca-iOS-ipa/Orca-iOS-ipa/orca/src/slic3r/GUI/Search.hpp:22:
1984-/Users/runner/work/Orca-iOS-ipa/Orca-iOS-ipa/orca/src/slic3r/GUI/Widgets/ScrolledWindow.hpp:19:10: warning: 'ScrolledWindow::SetBackgroundColour' hides overloaded virtual function [-Woverloaded-virtual]
1985-   19 |     void SetBackgroundColour(wxColour color);
1986-      |          ^
1987-/Users/runner/work/Orca-iOS-ipa/Orca-iOS-ipa/wx-prefix/include/wx-3.3/wx/osx/window.h:86:18: note: hidden overloaded virtual function 'wxWindow::SetBackgroundColour' declared here: type mismatch at 1st parameter ('const wxColour &' vs 'wxColour')
1988-   86 |     virtual bool SetBackgroundColour( const wxColour &colour ) override;
1989-      |                  ^
1990-In file included from /Users/runner/work/Orca-iOS-ipa/Orca-iOS-ipa/orca/src/slic3r/GUI/2DBed.cpp:5:
1991-In file included from /Users/runner/work/Orca-iOS-ipa/Orca-iOS-ipa/orca/src/slic3r/GUI/PartPlate.hpp:15:
1992-In file included from /Users/runner/work/Orca-iOS-ipa/Orca-iOS-ipa/orca/src/slic3r/GUI/Plater.hpp:20:
1993-/Users/runner/work/Orca-iOS-ipa/Orca-iOS-ipa/orca/src/slic3r/GUI/Search.hpp:220:10: warning: 'Slic3r::Search::SearchDialog::Popup' hides overloaded virtual function [-Woverloaded-virtual]
1994-  220 |     void Popup(wxPoint position = wxDefaultPosition);
1995-      |          ^
1996-/Users/runner/work/Orca-iOS-ipa/Orca-iOS-ipa/wx-prefix/include/wx-3.3/wx/popupwin.h:167:18: note: hidden overloaded virtual function 'wxPopupTransientWindow::Popup' declared here: type mismatch at 1st parameter ('wxWindow *' vs 'wxPoint')
1997-  167 |     virtual void Popup(wxWindow *focus = nullptr) override;
1998-      |                  ^
1999-In file included from /Users/runner/work/Orca-iOS-ipa/Orca-iOS-ipa/orca/src/slic3r/GUI/2DBed.cpp:5:
2000-In file included from /Users/runner/work/Orca-iOS-ipa/Orca-iOS-ipa/orca/src/slic3r/GUI/PartPlate.hpp:15:
2001-In file included from /Users/runner/work/Orca-iOS-ipa/Orca-iOS-ipa/orca/src/slic3r/GUI/Plater.hpp:20:
2002-/Users/runner/work/Orca-iOS-ipa/Orca-iOS-ipa/orca/src/slic3r/GUI/Search.hpp:264:10: warning: 'Slic3r::Search::SearchObjectDialog::Popup' hides overloaded virtual function [-Woverloaded-virtual]
--
2007-      |                  ^
2008-4 warnings and 3 errors generated.
2009-[304/653] Building CXX object src/slic3r/CMakeFiles/libslic3r_gui.dir/GUI/3DBed.cpp.o
2010:FAILED: [code=1] src/slic3r/CMakeFiles/libslic3r_gui.dir/GUI/3DBed.cpp.o 
2011-/usr/bin/c++ -DBBL_RELEASE_TO_PUBLIC=1 -DBOOST_NO_CXX98_FUNCTION_BASE -DGIT_COMMIT_HASH=\"395e070a0e\" -DLIBNEST2D_GEOMETRIES_libslic3r -DLIBNEST2D_OPTIMIZER_nlopt -DLIBNEST2D_STATIC -DLIBNEST2D_THREADING_tbb -DNDEBUG -DSLIC3R_CURRENTLY_COMPILING_GUI_MODULE -DSLIC3R_DESKTOP_INTEGRATION -DSLIC3R_GUI -DTBB_USE_CAPTURED_EXCEPTION=0 -DUNICODE -DUSE_TBB -DWXINTL_NO_GETTEXT_MACRO -D_FILE_OFFSET_BITS=64 -D_HAS_AUTO_PTR_ETC=0 -D_UNICODE -D__WXOSX_IPHONE__ -DwxDEBUG_LEVEL=0 -DwxNO_UNSAFE_WXSTRING_CONV -DwxUSE_UNICODE -I/Users/runner/work/Orca-iOS-ipa/Orca-iOS-ipa/orca/src/slic3r/Utils -I/Users/runner/work/Orca-iOS-ipa/Orca-iOS-ipa/orca/build/src/slic3r -I/Users/runner/work/Orca-iOS-ipa/Orca-iOS-ipa/orca/build/src/libslic3r -I/Users/runner/work/Orca-iOS-ipa/Orca-iOS-ipa/orca/src/libvgcode/glad/include -I/Users/runner/work/Orca-iOS-ipa/Orca-iOS-ipa/orca/src/glad/include -isystem /Users/runner/work/Orca-iOS-ipa/Orca-iOS-ipa/orca/src -isystem /Users/runner/work/Orca-iOS-ipa/Orca-iOS-ipa/orca/build/src/dev-utils/platform -isystem /Users/runner/work/Orca-iOS-ipa/Orca-iOS-ipa/orca/src/libigl -isystem /Users/runner/work/Orca-iOS-ipa/Orca-iOS-ipa/ios-prefix/usr/local/include/opencascade -isystem /Users/runner/work/Orca-iOS-ipa/Orca-iOS-ipa/ios-prefix/usr/local/include/eigen3 -isystem /Users/runner/work/Orca-iOS-ipa/Orca-iOS-ipa/orca/deps_src/admesh -isystem /Users/runner/work/Orca-iOS-ipa/Orca-iOS-ipa/orca/deps_src/admesh/.. -isystem /Users/runner/work/Orca-iOS-ipa/Orca-iOS-ipa/orca/deps_src/libigl -isystem /Users/runner/work/Orca-iOS-ipa/Orca-iOS-ipa/orca/deps_src/libnest2d/include -isystem /Users/runner/work/Orca-iOS-ipa/Orca-iOS-ipa/ios-prefix/usr/local/include -isystem /Users/runner/work/Orca-iOS-ipa/Orca-iOS-ipa/orca/deps_src/miniz -isystem /Users/runner/work/Orca-iOS-ipa/Orca-iOS-ipa/ios-prefix/usr/local/include/opencv4 -isystem /Users/runner/work/Orca-iOS-ipa/Orca-iOS-ipa/orca/deps_src/imgui -isystem /Users/runner/work/Orca-iOS-ipa/Orca-iOS-ipa/orca/deps_src/imguizmo -isystem /Users/runner/work/Orca-iOS-ipa/Orca-iOS-ipa/orca/deps_src/minilzo -isystem /Users/runner/work/Orca-iOS-ipa/Orca-iOS-ipa/orca/deps_src/hidapi/include -isystem /Users/runner/work/Orca-iOS-ipa/Orca-iOS-ipa/orca/deps_src/mdns -isystem /Users/runner/work/Orca-iOS-ipa/Orca-iOS-ipa/wx-prefix/lib/wx/include/osx_iphone-unicode-static-3.3 -isystem /Users/runner/work/Orca-iOS-ipa/Orca-iOS-ipa/wx-prefix/include/wx-3.3 -Wall -Wno-reorder -Werror=partial-availability -Werror=unguarded-availability -Werror=unguarded-availability-new -O3 -DNDEBUG -std=gnu++17 -arch arm64 -isysroot /Applications/Xcode_16.4.app/Contents/Developer/Platforms/iPhoneSimulator.platform/Developer/SDKs/iPhoneSimulator18.5.sdk -mios-simulator-version-min=17.0 -fPIC -fsigned-char -Werror=return-type -Wno-unused-function -Wno-unused-variable -Wno-unused-but-set-variable -Wno-unused-label -Wno-unused-local-typedefs -Wno-sign-compare -Wno-misleading-indentation -Wno-switch -Wno-ignored-attributes -Wno-deprecated-declarations -Wno-error=enum-constexpr-conversion -Winvalid-pch -Xclang -include-pch -Xclang /Users/runner/work/Orca-iOS-ipa/Orca-iOS-ipa/orca/build/src/slic3r/CMakeFiles/libslic3r_gui.dir/cmake_pch.hxx.pch -Xclang -include -Xclang /Users/runner/work/Orca-iOS-ipa/Orca-iOS-ipa/orca/build/src/slic3r/CMakeFiles/libslic3r_gui.dir/cmake_pch.hxx -MD -MT src/slic3r/CMakeFiles/libslic3r_gui.dir/GUI/3DBed.cpp.o -MF src/slic3r/CMakeFiles/libslic3r_gui.dir/GUI/3DBed.cpp.o.d -o src/slic3r/CMakeFiles/libslic3r_gui.dir/GUI/3DBed.cpp.o -c /Users/runner/work/Orca-iOS-ipa/Orca-iOS-ipa/orca/src/slic3r/GUI/3DBed.cpp
2012-In file included from /Users/runner/work/Orca-iOS-ipa/Orca-iOS-ipa/orca/src/slic3r/GUI/3DBed.cpp:12:
2013-In file included from /Users/runner/work/Orca-iOS-ipa/Orca-iOS-ipa/orca/src/slic3r/GUI/GUI_App.hpp:18:
2014-In file included from /Users/runner/work/Orca-iOS-ipa/Orca-iOS-ipa/orca/src/slic3r/GUI/BindDialog.hpp:20:
2015:/Users/runner/work/Orca-iOS-ipa/Orca-iOS-ipa/orca/src/slic3r/GUI/wxExtensions.hpp:94:64: error: expected class name
2016-   94 | class wxCheckListBoxComboPopup : public wxCheckListBox, public wxComboPopup
2017-      |                                                                ^
2018:/Users/runner/work/Orca-iOS-ipa/Orca-iOS-ipa/orca/src/slic3r/GUI/wxExtensions.hpp:132:71: error: expected class name
2019-  132 | class wxDataViewTreeCtrlComboPopup: public wxDataViewTreeCtrl, public wxComboPopup
2020-      |                                                                       ^
2021-In file included from /Users/runner/work/Orca-iOS-ipa/Orca-iOS-ipa/orca/src/slic3r/GUI/3DBed.cpp:12:
2022-In file included from /Users/runner/work/Orca-iOS-ipa/Orca-iOS-ipa/orca/src/slic3r/GUI/GUI_App.hpp:18:
2023-In file included from /Users/runner/work/Orca-iOS-ipa/Orca-iOS-ipa/orca/src/slic3r/GUI/BindDialog.hpp:32:
2024:/Users/runner/work/Orca-iOS-ipa/Orca-iOS-ipa/orca/src/slic3r/GUI/Widgets/TextInput.hpp:75:48: error: only virtual member functions can be marked 'override'
2025-   75 |     void DoSetToolTipText(wxString const &tip) override;
2026-      |                                                ^
2027-In file included from /Users/runner/work/Orca-iOS-ipa/Orca-iOS-ipa/orca/src/slic3r/GUI/3DBed.cpp:15:
2028-In file included from /Users/runner/work/Orca-iOS-ipa/Orca-iOS-ipa/orca/src/slic3r/GUI/Plater.hpp:20:
2029-In file included from /Users/runner/work/Orca-iOS-ipa/Orca-iOS-ipa/orca/src/slic3r/GUI/Search.hpp:22:
2030-/Users/runner/work/Orca-iOS-ipa/Orca-iOS-ipa/orca/src/slic3r/GUI/Widgets/ScrolledWindow.hpp:18:10: warning: 'ScrolledWindow::Refresh' hides overloaded virtual function [-Woverloaded-virtual]
2031-   18 |     void Refresh();
2032-      |          ^
2033-/Users/runner/work/Orca-iOS-ipa/Orca-iOS-ipa/wx-prefix/include/wx-3.3/wx/osx/window.h:79:18: note: hidden overloaded virtual function 'wxWindow::Refresh' declared here: different number of parameters (2 vs 0)
2034-   79 |     virtual void Refresh( bool eraseBackground = true,
2035-      |                  ^
2036-In file included from /Users/runner/work/Orca-iOS-ipa/Orca-iOS-ipa/orca/src/slic3r/GUI/3DBed.cpp:15:
2037-In file included from /Users/runner/work/Orca-iOS-ipa/Orca-iOS-ipa/orca/src/slic3r/GUI/Plater.hpp:20:
2038-In file included from /Users/runner/work/Orca-iOS-ipa/Orca-iOS-ipa/orca/src/slic3r/GUI/Search.hpp:22:
2039-/Users/runner/work/Orca-iOS-ipa/Orca-iOS-ipa/orca/src/slic3r/GUI/Widgets/ScrolledWindow.hpp:19:10: warning: 'ScrolledWindow::SetBackgroundColour' hides overloaded virtual function [-Woverloaded-virtual]
2040-   19 |     void SetBackgroundColour(wxColour color);
2041-      |          ^
2042-/Users/runner/work/Orca-iOS-ipa/Orca-iOS-ipa/wx-prefix/include/wx-3.3/wx/osx/window.h:86:18: note: hidden overloaded virtual function 'wxWindow::SetBackgroundColour' declared here: type mismatch at 1st parameter ('const wxColour &' vs 'wxColour')
2043-   86 |     virtual bool SetBackgroundColour( const wxColour &colour ) override;
2044-      |                  ^
2045-In file included from /Users/runner/work/Orca-iOS-ipa/Orca-iOS-ipa/orca/src/slic3r/GUI/3DBed.cpp:15:
2046-In file included from /Users/runner/work/Orca-iOS-ipa/Orca-iOS-ipa/orca/src/slic3r/GUI/Plater.hpp:20:
2047-/Users/runner/work/Orca-iOS-ipa/Orca-iOS-ipa/orca/src/slic3r/GUI/Search.hpp:220:10: warning: 'Slic3r::Search::SearchDialog::Popup' hides overloaded virtual function [-Woverloaded-virtual]
2048-  220 |     void Popup(wxPoint position = wxDefaultPosition);
2049-      |          ^
2050-/Users/runner/work/Orca-iOS-ipa/Orca-iOS-ipa/wx-prefix/include/wx-3.3/wx/popupwin.h:167:18: note: hidden overloaded virtual function 'wxPopupTransientWindow::Popup' declared here: type mismatch at 1st parameter ('wxWindow *' vs 'wxPoint')
2051-  167 |     virtual void Popup(wxWindow *focus = nullptr) override;
2052-      |                  ^
2053-In file included from /Users/runner/work/Orca-iOS-ipa/Orca-iOS-ipa/orca/src/slic3r/GUI/3DBed.cpp:15:
2054-In file included from /Users/runner/work/Orca-iOS-ipa/Orca-iOS-ipa/orca/src/slic3r/GUI/Plater.hpp:20:
2055-/Users/runner/work/Orca-iOS-ipa/Orca-iOS-ipa/orca/src/slic3r/GUI/Search.hpp:264:10: warning: 'Slic3r::Search::SearchObjectDialog::Popup' hides overloaded virtual function [-Woverloaded-virtual]
2056-  264 |     void Popup(wxPoint position = wxDefaultPosition);
2057-      |          ^
2058-/Users/runner/work/Orca-iOS-ipa/Orca-iOS-ipa/wx-prefix/include/wx-3.3/wx/popupwin.h:167:18: note: hidden overloaded virtual function 'wxPopupTransientWindow::Popup' declared here: type mismatch at 1st parameter ('wxWindow *' vs 'wxPoint')
2059-  167 |     virtual void Popup(wxWindow *focus = nullptr) override;
2060-      |                  ^
2061-4 warnings and 3 errors generated.
2062-[305/653] Building CXX object src/slic3r/CMakeFiles/libslic3r_gui.dir/GUI/AboutDialog.cpp.o
2063:FAILED: [code=1] src/slic3r/CMakeFiles/libslic3r_gui.dir/GUI/AboutDialog.cpp.o 
2064-/usr/bin/c++ -DBBL_RELEASE_TO_PUBLIC=1 -DBOOST_NO_CXX98_FUNCTION_BASE -DGIT_COMMIT_HASH=\"395e070a0e\" -DLIBNEST2D_GEOMETRIES_libslic3r -DLIBNEST2D_OPTIMIZER_nlopt -DLIBNEST2D_STATIC -DLIBNEST2D_THREADING_tbb -DNDEBUG -DSLIC3R_CURRENTLY_COMPILING_GUI_MODULE -DSLIC3R_DESKTOP_INTEGRATION -DSLIC3R_GUI -DTBB_USE_CAPTURED_EXCEPTION=0 -DUNICODE -DUSE_TBB -DWXINTL_NO_GETTEXT_MACRO -D_FILE_OFFSET_BITS=64 -D_HAS_AUTO_PTR_ETC=0 -D_UNICODE -D__WXOSX_IPHONE__ -DwxDEBUG_LEVEL=0 -DwxNO_UNSAFE_WXSTRING_CONV -DwxUSE_UNICODE -I/Users/runner/work/Orca-iOS-ipa/Orca-iOS-ipa/orca/src/slic3r/Utils -I/Users/runner/work/Orca-iOS-ipa/Orca-iOS-ipa/orca/build/src/slic3r -I/Users/runner/work/Orca-iOS-ipa/Orca-iOS-ipa/orca/build/src/libslic3r -I/Users/runner/work/Orca-iOS-ipa/Orca-iOS-ipa/orca/src/libvgcode/glad/include -I/Users/runner/work/Orca-iOS-ipa/Orca-iOS-ipa/orca/src/glad/include -isystem /Users/runner/work/Orca-iOS-ipa/Orca-iOS-ipa/orca/src -isystem /Users/runner/work/Orca-iOS-ipa/Orca-iOS-ipa/orca/build/src/dev-utils/platform -isystem /Users/runner/work/Orca-iOS-ipa/Orca-iOS-ipa/orca/src/libigl -isystem /Users/runner/work/Orca-iOS-ipa/Orca-iOS-ipa/ios-prefix/usr/local/include/opencascade -isystem /Users/runner/work/Orca-iOS-ipa/Orca-iOS-ipa/ios-prefix/usr/local/include/eigen3 -isystem /Users/runner/work/Orca-iOS-ipa/Orca-iOS-ipa/orca/deps_src/admesh -isystem /Users/runner/work/Orca-iOS-ipa/Orca-iOS-ipa/orca/deps_src/admesh/.. -isystem /Users/runner/work/Orca-iOS-ipa/Orca-iOS-ipa/orca/deps_src/libigl -isystem /Users/runner/work/Orca-iOS-ipa/Orca-iOS-ipa/orca/deps_src/libnest2d/include -isystem /Users/runner/work/Orca-iOS-ipa/Orca-iOS-ipa/ios-prefix/usr/local/include -isystem /Users/runner/work/Orca-iOS-ipa/Orca-iOS-ipa/orca/deps_src/miniz -isystem /Users/runner/work/Orca-iOS-ipa/Orca-iOS-ipa/ios-prefix/usr/local/include/opencv4 -isystem /Users/runner/work/Orca-iOS-ipa/Orca-iOS-ipa/orca/deps_src/imgui -isystem /Users/runner/work/Orca-iOS-ipa/Orca-iOS-ipa/orca/deps_src/imguizmo -isystem /Users/runner/work/Orca-iOS-ipa/Orca-iOS-ipa/orca/deps_src/minilzo -isystem /Users/runner/work/Orca-iOS-ipa/Orca-iOS-ipa/orca/deps_src/hidapi/include -isystem /Users/runner/work/Orca-iOS-ipa/Orca-iOS-ipa/orca/deps_src/mdns -isystem /Users/runner/work/Orca-iOS-ipa/Orca-iOS-ipa/wx-prefix/lib/wx/include/osx_iphone-unicode-static-3.3 -isystem /Users/runner/work/Orca-iOS-ipa/Orca-iOS-ipa/wx-prefix/include/wx-3.3 -Wall -Wno-reorder -Werror=partial-availability -Werror=unguarded-availability -Werror=unguarded-availability-new -O3 -DNDEBUG -std=gnu++17 -arch arm64 -isysroot /Applications/Xcode_16.4.app/Contents/Developer/Platforms/iPhoneSimulator.platform/Developer/SDKs/iPhoneSimulator18.5.sdk -mios-simulator-version-min=17.0 -fPIC -fsigned-char -Werror=return-type -Wno-unused-function -Wno-unused-variable -Wno-unused-but-set-variable -Wno-unused-label -Wno-unused-local-typedefs -Wno-sign-compare -Wno-misleading-indentation -Wno-switch -Wno-ignored-attributes -Wno-deprecated-declarations -Wno-error=enum-constexpr-conversion -Winvalid-pch -Xclang -include-pch -Xclang /Users/runner/work/Orca-iOS-ipa/Orca-iOS-ipa/orca/build/src/slic3r/CMakeFiles/libslic3r_gui.dir/cmake_pch.hxx.pch -Xclang -include -Xclang /Users/runner/work/Orca-iOS-ipa/Orca-iOS-ipa/orca/build/src/slic3r/CMakeFiles/libslic3r_gui.dir/cmake_pch.hxx -MD -MT src/slic3r/CMakeFiles/libslic3r_gui.dir/GUI/AboutDialog.cpp.o -MF src/slic3r/CMakeFiles/libslic3r_gui.dir/GUI/AboutDialog.cpp.o.d -o src/slic3r/CMakeFiles/libslic3r_gui.dir/GUI/AboutDialog.cpp.o -c /Users/runner/work/Orca-iOS-ipa/Orca-iOS-ipa/orca/src/slic3r/GUI/AboutDialog.cpp
2065-In file included from /Users/runner/work/Orca-iOS-ipa/Orca-iOS-ipa/orca/src/slic3r/GUI/AboutDialog.cpp:1:
2066-In file included from /Users/runner/work/Orca-iOS-ipa/Orca-iOS-ipa/orca/src/slic3r/GUI/AboutDialog.hpp:9:
2067:/Users/runner/work/Orca-iOS-ipa/Orca-iOS-ipa/orca/src/slic3r/GUI/wxExtensions.hpp:94:64: error: expected class name
2068-   94 | class wxCheckListBoxComboPopup : public wxCheckListBox, public wxComboPopup
2069-      |                                                                ^
2070:/Users/runner/work/Orca-iOS-ipa/Orca-iOS-ipa/orca/src/slic3r/GUI/wxExtensions.hpp:132:71: error: expected class name
2071-  132 | class wxDataViewTreeCtrlComboPopup: public wxDataViewTreeCtrl, public wxComboPopup
2072-      |                                                                       ^
2073-In file included from /Users/runner/work/Orca-iOS-ipa/Orca-iOS-ipa/orca/src/slic3r/GUI/AboutDialog.cpp:7:
2074-In file included from /Users/runner/work/Orca-iOS-ipa/Orca-iOS-ipa/orca/src/slic3r/GUI/GUI_App.hpp:18:
2075-In file included from /Users/runner/work/Orca-iOS-ipa/Orca-iOS-ipa/orca/src/slic3r/GUI/BindDialog.hpp:32:
2076:/Users/runner/work/Orca-iOS-ipa/Orca-iOS-ipa/orca/src/slic3r/GUI/Widgets/TextInput.hpp:75:48: error: only virtual member functions can be marked 'override'
2077-   75 |     void DoSetToolTipText(wxString const &tip) override;
2078-      |                                                ^
2079-In file included from /Users/runner/work/Orca-iOS-ipa/Orca-iOS-ipa/orca/src/slic3r/GUI/AboutDialog.cpp:8:
2080-In file included from /Users/runner/work/Orca-iOS-ipa/Orca-iOS-ipa/orca/src/slic3r/GUI/MainFrame.hpp:21:
2081-In file included from /Users/runner/work/Orca-iOS-ipa/Orca-iOS-ipa/orca/src/slic3r/GUI/Monitor.hpp:4:
2082-/Users/runner/work/Orca-iOS-ipa/Orca-iOS-ipa/orca/src/slic3r/GUI/Tabbook.hpp:143:10: warning: 'Tabbook::AddPage' hides overloaded virtual function [-Woverloaded-virtual]
2083-  143 |     bool AddPage(wxWindow* page,
2084-      |          ^
2085-/Users/runner/work/Orca-iOS-ipa/Orca-iOS-ipa/wx-prefix/include/wx-3.3/wx/bookctrl.h:177:18: note: hidden overloaded virtual function 'wxBookCtrlBase::AddPage' declared here: type mismatch at 3rd parameter ('bool' vs 'const std::string &' (aka 'const basic_string<char> &'))
2086-  177 |     virtual bool AddPage(wxWindow *page,
2087-      |                  ^
2088-In file included from /Users/runner/work/Orca-iOS-ipa/Orca-iOS-ipa/orca/src/slic3r/GUI/AboutDialog.cpp:8:
2089-In file included from /Users/runner/work/Orca-iOS-ipa/Orca-iOS-ipa/orca/src/slic3r/GUI/MainFrame.hpp:21:
2090-In file included from /Users/runner/work/Orca-iOS-ipa/Orca-iOS-ipa/orca/src/slic3r/GUI/Monitor.hpp:4:
2091-/Users/runner/work/Orca-iOS-ipa/Orca-iOS-ipa/orca/src/slic3r/GUI/Tabbook.hpp:187:10: warning: 'RemovePage' overrides a member function but is not marked 'override' [-Winconsistent-missing-override]
2092-  187 |     bool RemovePage(size_t n)
2093-      |          ^
2094-/Users/runner/work/Orca-iOS-ipa/Orca-iOS-ipa/wx-prefix/include/wx-3.3/wx/bookctrl.h:161:18: note: overridden virtual function is here
2095-  161 |     virtual bool RemovePage(size_t n)
2096-      |                  ^
2097-In file included from /Users/runner/work/Orca-iOS-ipa/Orca-iOS-ipa/orca/src/slic3r/GUI/AboutDialog.cpp:8:
2098-In file included from /Users/runner/work/Orca-iOS-ipa/Orca-iOS-ipa/orca/src/slic3r/GUI/MainFrame.hpp:21:
2099-In file included from /Users/runner/work/Orca-iOS-ipa/Orca-iOS-ipa/orca/src/slic3r/GUI/Monitor.hpp:46:
2100-In file included from /Users/runner/work/Orca-iOS-ipa/Orca-iOS-ipa/orca/src/slic3r/GUI/StatusPanel.hpp:21:
2101-In file included from /Users/runner/work/Orca-iOS-ipa/Orca-iOS-ipa/orca/src/slic3r/GUI/CalibrationWizardPage.hpp:12:
2102-In file included from /Users/runner/work/Orca-iOS-ipa/Orca-iOS-ipa/orca/src/slic3r/GUI/PresetComboBoxes.hpp:11:
2103:/Users/runner/work/Orca-iOS-ipa/Orca-iOS-ipa/orca/src/slic3r/GUI/BitmapComboBox.hpp:16:31: error: base class has incomplete type
2104-   16 | class BitmapComboBox : public wxBitmapComboBox
2105-      |                        ~~~~~~~^~~~~~~~~~~~~~~~
2106-/Users/runner/work/Orca-iOS-ipa/Orca-iOS-ipa/orca/src/slic3r/GUI/GUI_ObjectList.hpp:19:7: note: forward declaration of 'wxBitmapComboBox'
2107-   19 | class wxBitmapComboBox;
2108-      |       ^
2109-In file included from /Users/runner/work/Orca-iOS-ipa/Orca-iOS-ipa/orca/src/slic3r/GUI/AboutDialog.cpp:8:
2110-In file included from /Users/runner/work/Orca-iOS-ipa/Orca-iOS-ipa/orca/src/slic3r/GUI/MainFrame.hpp:21:
2111-In file included from /Users/runner/work/Orca-iOS-ipa/Orca-iOS-ipa/orca/src/slic3r/GUI/Monitor.hpp:46:
2112-In file included from /Users/runner/work/Orca-iOS-ipa/Orca-iOS-ipa/orca/src/slic3r/GUI/StatusPanel.hpp:21:
2113-In file included from /Users/runner/work/Orca-iOS-ipa/Orca-iOS-ipa/orca/src/slic3r/GUI/CalibrationWizardPage.hpp:12:
2114-In file included from /Users/runner/work/Orca-iOS-ipa/Orca-iOS-ipa/orca/src/slic3r/GUI/PresetComboBoxes.hpp:11:
2115:/Users/runner/work/Orca-iOS-ipa/Orca-iOS-ipa/orca/src/slic3r/GUI/BitmapComboBox.hpp:50:48: error: only virtual member functions can be marked 'override'
2116-   50 | bool OnAddBitmap(const wxBitmapBundle& bitmap) override;
2117-      |                                                ^
2118:/Users/runner/work/Orca-iOS-ipa/Orca-iOS-ipa/orca/src/slic3r/GUI/BitmapComboBox.hpp:51:74: error: only virtual member functions can be marked 'override'
2119-   51 | void OnDrawItem(wxDC& dc, const wxRect& rect, int item, int flags) const override;
2120-      |                                                                          ^
2121:/Users/runner/work/Orca-iOS-ipa/Orca-iOS-ipa/orca/src/slic3r/GUI/BitmapComboBox.hpp:34:16: error: incomplete type 'wxBitmapComboBox' named in nested name specifier
2122-   34 |         return wxBitmapComboBox::Append(item, bitmap);
2123-      |                ^~~~~~~~~~~~~~~~~~
2124-/Users/runner/work/Orca-iOS-ipa/Orca-iOS-ipa/orca/src/slic3r/GUI/GUI_ObjectList.hpp:19:7: note: forward declaration of 'wxBitmapComboBox'
2125-   19 | class wxBitmapComboBox;
2126-      |       ^
2127-In file included from /Users/runner/work/Orca-iOS-ipa/Orca-iOS-ipa/orca/src/slic3r/GUI/AboutDialog.cpp:8:
2128-In file included from /Users/runner/work/Orca-iOS-ipa/Orca-iOS-ipa/orca/src/slic3r/GUI/MainFrame.hpp:21:
2129-In file included from /Users/runner/work/Orca-iOS-ipa/Orca-iOS-ipa/orca/src/slic3r/GUI/Monitor.hpp:46:
2130-In file included from /Users/runner/work/Orca-iOS-ipa/Orca-iOS-ipa/orca/src/slic3r/GUI/StatusPanel.hpp:30:
2131:/Users/runner/work/Orca-iOS-ipa/Orca-iOS-ipa/orca/src/slic3r/GUI/Widgets/TempInput.hpp:133:48: error: only virtual member functions can be marked 'override'
2132-  133 |     void DoSetToolTipText(wxString const &tip) override;
2133-      |                                                ^
2134-In file included from /Users/runner/work/Orca-iOS-ipa/Orca-iOS-ipa/orca/src/slic3r/GUI/AboutDialog.cpp:8:
2135-In file included from /Users/runner/work/Orca-iOS-ipa/Orca-iOS-ipa/orca/src/slic3r/GUI/MainFrame.hpp:21:
2136-In file included from /Users/runner/work/Orca-iOS-ipa/Orca-iOS-ipa/orca/src/slic3r/GUI/Monitor.hpp:51:
2137:/Users/runner/work/Orca-iOS-ipa/Orca-iOS-ipa/orca/src/slic3r/GUI/SelectMachinePop.hpp:190:5: error: unknown type name 'wxSearchCtrl'; did you mean 'wxHeaderCtrl'?
2138-  190 |     wxSearchCtrl*                     m_search_bar{nullptr};
2139-      |     ^~~~~~~~~~~~
2140-      |     wxHeaderCtrl
2141-/Users/runner/work/Orca-iOS-ipa/Orca-iOS-ipa/wx-prefix/include/wx-3.3/wx/dataview.h:34:28: note: 'wxHeaderCtrl' declared here
2142-   34 | class WXDLLIMPEXP_FWD_CORE wxHeaderCtrl;
2143-      |                            ^
2144-In file included from /Users/runner/work/Orca-iOS-ipa/Orca-iOS-ipa/orca/src/slic3r/GUI/AboutDialog.cpp:8:
2145-In file included from /Users/runner/work/Orca-iOS-ipa/Orca-iOS-ipa/orca/src/slic3r/GUI/MainFrame.hpp:24:
2146-In file included from /Users/runner/work/Orca-iOS-ipa/Orca-iOS-ipa/orca/src/slic3r/GUI/CalibrationPanel.hpp:4:
2147-In file included from /Users/runner/work/Orca-iOS-ipa/Orca-iOS-ipa/orca/src/slic3r/GUI/CalibrationWizard.hpp:8:
2148-/Users/runner/work/Orca-iOS-ipa/Orca-iOS-ipa/orca/src/slic3r/GUI/CalibrationWizardStartPage.hpp:51:10: warning: 'on_reset_page' overrides a member function but is not marked 'override' [-Winconsistent-missing-override]
2149-   51 |     void on_reset_page();
2150-      |          ^
2151-/Users/runner/work/Orca-iOS-ipa/Orca-iOS-ipa/orca/src/slic3r/GUI/CalibrationWizardPage.hpp:310:18: note: overridden virtual function is here
2152-  310 |     virtual void on_reset_page() {}
2153-      |                  ^
2154-In file included from /Users/runner/work/Orca-iOS-ipa/Orca-iOS-ipa/orca/src/slic3r/GUI/AboutDialog.cpp:8:
2155-In file included from /Users/runner/work/Orca-iOS-ipa/Orca-iOS-ipa/orca/src/slic3r/GUI/MainFrame.hpp:24:
2156-In file included from /Users/runner/work/Orca-iOS-ipa/Orca-iOS-ipa/orca/src/slic3r/GUI/CalibrationPanel.hpp:4:
2157-In file included from /Users/runner/work/Orca-iOS-ipa/Orca-iOS-ipa/orca/src/slic3r/GUI/CalibrationWizard.hpp:8:
2158-/Users/runner/work/Orca-iOS-ipa/Orca-iOS-ipa/orca/src/slic3r/GUI/CalibrationWizardStartPage.hpp:52:10: warning: 'on_device_connected' overrides a member function but is not marked 'override' [-Winconsistent-missing-override]
2159-   52 |     void on_device_connected(MachineObject* obj);
2160-      |          ^
2161-/Users/runner/work/Orca-iOS-ipa/Orca-iOS-ipa/orca/src/slic3r/GUI/CalibrationWizardPage.hpp:308:18: note: overridden virtual function is here
2162-  308 |     virtual void on_device_connected(MachineObject* obj) { curr_obj = obj; }
2163-      |                  ^
2164-In file included from /Users/runner/work/Orca-iOS-ipa/Orca-iOS-ipa/orca/src/slic3r/GUI/AboutDialog.cpp:8:
2165-In file included from /Users/runner/work/Orca-iOS-ipa/Orca-iOS-ipa/orca/src/slic3r/GUI/MainFrame.hpp:24:
2166-In file included from /Users/runner/work/Orca-iOS-ipa/Orca-iOS-ipa/orca/src/slic3r/GUI/CalibrationPanel.hpp:4:
2167-In file included from /Users/runner/work/Orca-iOS-ipa/Orca-iOS-ipa/orca/src/slic3r/GUI/CalibrationWizard.hpp:8:
2168-/Users/runner/work/Orca-iOS-ipa/Orca-iOS-ipa/orca/src/slic3r/GUI/CalibrationWizardStartPage.hpp:66:10: warning: 'on_reset_page' overrides a member function but is not marked 'override' [-Winconsistent-missing-override]
2169-   66 |     void on_reset_page();
2170-      |          ^
2171-/Users/runner/work/Orca-iOS-ipa/Orca-iOS-ipa/orca/src/slic3r/GUI/CalibrationWizardPage.hpp:310:18: note: overridden virtual function is here
2172-  310 |     virtual void on_reset_page() {}
--
2217-      |                  ^
2218-In file included from /Users/runner/work/Orca-iOS-ipa/Orca-iOS-ipa/orca/src/slic3r/GUI/AboutDialog.cpp:8:
2219-In file included from /Users/runner/work/Orca-iOS-ipa/Orca-iOS-ipa/orca/src/slic3r/GUI/MainFrame.hpp:34:
2220:/Users/runner/work/Orca-iOS-ipa/Orca-iOS-ipa/orca/src/slic3r/GUI/BBLTopbar.hpp:30:26: error: unknown class name 'wxAuiToolBar'; did you mean 'wxToolBar'?
2221-   30 | class BBLTopbar : public wxAuiToolBar
2222-      |                          ^~~~~~~~~~~~
2223-      |                          wxToolBar
2224-/Users/runner/work/Orca-iOS-ipa/Orca-iOS-ipa/wx-prefix/include/wx-3.3/wx/osx/toolbar.h:18:24: note: 'wxToolBar' declared here
2225-   18 | class WXDLLIMPEXP_CORE wxToolBar: public wxToolBarBase
2226-      |                        ^
2227-In file included from /Users/runner/work/Orca-iOS-ipa/Orca-iOS-ipa/orca/src/slic3r/GUI/AboutDialog.cpp:8:
2228-In file included from /Users/runner/work/Orca-iOS-ipa/Orca-iOS-ipa/orca/src/slic3r/GUI/MainFrame.hpp:34:
2229:/Users/runner/work/Orca-iOS-ipa/Orca-iOS-ipa/orca/src/slic3r/GUI/BBLTopbar.hpp:39:20: error: unknown type name 'wxAuiToolBarEvent'
2230-   39 |     void OnIconize(wxAuiToolBarEvent& event);
2231-      |                    ^
2232:/Users/runner/work/Orca-iOS-ipa/Orca-iOS-ipa/orca/src/slic3r/GUI/BBLTopbar.hpp:40:23: error: unknown type name 'wxAuiToolBarEvent'
2233-   40 |     void OnFullScreen(wxAuiToolBarEvent& event);
2234-      |                       ^
2235:/Users/runner/work/Orca-iOS-ipa/Orca-iOS-ipa/orca/src/slic3r/GUI/BBLTopbar.hpp:41:23: error: unknown type name 'wxAuiToolBarEvent'
2236-   41 |     void OnCloseFrame(wxAuiToolBarEvent& event);
2237-      |                       ^
2238:/Users/runner/work/Orca-iOS-ipa/Orca-iOS-ipa/orca/src/slic3r/GUI/BBLTopbar.hpp:42:25: error: unknown type name 'wxAuiToolBarEvent'
2239-   42 |     void OnFileToolItem(wxAuiToolBarEvent& evt);
2240-      |                         ^
2241:/Users/runner/work/Orca-iOS-ipa/Orca-iOS-ipa/orca/src/slic3r/GUI/BBLTopbar.hpp:43:29: error: unknown type name 'wxAuiToolBarEvent'
2242-   43 |     void OnDropdownToolItem(wxAuiToolBarEvent& evt);
2243-      |                             ^
2244:/Users/runner/work/Orca-iOS-ipa/Orca-iOS-ipa/orca/src/slic3r/GUI/BBLTopbar.hpp:44:26: error: unknown type name 'wxAuiToolBarEvent'
2245-   44 |     void OnCalibToolItem(wxAuiToolBarEvent &evt);
2246-      |                          ^
2247:/Users/runner/work/Orca-iOS-ipa/Orca-iOS-ipa/orca/src/slic3r/GUI/BBLTopbar.hpp:51:24: error: unknown type name 'wxAuiToolBarEvent'
2248-   51 |     void OnOpenProject(wxAuiToolBarEvent& event);
2249-      |                        ^
2250:/Users/runner/work/Orca-iOS-ipa/Orca-iOS-ipa/orca/src/slic3r/GUI/BBLTopbar.hpp:53:24: error: unknown type name 'wxAuiToolBarEvent'
2251-   53 |     void OnSaveProject(wxAuiToolBarEvent& event);
2252-      |                        ^
2253:/Users/runner/work/Orca-iOS-ipa/Orca-iOS-ipa/orca/src/slic3r/GUI/BBLTopbar.hpp:54:17: error: unknown type name 'wxAuiToolBarEvent'
2254-   54 |     void OnUndo(wxAuiToolBarEvent& event);
2255-      |                 ^
2256:fatal error: too many errors emitted, stopping now [-ferror-limit=]
2257-10 warnings and 20 errors generated.
2258-[306/653] Building CXX object src/slic3r/CMakeFiles/libslic3r_gui.dir/GUI/3DScene.cpp.o
2259:FAILED: [code=1] src/slic3r/CMakeFiles/libslic3r_gui.dir/GUI/3DScene.cpp.o 
2260-/usr/bin/c++ -DBBL_RELEASE_TO_PUBLIC=1 -DBOOST_NO_CXX98_FUNCTION_BASE -DGIT_COMMIT_HASH=\"395e070a0e\" -DLIBNEST2D_GEOMETRIES_libslic3r -DLIBNEST2D_OPTIMIZER_nlopt -DLIBNEST2D_STATIC -DLIBNEST2D_THREADING_tbb -DNDEBUG -DSLIC3R_CURRENTLY_COMPILING_GUI_MODULE -DSLIC3R_DESKTOP_INTEGRATION -DSLIC3R_GUI -DTBB_USE_CAPTURED_EXCEPTION=0 -DUNICODE -DUSE_TBB -DWXINTL_NO_GETTEXT_MACRO -D_FILE_OFFSET_BITS=64 -D_HAS_AUTO_PTR_ETC=0 -D_UNICODE -D__WXOSX_IPHONE__ -DwxDEBUG_LEVEL=0 -DwxNO_UNSAFE_WXSTRING_CONV -DwxUSE_UNICODE -I/Users/runner/work/Orca-iOS-ipa/Orca-iOS-ipa/orca/src/slic3r/Utils -I/Users/runner/work/Orca-iOS-ipa/Orca-iOS-ipa/orca/build/src/slic3r -I/Users/runner/work/Orca-iOS-ipa/Orca-iOS-ipa/orca/build/src/libslic3r -I/Users/runner/work/Orca-iOS-ipa/Orca-iOS-ipa/orca/src/libvgcode/glad/include -I/Users/runner/work/Orca-iOS-ipa/Orca-iOS-ipa/orca/src/glad/include -isystem /Users/runner/work/Orca-iOS-ipa/Orca-iOS-ipa/orca/src -isystem /Users/runner/work/Orca-iOS-ipa/Orca-iOS-ipa/orca/build/src/dev-utils/platform -isystem /Users/runner/work/Orca-iOS-ipa/Orca-iOS-ipa/orca/src/libigl -isystem /Users/runner/work/Orca-iOS-ipa/Orca-iOS-ipa/ios-prefix/usr/local/include/opencascade -isystem /Users/runner/work/Orca-iOS-ipa/Orca-iOS-ipa/ios-prefix/usr/local/include/eigen3 -isystem /Users/runner/work/Orca-iOS-ipa/Orca-iOS-ipa/orca/deps_src/admesh -isystem /Users/runner/work/Orca-iOS-ipa/Orca-iOS-ipa/orca/deps_src/admesh/.. -isystem /Users/runner/work/Orca-iOS-ipa/Orca-iOS-ipa/orca/deps_src/libigl -isystem /Users/runner/work/Orca-iOS-ipa/Orca-iOS-ipa/orca/deps_src/libnest2d/include -isystem /Users/runner/work/Orca-iOS-ipa/Orca-iOS-ipa/ios-prefix/usr/local/include -isystem /Users/runner/work/Orca-iOS-ipa/Orca-iOS-ipa/orca/deps_src/miniz -isystem /Users/runner/work/Orca-iOS-ipa/Orca-iOS-ipa/ios-prefix/usr/local/include/opencv4 -isystem /Users/runner/work/Orca-iOS-ipa/Orca-iOS-ipa/orca/deps_src/imgui -isystem /Users/runner/work/Orca-iOS-ipa/Orca-iOS-ipa/orca/deps_src/imguizmo -isystem /Users/runner/work/Orca-iOS-ipa/Orca-iOS-ipa/orca/deps_src/minilzo -isystem /Users/runner/work/Orca-iOS-ipa/Orca-iOS-ipa/orca/deps_src/hidapi/include -isystem /Users/runner/work/Orca-iOS-ipa/Orca-iOS-ipa/orca/deps_src/mdns -isystem /Users/runner/work/Orca-iOS-ipa/Orca-iOS-ipa/wx-prefix/lib/wx/include/osx_iphone-unicode-static-3.3 -isystem /Users/runner/work/Orca-iOS-ipa/Orca-iOS-ipa/wx-prefix/include/wx-3.3 -Wall -Wno-reorder -Werror=partial-availability -Werror=unguarded-availability -Werror=unguarded-availability-new -O3 -DNDEBUG -std=gnu++17 -arch arm64 -isysroot /Applications/Xcode_16.4.app/Contents/Developer/Platforms/iPhoneSimulator.platform/Developer/SDKs/iPhoneSimulator18.5.sdk -mios-simulator-version-min=17.0 -fPIC -fsigned-char -Werror=return-type -Wno-unused-function -Wno-unused-variable -Wno-unused-but-set-variable -Wno-unused-label -Wno-unused-local-typedefs -Wno-sign-compare -Wno-misleading-indentation -Wno-switch -Wno-ignored-attributes -Wno-deprecated-declarations -Wno-error=enum-constexpr-conversion -Winvalid-pch -Xclang -include-pch -Xclang /Users/runner/work/Orca-iOS-ipa/Orca-iOS-ipa/orca/build/src/slic3r/CMakeFiles/libslic3r_gui.dir/cmake_pch.hxx.pch -Xclang -include -Xclang /Users/runner/work/Orca-iOS-ipa/Orca-iOS-ipa/orca/build/src/slic3r/CMakeFiles/libslic3r_gui.dir/cmake_pch.hxx -MD -MT src/slic3r/CMakeFiles/libslic3r_gui.dir/GUI/3DScene.cpp.o -MF src/slic3r/CMakeFiles/libslic3r_gui.dir/GUI/3DScene.cpp.o.d -o src/slic3r/CMakeFiles/libslic3r_gui.dir/GUI/3DScene.cpp.o -c /Users/runner/work/Orca-iOS-ipa/Orca-iOS-ipa/orca/src/slic3r/GUI/3DScene.cpp
2261-In file included from /Users/runner/work/Orca-iOS-ipa/Orca-iOS-ipa/orca/src/slic3r/GUI/3DScene.cpp:5:
2262-In file included from /Users/runner/work/Orca-iOS-ipa/Orca-iOS-ipa/orca/src/slic3r/GUI/GUI_App.hpp:18:
2263-In file included from /Users/runner/work/Orca-iOS-ipa/Orca-iOS-ipa/orca/src/slic3r/GUI/BindDialog.hpp:20:
2264:/Users/runner/work/Orca-iOS-ipa/Orca-iOS-ipa/orca/src/slic3r/GUI/wxExtensions.hpp:94:64: error: expected class name
2265-   94 | class wxCheckListBoxComboPopup : public wxCheckListBox, public wxComboPopup
2266-      |                                                                ^
2267:/Users/runner/work/Orca-iOS-ipa/Orca-iOS-ipa/orca/src/slic3r/GUI/wxExtensions.hpp:132:71: error: expected class name
2268-  132 | class wxDataViewTreeCtrlComboPopup: public wxDataViewTreeCtrl, public wxComboPopup
2269-      |                                                                       ^
2270-In file included from /Users/runner/work/Orca-iOS-ipa/Orca-iOS-ipa/orca/src/slic3r/GUI/3DScene.cpp:5:
2271-In file included from /Users/runner/work/Orca-iOS-ipa/Orca-iOS-ipa/orca/src/slic3r/